leeway build components/blobserve:docker -Dversion=20230512
[32mðŸ“¦  cached locally[0m  components/common-go:lib               [90m(version d2afc756bfcf06513bbc04430c1cffbe52f340fe)[0m
[32mðŸ“¦  cached locally[0m  components/registry-facade-api/go:lib  [90m(version 11d9730b48b27fad322e28b6a16b495e98e43527)[0m
[33mðŸ”§  build[0m           components/blobserve:app               [90m(version f11e41a411b6300ae7a8f6b5545f0e92bf7a356a)[0m
[33mðŸ”§  build[0m           components/blobserve:docker            [90m(version 8bae6ab6b8841284f019d2469613c7b8254477d7)[0m
[33mðŸ”§  build[0m           components/registry-facade:lib         [90m(version f17d2b5ceb0629422c004f66a9e5d290873fc317)[0m

[90m[components/registry-facade:lib] [0m[33mbuild started[0m [0;90m(version f17d2b5ceb0629422c004f66a9e5d290873fc317)[0m
[90m[components/registry-facade:lib] [0m# github.com/lucas-clemente/quic-go/internal/qtls
[90m[components/registry-facade:lib] [0m/root/go/pkg/mod/github.com/lucas-clemente/quic-go@v0.29.1/internal/qtls/go120.go:5:13: cannot use "The version of quic-go you're using can't be built on Go 1.20 yet. For more details, please see https://github.com/lucas-clemente/quic-go/wiki/quic-go-and-Go-versions." (untyped string constant "The version of quic-go you're using can't be built on Go 1.20 yet. F...) as int value in variable declaration
[90m[components/registry-facade:lib] [0mFAIL	github.com/gitpod-io/gitpod/registry-facade/pkg/registry [build failed]
[90m[components/registry-facade:lib] [0m?   	github.com/gitpod-io/gitpod/registry-facade/pkg/registry/mock	[no test files]
[90m[components/registry-facade:lib] [0mFAIL
[90m[components/registry-facade:lib] [0m[0;31mpackage build failed[0m
[90m[components/registry-facade:lib] [0m[1;37mReason:[0m exit status 1
[0;31mbuild failed[0m
[1;37mReason:[0m build failed
time="2023-05-12T09:59:13Z" level=fatal msg="build failed"
leeway build components/content-service:docker -Dversion=20230512
[32mðŸ“¦  cached locally[0m  components/common-go:lib               [90m(version d2afc756bfcf06513bbc04430c1cffbe52f340fe)[0m
[32mðŸ“¦  cached locally[0m  components/content-service-api/go:lib  [90m(version 96c22b2ddc7509c580fb952baff56c3a8bfd632d)[0m
[32mðŸ“¦  cached locally[0m  components/content-service:app         [90m(version e36b3a19d8d8ea53d07cf14099cf575b19f2e02e)[0m
[32mðŸ“¦  cached locally[0m  components/content-service:docker      [90m(version 9a708f9aa03580ef49b725161ac328315f3d6e22)[0m


[0;32mbuild succeded[0m
leeway build components/dashboard:docker -Dversion=20230512
[32mðŸ“¦  cached locally[0m  components/dashboard:app                  [90m(version eb31b40fcdeadcd61c683f0c1c8d1544f130f10a)[0m
[32mðŸ“¦  cached locally[0m  components/dashboard:docker               [90m(version c0cfe5394acab7d331266d61e2a68a0a2e29f850)[0m
[32mðŸ“¦  cached locally[0m  components/dashboard:static               [90m(version 2c1a15581cfbc93dedbf573fe503e13c4dcc4312)[0m
[32mðŸ“¦  cached locally[0m  components/gitpod-protocol:gitpod-schema  [90m(version 3832e8872d751eca5bd2028c5a907c6b266c75c3)[0m
[32mðŸ“¦  cached locally[0m  components/gitpod-protocol:lib            [90m(version 6f50f84f6d574c1dae5f44fabf7fd3a6af9537d1)[0m
[32mðŸ“¦  cached locally[0m  components/public-api/typescript:lib      [90m(version 7a7d860801660f8e249d23ef7840745c85733143)[0m


[0;32mbuild succeded[0m
leeway build components/docker-up:docker -Dversion=20230512
[32mðŸ“¦  cached locally[0m  components/common-go:lib              [90m(version d2afc756bfcf06513bbc04430c1cffbe52f340fe)[0m
[32mðŸ“¦  cached locally[0m  components/docker-up:app              [90m(version 5ad1970e603efa137381e716b4c359fa46773ece)[0m
[32mðŸ“¦  cached locally[0m  components/docker-up:bin-docker-up    [90m(version 80139dcb1af791d0b67a4c33c44e489d0f04bc2b)[0m
[32mðŸ“¦  cached locally[0m  components/docker-up:bin-runc-facade  [90m(version b2ae036099bbf3cd9877da0160c7c365c97f1b6f)[0m
[32mðŸ“¦  cached locally[0m  components/docker-up:docker           [90m(version 040663dd0c5adb0ac37ff88225d2665e3a04c5e4)[0m


[0;32mbuild succeded[0m
leeway build components/ee/agent-smith:docker -Dversion=20230512
[32mðŸ“¦  cached locally[0m  components/common-go:lib                  [90m(version d2afc756bfcf06513bbc04430c1cffbe52f340fe)[0m
[32mðŸ“¦  cached locally[0m  components/ee/agent-smith:app             [90m(version 4778616f8d70fe71af3c096b032cd66bf1ba64cb)[0m
[32mðŸ“¦  cached locally[0m  components/ee/agent-smith:docker          [90m(version 29f5486df4f59ee4082ef1bb2cf060be153a377c)[0m
[32mðŸ“¦  cached locally[0m  components/gitpod-protocol/go:lib         [90m(version 1fa3b26ccbc90832d264edf62bd3340753bb23f7)[0m
[32mðŸ“¦  cached locally[0m  components/gitpod-protocol:gitpod-schema  [90m(version 3832e8872d751eca5bd2028c5a907c6b266c75c3)[0m
[32mðŸ“¦  cached locally[0m  dev/addlicense:app                        [90m(version c322ba901584f00744aef2db3f81d8d0e5c0512b)[0m


[0;32mbuild succeded[0m
leeway build components/gitpod-db:docker -Dversion=20230512
[32mðŸ“¦  cached locally[0m  components/gitpod-db:docker      [90m(version e62cf0250951f21302e748079a00b41fc27e9f76)[0m
[32mðŸ“¦  cached locally[0m  components/gitpod-db:migrations  [90m(version 34f80a73a6c06eda6f683bc8c8df805c6cf4c555)[0m
[32mðŸ“¦  cached locally[0m  components/gitpod-protocol:lib   [90m(version 6f50f84f6d574c1dae5f44fabf7fd3a6af9537d1)[0m


[0;32mbuild succeded[0m
leeway build components/ide-metrics:docker -Dversion=20230512
[32mðŸ“¦  cached locally[0m  components/common-go:lib           [90m(version d2afc756bfcf06513bbc04430c1cffbe52f340fe)[0m
[32mðŸ“¦  cached locally[0m  components/ide-metrics-api/go:lib  [90m(version 9cc726e368042408982db42a00c99ae057d0c188)[0m
[32mðŸ“¦  cached locally[0m  components/ide-metrics:app         [90m(version eaedb1745387855cb52193d3fd4a2e63a03573af)[0m
[32mðŸ“¦  cached locally[0m  components/ide-metrics:docker      [90m(version 3d2d838c5b0e204985171645017e38f87e9c8b58)[0m


[0;32mbuild succeded[0m
leeway build components/ide-proxy:docker -Dversion=20230512
[32mðŸ“¦  cached locally[0m  components/gitpod-protocol/go:lib         [90m(version 1fa3b26ccbc90832d264edf62bd3340753bb23f7)[0m
[32mðŸ“¦  cached locally[0m  components/gitpod-protocol:gitpod-schema  [90m(version 3832e8872d751eca5bd2028c5a907c6b266c75c3)[0m
[32mðŸ“¦  cached locally[0m  components/ide-proxy:docker               [90m(version 7a401620966c9cf0e5b420da12f1ac647eb18516)[0m
[32mðŸ“¦  cached locally[0m  components/local-app-api/go:lib           [90m(version e2bea9208fc0994d3cfcd8c56030b594bb4ab9c6)[0m
[32mðŸ“¦  cached locally[0m  components/local-app:app                  [90m(version 55adf583bb19af8454b1c97dbaa98a8fbc61dad9)[0m
[32mðŸ“¦  cached locally[0m  components/local-app:app-darwin-amd64     [90m(version 48242d69d41a941ad48a3f1e45909eeed0395791)[0m
[32mðŸ“¦  cached locally[0m  components/local-app:app-darwin-arm64     [90m(version 919408b918994091cf3f667ab824544f51e39f8a)[0m
[32mðŸ“¦  cached locally[0m  components/local-app:app-linux-amd64      [90m(version ac80371009fdfd2f0f123b5b5e35f437a944d1cd)[0m
[32mðŸ“¦  cached locally[0m  components/local-app:app-linux-arm64      [90m(version 91b74847b1beb5e6135dfb2eb66eb8c97432a50a)[0m
[32mðŸ“¦  cached locally[0m  components/local-app:app-windows-386      [90m(version 4cbb41883b8356f8f8c2a1c63b60abe9c892386c)[0m
[32mðŸ“¦  cached locally[0m  components/local-app:app-windows-amd64    [90m(version 6b0aec6e60eadcf7a44d626f9da5bb92bedc56d9)[0m
[32mðŸ“¦  cached locally[0m  components/local-app:app-windows-arm64    [90m(version c958d6765a57b80eaf7ebcfd775a879f13fd195d)[0m
[32mðŸ“¦  cached locally[0m  components/supervisor-api/go:lib          [90m(version 6505b1a01e6e7b434713f4944dcab84b18d89b56)[0m
[32mðŸ“¦  cached locally[0m  dev/addlicense:app                        [90m(version c322ba901584f00744aef2db3f81d8d0e5c0512b)[0m


[0;32mbuild succeded[0m
leeway build components/ide-service:docker -Dversion=20230512
[32mðŸ“¦  cached locally[0m  components/common-go:lib                  [90m(version d2afc756bfcf06513bbc04430c1cffbe52f340fe)[0m
[32mðŸ“¦  cached locally[0m  components/gitpod-protocol/go:lib         [90m(version 1fa3b26ccbc90832d264edf62bd3340753bb23f7)[0m
[32mðŸ“¦  cached locally[0m  components/gitpod-protocol:gitpod-schema  [90m(version 3832e8872d751eca5bd2028c5a907c6b266c75c3)[0m
[32mðŸ“¦  cached locally[0m  components/ide-service-api/go:lib         [90m(version a67372d5dbb194c6defe7ca7c40fbda64e606d18)[0m
[32mðŸ“¦  cached locally[0m  components/ide-service:app                [90m(version 585782075be9225498bd4f9455cb8765b1108922)[0m
[32mðŸ“¦  cached locally[0m  components/ide-service:docker             [90m(version 5f917a743d0aa444551ee92902ed9f8f3e4c34c9)[0m
[32mðŸ“¦  cached locally[0m  dev/addlicense:app                        [90m(version c322ba901584f00744aef2db3f81d8d0e5c0512b)[0m


[0;32mbuild succeded[0m
leeway build components/ide/code-desktop:docker -Dversion=20230512
[32mðŸ“¦  cached locally[0m  components/common-go:lib                [90m(version d2afc756bfcf06513bbc04430c1cffbe52f340fe)[0m
[32mðŸ“¦  cached locally[0m  components/ide/code-desktop/status:app  [90m(version 0fde8a9fca83f3981889b144e29bd50ed088d067)[0m
[32mðŸ“¦  cached locally[0m  components/ide/code-desktop:docker      [90m(version 624fe0787fb1ca95ac42d0fab18596b4be4a31ce)[0m
[32mðŸ“¦  cached locally[0m  components/supervisor-api/go:lib        [90m(version 6505b1a01e6e7b434713f4944dcab84b18d89b56)[0m


[0;32mbuild succeded[0m
leeway build components/ide/code/codehelper:docker -Dversion=20230512
[32mðŸ“¦  cached locally[0m  components/common-go:lib                  [90m(version d2afc756bfcf06513bbc04430c1cffbe52f340fe)[0m
[32mðŸ“¦  cached locally[0m  components/gitpod-protocol/go:lib         [90m(version 1fa3b26ccbc90832d264edf62bd3340753bb23f7)[0m
[32mðŸ“¦  cached locally[0m  components/gitpod-protocol:gitpod-schema  [90m(version 3832e8872d751eca5bd2028c5a907c6b266c75c3)[0m
[32mðŸ“¦  cached locally[0m  components/ide/code/codehelper:app        [90m(version 846703662775c6dbba180e1483a16ed23e7a100b)[0m
[32mðŸ“¦  cached locally[0m  components/ide/code/codehelper:docker     [90m(version 301f2d880be34e406749fcd22e89af328c968b7b)[0m
[32mðŸ“¦  cached locally[0m  components/supervisor-api/go:lib          [90m(version 6505b1a01e6e7b434713f4944dcab84b18d89b56)[0m
[32mðŸ“¦  cached locally[0m  dev/addlicense:app                        [90m(version c322ba901584f00744aef2db3f81d8d0e5c0512b)[0m


[0;32mbuild succeded[0m
leeway build components/ide/code:docker -Dversion=20230512
[32mðŸ“¦  cached locally[0m  components/ide/code:docker  [90m(version 294fa29b2ada05f9cc7c1b4a9c3e6a49f7fd9b34)[0m


[0;32mbuild succeded[0m
leeway build components/ide/jetbrains/backend-plugin:docker -Dversion=20230512
[32mðŸ“¦  cached locally[0m  components/gitpod-protocol/java:lib                    [90m(version bbe33c90d80f744ab7a0bde6219e3a6f41bc6046)[0m
[32mðŸ“¦  cached locally[0m  components/ide/jetbrains/backend-plugin:docker         [90m(version a02bf6475cad6cb76f0e1c23f212e0634ad2d3dd)[0m
[32mðŸ“¦  cached locally[0m  components/ide/jetbrains/backend-plugin:latest         [90m(version 1edf02d07b86ca453f63e2ea3026aa2e8538f3e6)[0m
[32mðŸ“¦  cached locally[0m  components/ide/jetbrains/backend-plugin:plugin-latest  [90m(version 898c065e8968c510425c7bd718b1d62743b26f3e)[0m
[32mðŸ“¦  cached locally[0m  components/ide/jetbrains/backend-plugin:plugin-stable  [90m(version a33a8748d9807e6dc7ef000648328f32a7e95970)[0m
[32mðŸ“¦  cached locally[0m  components/ide/jetbrains/backend-plugin:stable         [90m(version 0715c43b9f4457f9eeafb85d44162b5373bc6e0c)[0m
[32mðŸ“¦  cached locally[0m  components/supervisor-api/java:lib                     [90m(version 24d907858b604f7907d2487a27f1b602b6727d4b)[0m
[32mðŸ“¦  cached locally[0m  components/supervisor-api:java                         [90m(version ab87682011b972d51a1fde0730ee69cf70c2bdf0)[0m


[0;32mbuild succeded[0m
leeway build components/ide/jetbrains/image:docker -Dversion=20230512
[32mðŸ“¦  cached locally[0m  components/ide/jetbrains/cli:app                         [90m(version 95c0c1a1b96c7e02fc109e89746d25932314cfb7)[0m
[32mðŸ“¦  cached locally[0m  components/ide/jetbrains/image:download-clion            [90m(version 4d847f2e77f992418ad992e927c96f2112619e41)[0m
[32mðŸ“¦  cached locally[0m  components/ide/jetbrains/image:download-clion-latest     [90m(version 0c35df7e266553bc60291309fc8cc06865dad003)[0m
[32mðŸ“¦  cached locally[0m  components/ide/jetbrains/image:download-goland           [90m(version 2423ff4f94a6effca119ef009c149998caedf246)[0m
[32mðŸ“¦  cached locally[0m  components/ide/jetbrains/image:download-goland-latest    [90m(version 999b8911d6d1981a3720d1c4bfaf2b5cbd4bb73c)[0m
[32mðŸ“¦  cached locally[0m  components/ide/jetbrains/image:download-intellij         [90m(version c7403349757161e7fa18bc085fea3116f36b92bb)[0m
[32mðŸ“¦  cached locally[0m  components/ide/jetbrains/image:download-intellij-latest  [90m(version ab5c403aad95043ad9bccf7abb4ec77b43a27de7)[0m
[32mðŸ“¦  cached locally[0m  components/ide/jetbrains/image:download-phpstorm         [90m(version 5d78a4db1500eb05e74e1647d1baa40c810da33d)[0m
[32mðŸ“¦  cached locally[0m  components/ide/jetbrains/image:download-phpstorm-latest  [90m(version 8783cc40a9ad437461a7771f427d01ee6e361a23)[0m
[32mðŸ“¦  cached locally[0m  components/ide/jetbrains/image:download-pycharm          [90m(version 81f9cfe0e3efa6387c627146a71159ac3b63950d)[0m
[32mðŸ“¦  cached locally[0m  components/ide/jetbrains/image:download-pycharm-latest   [90m(version 9a6044003618b90931f8a4890331d0c7a88d5b0a)[0m
[32mðŸ“¦  cached locally[0m  components/ide/jetbrains/image:download-rider            [90m(version f1859f8ec3afcb7a40cdffcf55930fa0817694b0)[0m
[32mðŸ“¦  cached locally[0m  components/ide/jetbrains/image:download-rider-latest     [90m(version 8c6214abedd1c321ccf24f8a7f1c46540e0b6826)[0m
[32mðŸ“¦  cached locally[0m  components/ide/jetbrains/image:download-rubymine         [90m(version b590a86b7f947262dd1645ef1b36775ca4bb2157)[0m
[32mðŸ“¦  cached locally[0m  components/ide/jetbrains/image:download-rubymine-latest  [90m(version d715ae658a99d98e7e9c36008e8a63250ec7e0f7)[0m
[32mðŸ“¦  cached locally[0m  components/ide/jetbrains/image:download-webstorm         [90m(version 7cffd4570bfd59e1ebab36bd2b77d3e2d62a0dcc)[0m
[32mðŸ“¦  cached locally[0m  components/ide/jetbrains/image:download-webstorm-latest  [90m(version ec74150192bf6796d57baf02171d0f13dadde39b)[0m
[33mðŸ”§  build[0m           components/ide/jetbrains/image:clion                     [90m(version f4ced1c393b83dd2d8e08f2153da0bf77d01689f)[0m
[33mðŸ”§  build[0m           components/ide/jetbrains/image:clion-latest              [90m(version 40d9e2c5339a38a99532d54d11d26d2eefc88afc)[0m
[33mðŸ”§  build[0m           components/ide/jetbrains/image:docker                    [90m(version ad29da0bc2785410b63d0478268056fa2b7bfbd4)[0m
[33mðŸ”§  build[0m           components/ide/jetbrains/image:goland                    [90m(version a7c18f67e8e38b6e2504f626a8cb330b7a144615)[0m
[33mðŸ”§  build[0m           components/ide/jetbrains/image:goland-latest             [90m(version d86beace9eef46bdf5ecde044156fb457bfc4ed8)[0m
[33mðŸ”§  build[0m           components/ide/jetbrains/image:intellij                  [90m(version 7b60384ee6806df6b66a33cf010196edd36a25ab)[0m
[33mðŸ”§  build[0m           components/ide/jetbrains/image:intellij-latest           [90m(version 420d4388f2641e3e7faa020ab55e294110d03f5e)[0m
[33mðŸ”§  build[0m           components/ide/jetbrains/image:phpstorm                  [90m(version 059c93c98ce238bbfd0de41f5f6c6d8ce5f1c9b7)[0m
[33mðŸ”§  build[0m           components/ide/jetbrains/image:phpstorm-latest           [90m(version 59ed4c320a8be8e17c1748b2ccaef527db761128)[0m
[33mðŸ”§  build[0m           components/ide/jetbrains/image:pycharm                   [90m(version 77fca91bd893a905df3c30fdab3326ceefe37c45)[0m
[33mðŸ”§  build[0m           components/ide/jetbrains/image:pycharm-latest            [90m(version 392cb54ea416f417d4922dc4b68882cd62b81e2d)[0m
[33mðŸ”§  build[0m           components/ide/jetbrains/image:rider                     [90m(version ba627801e62f3ea3a4d479ef97e56a532127e131)[0m
[33mðŸ”§  build[0m           components/ide/jetbrains/image:rider-latest              [90m(version 46e0a93cf051dafe5eb5821b547a4cc7d63f7289)[0m
[33mðŸ”§  build[0m           components/ide/jetbrains/image:rubymine                  [90m(version 0b166f3d60f6934ed8aee9895c129c78ad46efdf)[0m
[33mðŸ”§  build[0m           components/ide/jetbrains/image:rubymine-latest           [90m(version a6d3afbe5255a465c0db1e9f98dd73578037c0e6)[0m
[33mðŸ”§  build[0m           components/ide/jetbrains/image:webstorm                  [90m(version 705b6376794c7eb5c4f9a682d5d44dc00f4962ff)[0m
[33mðŸ”§  build[0m           components/ide/jetbrains/image:webstorm-latest           [90m(version 71a69da8da0ec484db76c28969d2beafbf0a593f)[0m

[90m[components/ide/jetbrains/image:intellij-latest] [0m[33mbuild started[0m [0;90m(version 420d4388f2641e3e7faa020ab55e294110d03f5e)[0m
[90m[components/ide/jetbrains/image:rubymine] [0m[90m[components/ide/jetbrains/image:rubymine-latest] [0m[33mbuild started[0m [0;90m(version a6d3afbe5255a465c0db1e9f98dd73578037c0e6)[0m
[90m[components/ide/jetbrains/image:goland] [0m[33mbuild started[0m [0;90m(version a7c18f67e8e38b6e2504f626a8cb330b7a144615)[0m
[90m[components/ide/jetbrains/image:rider] [0m[33mbuild started[0m [0;90m(version ba627801e62f3ea3a4d479ef97e56a532127e131)[0m
[90m[components/ide/jetbrains/image:phpstorm-latest] [0m[33mbuild started[0m [0;90m(version 59ed4c320a8be8e17c1748b2ccaef527db761128)[0m
[90m[components/ide/jetbrains/image:phpstorm] [0m[33mbuild started[0m [0;90m(version 059c93c98ce238bbfd0de41f5f6c6d8ce5f1c9b7)[0m
[90m[components/ide/jetbrains/image:clion] [0m[33mbuild started[0m [0;90m(version f4ced1c393b83dd2d8e08f2153da0bf77d01689f)[0m
[90m[components/ide/jetbrains/image:goland-latest] [0m[33mbuild started[0m [0;90m(version d86beace9eef46bdf5ecde044156fb457bfc4ed8)[0m
[90m[components/ide/jetbrains/image:webstorm-latest] [0m[33mbuild started[0m [0;90m(version 71a69da8da0ec484db76c28969d2beafbf0a593f)[0m
[90m[components/ide/jetbrains/image:clion-latest] [0m[33mbuild started[0m [0;90m(version 40d9e2c5339a38a99532d54d11d26d2eefc88afc)[0m
[90m[components/ide/jetbrains/image:webstorm] [0m[33mbuild started[0m [0;90m(version 705b6376794c7eb5c4f9a682d5d44dc00f4962ff)[0m
[90m[components/ide/jetbrains/image:pycharm] [0m[33mbuild started[0m [0;90m(version 77fca91bd893a905df3c30fdab3326ceefe37c45)[0m
[90m[components/ide/jetbrains/image:rider-latest] [0m[33mbuild started[0m [0;90m(version 46e0a93cf051dafe5eb5821b547a4cc7d63f7289)[0m
[90m[components/ide/jetbrains/image:pycharm-latest] [0m[33mbuild started[0m [0;90m(version 392cb54ea416f417d4922dc4b68882cd62b81e2d)[0m
[33mbuild started[0m [0;90m(version 0b166f3d60f6934ed8aee9895c129c78ad46efdf)[0m
[90m[components/ide/jetbrains/image:intellij] [0m[33mbuild started[0m [0;90m(version 7b60384ee6806df6b66a33cf010196edd36a25ab)[0m
[90m[components/ide/jetbrains/image:goland] [0m#1 [internal] load .dockerignore
[90m[components/ide/jetbrains/image:goland] [0m#1 transferring context: 2B done
[90m[components/ide/jetbrains/image:goland] [0m#1 DONE 0.7s
[90m[components/ide/jetbrains/image:goland] [0m
[90m[components/ide/jetbrains/image:goland] [0m#2 [internal] load build definition from Dockerfile
[90m[components/ide/jetbrains/image:goland] [0m#2 transferring dockerfile: 1.19kB 0.0s done
[90m[components/ide/jetbrains/image:goland] [0m#2 DONE 0.8s
[90m[components/ide/jetbrains/image:goland] [0m
[90m[components/ide/jetbrains/image:goland] [0m#3 [internal] load metadata for cgr.dev/chainguard/wolfi-base:latest@sha256:153c0ba4dd4ef9272ed7440e8f2ffa233b09de3e24a36b490d2a10d750aaaddf
[90m[components/ide/jetbrains/image:goland] [0m#3 DONE 2.4s
[90m[components/ide/jetbrains/image:goland] [0m
[90m[components/ide/jetbrains/image:goland] [0m#4 [base_builder 1/2] FROM cgr.dev/chainguard/wolfi-base:latest@sha256:153c0ba4dd4ef9272ed7440e8f2ffa233b09de3e24a36b490d2a10d750aaaddf
[90m[components/ide/jetbrains/image:goland] [0m#4 DONE 0.0s
[90m[components/ide/jetbrains/image:goland] [0m
[90m[components/ide/jetbrains/image:goland] [0m#5 [internal] load build context
[90m[components/ide/jetbrains/image:goland] [0m#5 transferring context: 250.44kB 0.2s done
[90m[components/ide/jetbrains/image:goland] [0m#5 DONE 1.2s
[90m[components/ide/jetbrains/image:goland] [0m
[90m[components/ide/jetbrains/image:goland] [0m#6 [base_builder 2/2] RUN mkdir /ide-desktop
[90m[components/ide/jetbrains/image:goland] [0m#6 CACHED
[90m[components/ide/jetbrains/image:goland] [0m
[90m[components/ide/jetbrains/image:goland] [0m#7 [stage-1 1/4] COPY --from=base_builder --chown=33333:33333 /ide-desktop/ /ide-desktop/
[90m[components/ide/jetbrains/image:goland] [0m#7 CACHED
[90m[components/ide/jetbrains/image:goland] [0m
[90m[components/ide/jetbrains/image:goland] [0m#8 [stage-1 2/4] COPY --chown=33333:33333 supervisor-ide-config_goland.json /ide-desktop/supervisor-ide-config.json
[90m[components/ide/jetbrains/image:goland] [0m#8 CACHED
[90m[components/ide/jetbrains/image:goland] [0m
[90m[components/ide/jetbrains/image:goland] [0m#9 [stage-1 3/4] COPY --chown=33333:33333 components-ide-jetbrains-image--download-goland/backend /ide-desktop/goland/backend
[90m[components/ide/jetbrains/image:goland] [0m#9 CACHED
[90m[components/ide/jetbrains/image:goland] [0m
[90m[components/ide/jetbrains/image:goland] [0m#10 [stage-1 4/4] COPY --chown=33333:33333 components-ide-jetbrains-cli--app/cli /ide-desktop/goland/bin/idea-cli
[90m[components/ide/jetbrains/image:goland] [0m#10 CACHED
[90m[components/ide/jetbrains/image:goland] [0m
[90m[components/ide/jetbrains/image:goland] [0m#11 exporting to image
[90m[components/ide/jetbrains/image:goland] [0m#11 exporting layers done
[90m[components/ide/jetbrains/image:goland] [0m#11 writing image sha256:270c8f58f8f37469dc60593f6b63b223730600404bdbac4736f29d22da6f4d86 0.0s done
[90m[components/ide/jetbrains/image:goland] [0m#11 naming to docker.io/library/a7c18f67e8e38b6e2504f626a8cb330b7a144615
[90m[components/ide/jetbrains/image:goland] [0m#11 naming to docker.io/library/a7c18f67e8e38b6e2504f626a8cb330b7a144615 done
[90m[components/ide/jetbrains/image:goland] [0m#11 DONE 0.0s
[90m[components/ide/jetbrains/image:webstorm] [0m#1 [internal] load build definition from Dockerfile
[90m[components/ide/jetbrains/image:webstorm] [0m#1 transferring dockerfile: 1.19kB done
[90m[components/ide/jetbrains/image:webstorm] [0m#1 DONE 0.5s
[90m[components/ide/jetbrains/image:webstorm] [0m
[90m[components/ide/jetbrains/image:webstorm] [0m#2 [internal] load .dockerignore
[90m[components/ide/jetbrains/image:webstorm] [0m#2 transferring context: 2B 0.1s done
[90m[components/ide/jetbrains/image:webstorm] [0m#2 DONE 0.4s
[90m[components/ide/jetbrains/image:webstorm] [0m
[90m[components/ide/jetbrains/image:webstorm] [0m#3 [internal] load metadata for cgr.dev/chainguard/wolfi-base:latest@sha256:153c0ba4dd4ef9272ed7440e8f2ffa233b09de3e24a36b490d2a10d750aaaddf
[90m[components/ide/jetbrains/image:webstorm] [0m#3 DONE 0.0s
[90m[components/ide/jetbrains/image:webstorm] [0m
[90m[components/ide/jetbrains/image:webstorm] [0m#4 [base_builder 1/2] FROM cgr.dev/chainguard/wolfi-base:latest@sha256:153c0ba4dd4ef9272ed7440e8f2ffa233b09de3e24a36b490d2a10d750aaaddf
[90m[components/ide/jetbrains/image:webstorm] [0m#4 DONE 0.0s
[90m[components/ide/jetbrains/image:webstorm] [0m
[90m[components/ide/jetbrains/image:webstorm] [0m#5 [internal] load build context
[90m[components/ide/jetbrains/image:webstorm] [0m#5 transferring context: 274.36kB 0.2s done
[90m[components/ide/jetbrains/image:webstorm] [0m#5 DONE 0.3s
[90m[components/ide/jetbrains/image:webstorm] [0m
[90m[components/ide/jetbrains/image:webstorm] [0m#6 [base_builder 2/2] RUN mkdir /ide-desktop
[90m[components/ide/jetbrains/image:webstorm] [0m#6 CACHED
[90m[components/ide/jetbrains/image:webstorm] [0m
[90m[components/ide/jetbrains/image:webstorm] [0m#7 [stage-1 1/4] COPY --from=base_builder --chown=33333:33333 /ide-desktop/ /ide-desktop/
[90m[components/ide/jetbrains/image:webstorm] [0m#7 CACHED
[90m[components/ide/jetbrains/image:webstorm] [0m
[90m[components/ide/jetbrains/image:webstorm] [0m#8 [stage-1 2/4] COPY --chown=33333:33333 supervisor-ide-config_webstorm.json /ide-desktop/supervisor-ide-config.json
[90m[components/ide/jetbrains/image:webstorm] [0m#8 CACHED
[90m[components/ide/jetbrains/image:webstorm] [0m
[90m[components/ide/jetbrains/image:webstorm] [0m#9 [stage-1 3/4] COPY --chown=33333:33333 components-ide-jetbrains-image--download-webstorm/backend /ide-desktop/webstorm/backend
[90m[components/ide/jetbrains/image:webstorm] [0m#9 CACHED
[90m[components/ide/jetbrains/image:webstorm] [0m
[90m[components/ide/jetbrains/image:webstorm] [0m#10 [stage-1 4/4] COPY --chown=33333:33333 components-ide-jetbrains-cli--app/cli /ide-desktop/webstorm/bin/idea-cli
[90m[components/ide/jetbrains/image:webstorm] [0m#10 CACHED
[90m[components/ide/jetbrains/image:webstorm] [0m
[90m[components/ide/jetbrains/image:webstorm] [0m#11 exporting to image
[90m[components/ide/jetbrains/image:webstorm] [0m#11 exporting layers done
[90m[components/ide/jetbrains/image:webstorm] [0m#11 writing image sha256:b15296e0c2b497ac75b70d602de8fd15c57cd1a72d8a26a2794311f111c10f13 0.0s done
[90m[components/ide/jetbrains/image:webstorm] [0m#11 naming to docker.io/library/705b6376794c7eb5c4f9a682d5d44dc00f4962ff
[90m[components/ide/jetbrains/image:webstorm] [0m#11 naming to docker.io/library/705b6376794c7eb5c4f9a682d5d44dc00f4962ff done
[90m[components/ide/jetbrains/image:webstorm] [0m#11 DONE 0.0s
[90m[components/ide/jetbrains/image:pycharm] [0m#1 [internal] load .dockerignore
[90m[components/ide/jetbrains/image:pycharm] [0m#1 transferring context: 2B done
[90m[components/ide/jetbrains/image:pycharm] [0m#1 DONE 0.0s
[90m[components/ide/jetbrains/image:pycharm] [0m
[90m[components/ide/jetbrains/image:pycharm] [0m#2 [internal] load build definition from Dockerfile
[90m[components/ide/jetbrains/image:pycharm] [0m#2 transferring dockerfile: 1.19kB done
[90m[components/ide/jetbrains/image:pycharm] [0m#2 DONE 0.0s
[90m[components/ide/jetbrains/image:pycharm] [0m
[90m[components/ide/jetbrains/image:pycharm] [0m#3 [internal] load metadata for cgr.dev/chainguard/wolfi-base:latest@sha256:153c0ba4dd4ef9272ed7440e8f2ffa233b09de3e24a36b490d2a10d750aaaddf
[90m[components/ide/jetbrains/image:pycharm] [0m#3 DONE 0.0s
[90m[components/ide/jetbrains/image:pycharm] [0m
[90m[components/ide/jetbrains/image:pycharm] [0m#4 [base_builder 1/2] FROM cgr.dev/chainguard/wolfi-base:latest@sha256:153c0ba4dd4ef9272ed7440e8f2ffa233b09de3e24a36b490d2a10d750aaaddf
[90m[components/ide/jetbrains/image:pycharm] [0m#4 DONE 0.0s
[90m[components/ide/jetbrains/image:pycharm] [0m
[90m[components/ide/jetbrains/image:pycharm] [0m#5 [internal] load build context
[90m[components/ide/jetbrains/image:phpstorm-latest] [0m#1 [internal] load .dockerignore
[90m[components/ide/jetbrains/image:phpstorm-latest] [0m#1 transferring context:
[90m[components/ide/jetbrains/image:phpstorm-latest] [0m#1 transferring context: 2B 0.0s done
[90m[components/ide/jetbrains/image:phpstorm-latest] [0m#1 DONE 1.1s
[90m[components/ide/jetbrains/image:phpstorm-latest] [0m
[90m[components/ide/jetbrains/image:phpstorm-latest] [0m#2 [internal] load build definition from Dockerfile
[90m[components/ide/jetbrains/image:phpstorm-latest] [0m#2 transferring dockerfile: 1.19kB 0.0s done
[90m[components/ide/jetbrains/image:phpstorm-latest] [0m#2 DONE 1.6s
[90m[components/ide/jetbrains/image:phpstorm-latest] [0m
[90m[components/ide/jetbrains/image:phpstorm-latest] [0m#3 [internal] load metadata for cgr.dev/chainguard/wolfi-base:latest@sha256:153c0ba4dd4ef9272ed7440e8f2ffa233b09de3e24a36b490d2a10d750aaaddf
[90m[components/ide/jetbrains/image:phpstorm-latest] [0m#3 DONE 0.0s
[90m[components/ide/jetbrains/image:phpstorm-latest] [0m
[90m[components/ide/jetbrains/image:phpstorm-latest] [0m#4 [base_builder 1/2] FROM cgr.dev/chainguard/wolfi-base:latest@sha256:153c0ba4dd4ef9272ed7440e8f2ffa233b09de3e24a36b490d2a10d750aaaddf
[90m[components/ide/jetbrains/image:phpstorm-latest] [0m#4 DONE 0.0s
[90m[components/ide/jetbrains/image:phpstorm-latest] [0m
[90m[components/ide/jetbrains/image:phpstorm-latest] [0m#5 [internal] load build context
[90m[components/ide/jetbrains/image:phpstorm-latest] [0m#5 transferring context: 301.31kB 0.2s done
[90m[components/ide/jetbrains/image:phpstorm-latest] [0m#5 DONE 0.3s
[90m[components/ide/jetbrains/image:phpstorm-latest] [0m
[90m[components/ide/jetbrains/image:phpstorm-latest] [0m#6 [base_builder 2/2] RUN mkdir /ide-desktop
[90m[components/ide/jetbrains/image:phpstorm-latest] [0m#6 CACHED
[90m[components/ide/jetbrains/image:phpstorm-latest] [0m
[90m[components/ide/jetbrains/image:phpstorm-latest] [0m#7 [stage-1 1/4] COPY --from=base_builder --chown=33333:33333 /ide-desktop/ /ide-desktop/
[90m[components/ide/jetbrains/image:phpstorm-latest] [0m#7 CACHED
[90m[components/ide/jetbrains/image:phpstorm-latest] [0m
[90m[components/ide/jetbrains/image:phpstorm-latest] [0m#8 [stage-1 2/4] COPY --chown=33333:33333 supervisor-ide-config_phpstorm-latest.json /ide-desktop/supervisor-ide-config.json
[90m[components/ide/jetbrains/image:phpstorm-latest] [0m#8 CACHED
[90m[components/ide/jetbrains/image:phpstorm-latest] [0m
[90m[components/ide/jetbrains/image:phpstorm-latest] [0m#9 [stage-1 3/4] COPY --chown=33333:33333 components-ide-jetbrains-image--download-phpstorm-latest/backend /ide-desktop/phpstorm-latest/backend
[90m[components/ide/jetbrains/image:phpstorm-latest] [0m#9 CACHED
[90m[components/ide/jetbrains/image:phpstorm-latest] [0m
[90m[components/ide/jetbrains/image:phpstorm-latest] [0m#10 [stage-1 4/4] COPY --chown=33333:33333 components-ide-jetbrains-cli--app/cli /ide-desktop/phpstorm-latest/bin/idea-cli
[90m[components/ide/jetbrains/image:phpstorm-latest] [0m#10 CACHED
[90m[components/ide/jetbrains/image:phpstorm-latest] [0m
[90m[components/ide/jetbrains/image:phpstorm-latest] [0m#11 exporting to image
[90m[components/ide/jetbrains/image:phpstorm-latest] [0m#11 exporting layers done
[90m[components/ide/jetbrains/image:phpstorm-latest] [0m#11 writing image sha256:751c179b005603ca7bdb828285a05996a7c063f31c31567440ad2770664ff0d1 done
[90m[components/ide/jetbrains/image:phpstorm-latest] [0m#11 naming to docker.io/library/59ed4c320a8be8e17c1748b2ccaef527db761128 0.0s done
[90m[components/ide/jetbrains/image:phpstorm-latest] [0m#11 DONE 0.0s
[90m[components/ide/jetbrains/image:pycharm] [0m#5 transferring context: 1.07MB 0.5s done
[90m[components/ide/jetbrains/image:pycharm] [0m#5 DONE 3.4s
[90m[components/ide/jetbrains/image:pycharm] [0m
[90m[components/ide/jetbrains/image:pycharm] [0m#6 [stage-1 2/4] COPY --chown=33333:33333 supervisor-ide-config_pycharm.json /ide-desktop/supervisor-ide-config.json
[90m[components/ide/jetbrains/image:pycharm] [0m#6 CACHED
[90m[components/ide/jetbrains/image:pycharm] [0m
[90m[components/ide/jetbrains/image:pycharm] [0m#7 [stage-1 3/4] COPY --chown=33333:33333 components-ide-jetbrains-image--download-pycharm/backend /ide-desktop/pycharm/backend
[90m[components/ide/jetbrains/image:pycharm] [0m#7 CACHED
[90m[components/ide/jetbrains/image:pycharm] [0m
[90m[components/ide/jetbrains/image:pycharm] [0m#8 [base_builder 2/2] RUN mkdir /ide-desktop
[90m[components/ide/jetbrains/image:pycharm] [0m#8 CACHED
[90m[components/ide/jetbrains/image:pycharm] [0m
[90m[components/ide/jetbrains/image:pycharm] [0m#9 [stage-1 1/4] COPY --from=base_builder --chown=33333:33333 /ide-desktop/ /ide-desktop/
[90m[components/ide/jetbrains/image:pycharm] [0m#9 CACHED
[90m[components/ide/jetbrains/image:pycharm] [0m
[90m[components/ide/jetbrains/image:pycharm] [0m#10 [stage-1 4/4] COPY --chown=33333:33333 components-ide-jetbrains-cli--app/cli /ide-desktop/pycharm/bin/idea-cli
[90m[components/ide/jetbrains/image:pycharm] [0m#10 CACHED
[90m[components/ide/jetbrains/image:pycharm] [0m
[90m[components/ide/jetbrains/image:pycharm] [0m#11 exporting to image
[90m[components/ide/jetbrains/image:pycharm] [0m#11 exporting layers done
[90m[components/ide/jetbrains/image:pycharm] [0m#11 writing image sha256:02e8c273f26c811516b9bae7cfe11a1c7271e883f7a14f13c1adae565e4d9e02 done
[90m[components/ide/jetbrains/image:pycharm] [0m#11 naming to docker.io/library/77fca91bd893a905df3c30fdab3326ceefe37c45 done
[90m[components/ide/jetbrains/image:pycharm] [0m#11 DONE 0.0s
[90m[components/ide/jetbrains/image:clion] [0m#1 [internal] load .dockerignore
[90m[components/ide/jetbrains/image:clion] [0m#1 transferring context: 2B done
[90m[components/ide/jetbrains/image:clion] [0m#1 DONE 0.0s
[90m[components/ide/jetbrains/image:clion] [0m
[90m[components/ide/jetbrains/image:clion] [0m#2 [internal] load build definition from Dockerfile
[90m[components/ide/jetbrains/image:clion] [0m#2 transferring dockerfile: 1.19kB done
[90m[components/ide/jetbrains/image:clion] [0m#2 DONE 0.0s
[90m[components/ide/jetbrains/image:clion] [0m
[90m[components/ide/jetbrains/image:clion] [0m#3 [internal] load metadata for cgr.dev/chainguard/wolfi-base:latest@sha256:153c0ba4dd4ef9272ed7440e8f2ffa233b09de3e24a36b490d2a10d750aaaddf
[90m[components/ide/jetbrains/image:clion] [0m#3 DONE 0.0s
[90m[components/ide/jetbrains/image:clion] [0m
[90m[components/ide/jetbrains/image:clion] [0m#4 [base_builder 1/2] FROM cgr.dev/chainguard/wolfi-base:latest@sha256:153c0ba4dd4ef9272ed7440e8f2ffa233b09de3e24a36b490d2a10d750aaaddf
[90m[components/ide/jetbrains/image:clion] [0m#4 DONE 0.0s
[90m[components/ide/jetbrains/image:clion] [0m
[90m[components/ide/jetbrains/image:clion] [0m#5 [internal] load build context
[90m[components/ide/jetbrains/image:clion] [0m#5 transferring context: 1.91MB 0.7s done
[90m[components/ide/jetbrains/image:clion] [0m#5 DONE 1.1s
[90m[components/ide/jetbrains/image:clion] [0m
[90m[components/ide/jetbrains/image:clion] [0m#6 [base_builder 2/2] RUN mkdir /ide-desktop
[90m[components/ide/jetbrains/image:clion] [0m#6 CACHED
[90m[components/ide/jetbrains/image:clion] [0m
[90m[components/ide/jetbrains/image:clion] [0m#7 [stage-1 1/4] COPY --from=base_builder --chown=33333:33333 /ide-desktop/ /ide-desktop/
[90m[components/ide/jetbrains/image:clion] [0m#7 CACHED
[90m[components/ide/jetbrains/image:clion] [0m
[90m[components/ide/jetbrains/image:clion] [0m#8 [stage-1 2/4] COPY --chown=33333:33333 supervisor-ide-config_clion.json /ide-desktop/supervisor-ide-config.json
[90m[components/ide/jetbrains/image:clion] [0m#8 CACHED
[90m[components/ide/jetbrains/image:clion] [0m
[90m[components/ide/jetbrains/image:clion] [0m#9 [stage-1 3/4] COPY --chown=33333:33333 components-ide-jetbrains-image--download-clion/backend /ide-desktop/clion/backend
[90m[components/ide/jetbrains/image:clion] [0m#9 CACHED
[90m[components/ide/jetbrains/image:clion] [0m
[90m[components/ide/jetbrains/image:clion] [0m#10 [stage-1 4/4] COPY --chown=33333:33333 components-ide-jetbrains-cli--app/cli /ide-desktop/clion/bin/idea-cli
[90m[components/ide/jetbrains/image:clion] [0m#10 CACHED
[90m[components/ide/jetbrains/image:clion] [0m
[90m[components/ide/jetbrains/image:clion] [0m#11 exporting to image
[90m[components/ide/jetbrains/image:clion] [0m#11 exporting layers done
[90m[components/ide/jetbrains/image:clion] [0m#11 writing image sha256:e9525248b27a3132d6f1529ed42bea58dcc715a6a691a09576080f3e62d397dd done
[90m[components/ide/jetbrains/image:clion] [0m#11 naming to docker.io/library/f4ced1c393b83dd2d8e08f2153da0bf77d01689f done
[90m[components/ide/jetbrains/image:clion] [0m#11 DONE 0.0s
[90m[components/ide/jetbrains/image:clion-latest] [0m#1 [internal] load .dockerignore
[90m[components/ide/jetbrains/image:clion-latest] [0m#1 transferring context: 2B done
[90m[components/ide/jetbrains/image:clion-latest] [0m#1 DONE 0.0s
[90m[components/ide/jetbrains/image:clion-latest] [0m
[90m[components/ide/jetbrains/image:clion-latest] [0m#2 [internal] load build definition from Dockerfile
[90m[components/ide/jetbrains/image:clion-latest] [0m#2 transferring dockerfile: 1.19kB done
[90m[components/ide/jetbrains/image:clion-latest] [0m#2 DONE 0.0s
[90m[components/ide/jetbrains/image:clion-latest] [0m
[90m[components/ide/jetbrains/image:clion-latest] [0m#3 [internal] load metadata for cgr.dev/chainguard/wolfi-base:latest@sha256:153c0ba4dd4ef9272ed7440e8f2ffa233b09de3e24a36b490d2a10d750aaaddf
[90m[components/ide/jetbrains/image:clion-latest] [0m#3 DONE 0.0s
[90m[components/ide/jetbrains/image:clion-latest] [0m
[90m[components/ide/jetbrains/image:clion-latest] [0m#4 [base_builder 1/2] FROM cgr.dev/chainguard/wolfi-base:latest@sha256:153c0ba4dd4ef9272ed7440e8f2ffa233b09de3e24a36b490d2a10d750aaaddf
[90m[components/ide/jetbrains/image:clion-latest] [0m#4 DONE 0.0s
[90m[components/ide/jetbrains/image:clion-latest] [0m
[90m[components/ide/jetbrains/image:clion-latest] [0m#5 [internal] load build context
[90m[components/ide/jetbrains/image:clion-latest] [0m#5 transferring context: 2.01MB 0.9s done
[90m[components/ide/jetbrains/image:clion-latest] [0m#5 DONE 1.3s
[90m[components/ide/jetbrains/image:clion-latest] [0m
[90m[components/ide/jetbrains/image:clion-latest] [0m#6 [stage-1 1/4] COPY --from=base_builder --chown=33333:33333 /ide-desktop/ /ide-desktop/
[90m[components/ide/jetbrains/image:clion-latest] [0m#6 CACHED
[90m[components/ide/jetbrains/image:clion-latest] [0m
[90m[components/ide/jetbrains/image:clion-latest] [0m#7 [stage-1 2/4] COPY --chown=33333:33333 supervisor-ide-config_clion-latest.json /ide-desktop/supervisor-ide-config.json
[90m[components/ide/jetbrains/image:clion-latest] [0m#7 CACHED
[90m[components/ide/jetbrains/image:clion-latest] [0m
[90m[components/ide/jetbrains/image:clion-latest] [0m#8 [stage-1 3/4] COPY --chown=33333:33333 components-ide-jetbrains-image--download-clion-latest/backend /ide-desktop/clion-latest/backend
[90m[components/ide/jetbrains/image:clion-latest] [0m#8 CACHED
[90m[components/ide/jetbrains/image:clion-latest] [0m
[90m[components/ide/jetbrains/image:clion-latest] [0m#9 [base_builder 2/2] RUN mkdir /ide-desktop
[90m[components/ide/jetbrains/image:clion-latest] [0m#9 CACHED
[90m[components/ide/jetbrains/image:clion-latest] [0m
[90m[components/ide/jetbrains/image:clion-latest] [0m#10 [stage-1 4/4] COPY --chown=33333:33333 components-ide-jetbrains-cli--app/cli /ide-desktop/clion-latest/bin/idea-cli
[90m[components/ide/jetbrains/image:clion-latest] [0m#10 CACHED
[90m[components/ide/jetbrains/image:clion-latest] [0m
[90m[components/ide/jetbrains/image:clion-latest] [0m#11 exporting to image
[90m[components/ide/jetbrains/image:clion-latest] [0m#11 exporting layers done
[90m[components/ide/jetbrains/image:clion-latest] [0m#11 writing image sha256:d03fd92f112a409b42d61431f7597b031cd30eb940e2d9d45c5a7b6e136d2f21 done
[90m[components/ide/jetbrains/image:clion-latest] [0m#11 naming to docker.io/library/40d9e2c5339a38a99532d54d11d26d2eefc88afc done
[90m[components/ide/jetbrains/image:clion-latest] [0m#11 DONE 0.0s
[90m[components/ide/jetbrains/image:webstorm] [0mThe push refers to repository [registry.cn-beijing.aliyuncs.com/self-build-gitpod/ide/webstorm]
[90m[components/ide/jetbrains/image:webstorm] [0m9f0f2f7fc0bc: Preparing
[90m[components/ide/jetbrains/image:webstorm] [0m177e0c65e2f3: Preparing
[90m[components/ide/jetbrains/image:webstorm] [0m232987ec18e1: Preparing
[90m[components/ide/jetbrains/image:webstorm] [0m91869c89fdb2: Preparing
[90m[components/ide/jetbrains/image:goland] [0mThe push refers to repository [registry.cn-beijing.aliyuncs.com/self-build-gitpod/ide/goland]
[90m[components/ide/jetbrains/image:goland] [0mea36cef105ef: Preparing
[90m[components/ide/jetbrains/image:goland] [0me02b1bf32f6f: Preparing
[90m[components/ide/jetbrains/image:goland] [0mc8d58f4c7afa: Preparing
[90m[components/ide/jetbrains/image:goland] [0m91869c89fdb2: Preparing
[90m[components/ide/jetbrains/image:goland] [0mc8d58f4c7afa: Waiting
[90m[components/ide/jetbrains/image:goland] [0m91869c89fdb2: Waiting
[90m[components/ide/jetbrains/image:webstorm] [0mdenied: requested access to the resource is denied
[90m[components/ide/jetbrains/image:webstorm] [0m[0;31mpackage build failed[0m
[90m[components/ide/jetbrains/image:webstorm] [0m[1;37mReason:[0m exit status 1
[0;31mbuild failed[0m
[1;37mReason:[0m build failed
time="2023-05-12T10:00:46Z" level=fatal msg="build failed"
leeway build components/ide/jetbrains/launcher:docker -Dversion=20230512
[32mðŸ“¦  cached locally[0m  components/common-go:lib                  [90m(version d2afc756bfcf06513bbc04430c1cffbe52f340fe)[0m
[32mðŸ“¦  cached locally[0m  components/gitpod-protocol/go:lib         [90m(version 1fa3b26ccbc90832d264edf62bd3340753bb23f7)[0m
[32mðŸ“¦  cached locally[0m  components/gitpod-protocol:gitpod-schema  [90m(version 3832e8872d751eca5bd2028c5a907c6b266c75c3)[0m
[32mðŸ“¦  cached locally[0m  components/ide/jetbrains/launcher:app     [90m(version c61067282c7f3e6af6717fe5be83f8a4f39e4293)[0m
[32mðŸ“¦  cached locally[0m  components/ide/jetbrains/launcher:docker  [90m(version 2715ed936ab6cb3b2aa50188ac13bb0ec55f65c2)[0m
[32mðŸ“¦  cached locally[0m  components/supervisor-api/go:lib          [90m(version 6505b1a01e6e7b434713f4944dcab84b18d89b56)[0m
[32mðŸ“¦  cached locally[0m  dev/addlicense:app                        [90m(version c322ba901584f00744aef2db3f81d8d0e5c0512b)[0m


[0;32mbuild succeded[0m
leeway build components/image-builder-bob:docker -Dversion=20230512
[32mðŸ“¦  cached locally[0m  components/common-go:lib                  [90m(version d2afc756bfcf06513bbc04430c1cffbe52f340fe)[0m
[32mðŸ“¦  cached locally[0m  components/image-builder-bob:app          [90m(version dd8fc2738d5ef916288a38012cb0c81baf4b3dfd)[0m
[32mðŸ“¦  cached locally[0m  components/image-builder-bob:docker       [90m(version 7eed3ad58d645022bedec5a2935b5b6f2ae4c3f0)[0m
[32mðŸ“¦  cached locally[0m  components/image-builder-bob:runc-facade  [90m(version 25b0a179ec500d041daf3337da287ea3e3ebd317)[0m


[0;32mbuild succeded[0m
leeway build components/image-builder-mk3:docker -Dversion=20230512
[32mðŸ“¦  cached locally[0m  components/common-go:lib               [90m(version d2afc756bfcf06513bbc04430c1cffbe52f340fe)[0m
[32mðŸ“¦  cached locally[0m  components/content-service-api/go:lib  [90m(version 96c22b2ddc7509c580fb952baff56c3a8bfd632d)[0m
[32mðŸ“¦  cached locally[0m  components/content-service:lib         [90m(version b0cd0898613468d7c336a07949eab1a254208889)[0m
[32mðŸ“¦  cached locally[0m  components/image-builder-api/go:lib    [90m(version f569f4c7ed2550ed9c4c7109c92f4e1ee0768739)[0m
[32mðŸ“¦  cached locally[0m  components/image-builder-mk3:app       [90m(version 283bf1b40ffab66b63f3f2f0e3649afbe1fdf685)[0m
[32mðŸ“¦  cached locally[0m  components/image-builder-mk3:docker    [90m(version 1da5d274b0a909e0759b3fff6349a7b8f3a6ef8a)[0m
[32mðŸ“¦  cached locally[0m  components/registry-facade-api/go:lib  [90m(version 11d9730b48b27fad322e28b6a16b495e98e43527)[0m
[32mðŸ“¦  cached locally[0m  components/supervisor-api/go:lib       [90m(version 6505b1a01e6e7b434713f4944dcab84b18d89b56)[0m
[32mðŸ“¦  cached locally[0m  components/ws-manager-api/go:lib       [90m(version d89281deca1e97571505c1d2d858062eab5c5d01)[0m


[0;32mbuild succeded[0m
leeway build components/installation-telemetry:docker -Dversion=20230512
[32mðŸ“¦  cached locally[0m  components/common-go:lib                  [90m(version d2afc756bfcf06513bbc04430c1cffbe52f340fe)[0m
[33mðŸ”§  build[0m           components/installation-telemetry:app     [90m(version 65fd3fcbdfd0fda567d35c9a168e9f6513043632)[0m
[33mðŸ”§  build[0m           components/installation-telemetry:docker  [90m(version c4c38c42eb1ad0e9865de9094c4d0c27df6bb50f)[0m

[0;31mbuild failed[0m
[1;37mReason:[0m cannot build with unresolved argument "${SEGMENT_IO_TOKEN}": use -DSEGMENT_IO_TOKEN=value to set the argument
	${SEGMENT_IO_TOKEN} appears in components/installation-telemetry:app


time="2023-05-12T10:00:50Z" level=fatal msg="cannot build with unresolved argument \"${SEGMENT_IO_TOKEN}\": use -DSEGMENT_IO_TOKEN=value to set the argument\n\t${SEGMENT_IO_TOKEN} appears in components/installation-telemetry:app\n\n"
leeway build components/ipfs/ipfs-cluster:docker -Dversion=20230512
[32mðŸ“¦  cached locally[0m  components/ipfs/ipfs-cluster:docker  [90m(version 333fd92944461b38589eab4283b40ef71d934003)[0m


[0;32mbuild succeded[0m
leeway build components/ipfs/kubo:docker -Dversion=20230512
[32mðŸ“¦  cached locally[0m  components/ipfs/kubo:docker  [90m(version aea0b0d2be38d5e6fc3078c748b84af50367a987)[0m


[0;32mbuild succeded[0m
leeway build components/kots-config-check/certificate:docker -Dversion=20230512
[32mðŸ“¦  cached locally[0m  components/kots-config-check/certificate:docker  [90m(version 5036fd1ba8921630a18cac8052b458d6a5a95ddc)[0m


[0;32mbuild succeded[0m
leeway build components/kots-config-check/database:docker -Dversion=20230512
[32mðŸ“¦  cached locally[0m  components/kots-config-check/database:docker  [90m(version 987db23e1ecc2d9e7b1e4a855306f7958b478b76)[0m


[0;32mbuild succeded[0m
leeway build components/kots-config-check/registry:docker -Dversion=20230512
[32mðŸ“¦  cached locally[0m  components/kots-config-check/registry:app     [90m(version a9893d222ea5f6c55c4b686a03c232a378894953)[0m
[32mðŸ“¦  cached locally[0m  components/kots-config-check/registry:docker  [90m(version 9e2a09c1863f22307d6e66819261e1c6b7bdcf9f)[0m


[0;32mbuild succeded[0m
leeway build components/kots-config-check/storage:docker -Dversion=20230512
[32mðŸ“¦  cached locally[0m  components/kots-config-check/storage:docker  [90m(version 2c0cb42421ca12fa05dcf4662638107716d454b3)[0m


[0;32mbuild succeded[0m
leeway build components/local-app:docker -Dversion=20230512
[32mðŸ“¦  cached locally[0m  components/gitpod-protocol/go:lib         [90m(version 1fa3b26ccbc90832d264edf62bd3340753bb23f7)[0m
[32mðŸ“¦  cached locally[0m  components/gitpod-protocol:gitpod-schema  [90m(version 3832e8872d751eca5bd2028c5a907c6b266c75c3)[0m
[32mðŸ“¦  cached locally[0m  components/local-app-api/go:lib           [90m(version e2bea9208fc0994d3cfcd8c56030b594bb4ab9c6)[0m
[32mðŸ“¦  cached locally[0m  components/local-app:app                  [90m(version 55adf583bb19af8454b1c97dbaa98a8fbc61dad9)[0m
[32mðŸ“¦  cached locally[0m  components/local-app:app-darwin-amd64     [90m(version 48242d69d41a941ad48a3f1e45909eeed0395791)[0m
[32mðŸ“¦  cached locally[0m  components/local-app:app-darwin-arm64     [90m(version 919408b918994091cf3f667ab824544f51e39f8a)[0m
[32mðŸ“¦  cached locally[0m  components/local-app:app-linux-amd64      [90m(version ac80371009fdfd2f0f123b5b5e35f437a944d1cd)[0m
[32mðŸ“¦  cached locally[0m  components/local-app:app-linux-arm64      [90m(version 91b74847b1beb5e6135dfb2eb66eb8c97432a50a)[0m
[32mðŸ“¦  cached locally[0m  components/local-app:app-windows-386      [90m(version 4cbb41883b8356f8f8c2a1c63b60abe9c892386c)[0m
[32mðŸ“¦  cached locally[0m  components/local-app:app-windows-amd64    [90m(version 6b0aec6e60eadcf7a44d626f9da5bb92bedc56d9)[0m
[32mðŸ“¦  cached locally[0m  components/local-app:app-windows-arm64    [90m(version c958d6765a57b80eaf7ebcfd775a879f13fd195d)[0m
[32mðŸ“¦  cached locally[0m  components/local-app:docker               [90m(version d40f4349693f84d8cf80b620c07d049cfdbce024)[0m
[32mðŸ“¦  cached locally[0m  components/supervisor-api/go:lib          [90m(version 6505b1a01e6e7b434713f4944dcab84b18d89b56)[0m
[32mðŸ“¦  cached locally[0m  dev/addlicense:app                        [90m(version c322ba901584f00744aef2db3f81d8d0e5c0512b)[0m


[0;32mbuild succeded[0m
leeway build components/node-labeler:docker -Dversion=20230512
[32mðŸ“¦  cached locally[0m  components/common-go:lib        [90m(version d2afc756bfcf06513bbc04430c1cffbe52f340fe)[0m
[32mðŸ“¦  cached locally[0m  components/node-labeler:app     [90m(version 63505a04c1ac91a0cd70ed032cd17e2ec101852e)[0m
[32mðŸ“¦  cached locally[0m  components/node-labeler:docker  [90m(version e64ceae903009fd77a4f03bf3b86d4b6aa830d4d)[0m


[0;32mbuild succeded[0m
leeway build components/openvsx-proxy:docker -Dversion=20230512
[32mðŸ“¦  cached locally[0m  components/common-go:lib         [90m(version d2afc756bfcf06513bbc04430c1cffbe52f340fe)[0m
[32mðŸ“¦  cached locally[0m  components/openvsx-proxy:app     [90m(version 7a532f216f2c9217019f3bd5a187ae9af784ad6c)[0m
[32mðŸ“¦  cached locally[0m  components/openvsx-proxy:docker  [90m(version 94f03f0d116eb9f5f98727d89d488c768701d929)[0m


[0;32mbuild succeded[0m
leeway build components/proxy:docker -Dversion=20230512
[32mðŸ“¦  cached locally[0m  components/proxy:docker  [90m(version 7a13f2f07c643d550bdae7063274620314780642)[0m


[0;32mbuild succeded[0m
leeway build components/public-api-server:docker -Dversion=20230512
[32mðŸ“¦  cached locally[0m  components/common-go:lib                  [90m(version d2afc756bfcf06513bbc04430c1cffbe52f340fe)[0m
[32mðŸ“¦  cached locally[0m  components/gitpod-protocol/go:lib         [90m(version 1fa3b26ccbc90832d264edf62bd3340753bb23f7)[0m
[32mðŸ“¦  cached locally[0m  components/gitpod-protocol:gitpod-schema  [90m(version 3832e8872d751eca5bd2028c5a907c6b266c75c3)[0m
[32mðŸ“¦  cached locally[0m  components/public-api/go:lib              [90m(version b712341e954abd3f84889ea36df9a2db0692df85)[0m
[32mðŸ“¦  cached locally[0m  components/usage-api/go:lib               [90m(version 61aa561824acf253afc000ea3a045358408481cf)[0m
[32mðŸ“¦  cached locally[0m  dev/addlicense:app                        [90m(version c322ba901584f00744aef2db3f81d8d0e5c0512b)[0m
[33mðŸ”§  build[0m           components/gitpod-db/go:lib               [90m(version 12c9bb03a795a281f7df6d07fee587c086a98768)[0m
[33mðŸ”§  build[0m           components/public-api-server:app          [90m(version 874972dc2e176155855238b987421c95d9029378)[0m
[33mðŸ”§  build[0m           components/public-api-server:docker       [90m(version e9bbc92907e7ad053dd28da904a0f814d0ff4f42)[0m

[90m[components/gitpod-db/go:lib] [0m[33mbuild started[0m [0;90m(version 12c9bb03a795a281f7df6d07fee587c086a98768)[0m
[90m[components/gitpod-db/go:lib] [0m[0;32mpackage build succeded[0m [0;90m(0.67s)[0m
[90m[components/public-api-server:app] [0m[33mbuild started[0m [0;90m(version 874972dc2e176155855238b987421c95d9029378)[0m
[90m[components/public-api-server:app] [0mlevel=error msg="[linters_context] typechecking error: pattern ./...: directory prefix . does not contain main module or its selected dependencies"
[90m[components/public-api-server:app] [0m[0;31mpackage build failed[0m
[90m[components/public-api-server:app] [0m[1;37mReason:[0m exit status 7
[0;31mbuild failed[0m
[1;37mReason:[0m build failed
time="2023-05-12T10:01:05Z" level=fatal msg="build failed"
leeway build components/registry-facade:docker -Dversion=20230512
[32mðŸ“¦  cached locally[0m  components/common-go:lib               [90m(version d2afc756bfcf06513bbc04430c1cffbe52f340fe)[0m
[32mðŸ“¦  cached locally[0m  components/registry-facade-api/go:lib  [90m(version 11d9730b48b27fad322e28b6a16b495e98e43527)[0m
[33mðŸ”§  build[0m           components/registry-facade:app         [90m(version a03c2dac79397353b8eb20b98248bf956f2f2ffe)[0m
[33mðŸ”§  build[0m           components/registry-facade:docker      [90m(version 83025b7788d95a6338bd99da47e7ab480865a2ba)[0m

[90m[components/registry-facade:app] [0m[33mbuild started[0m [0;90m(version a03c2dac79397353b8eb20b98248bf956f2f2ffe)[0m
[90m[components/registry-facade:app] [0m# github.com/lucas-clemente/quic-go/internal/qtls
[90m[components/registry-facade:app] [0m/root/go/pkg/mod/github.com/lucas-clemente/quic-go@v0.29.1/internal/qtls/go120.go:5:13: cannot use "The version of quic-go you're using can't be built on Go 1.20 yet. For more details, please see https://github.com/lucas-clemente/quic-go/wiki/quic-go-and-Go-versions." (untyped string constant "The version of quic-go you're using can't be built on Go 1.20 yet. F...) as int value in variable declaration
[90m[components/registry-facade:app] [0m?   	github.com/gitpod-io/gitpod/registry-facade	[no test files]
[90m[components/registry-facade:app] [0m?   	github.com/gitpod-io/gitpod/registry-facade/cmd	[no test files]
[90m[components/registry-facade:app] [0mFAIL	github.com/gitpod-io/gitpod/registry-facade/pkg/registry [build failed]
[90m[components/registry-facade:app] [0m?   	github.com/gitpod-io/gitpod/registry-facade/pkg/registry/mock	[no test files]
[90m[components/registry-facade:app] [0mFAIL
[90m[components/registry-facade:app] [0m[0;31mpackage build failed[0m
[90m[components/registry-facade:app] [0m[1;37mReason:[0m exit status 1
[0;31mbuild failed[0m
[1;37mReason:[0m build failed
time="2023-05-12T10:01:08Z" level=fatal msg="build failed"
leeway build components/server:docker -Dversion=20230512
[32mðŸ“¦  cached locally[0m  components/content-service-api/typescript:lib     [90m(version c71a29d0b6ae107f0aab9d73f018d87f6b7b8582)[0m
[32mðŸ“¦  cached locally[0m  components/gitpod-db:lib                          [90m(version 38d74d9aef02665fba03036289a3b12c241d21dd)[0m
[32mðŸ“¦  cached locally[0m  components/gitpod-messagebus:lib                  [90m(version c7668ac9d5b02ee05bd39f17054bba4dcbfdb780)[0m
[32mðŸ“¦  cached locally[0m  components/gitpod-protocol:lib                    [90m(version 6f50f84f6d574c1dae5f44fabf7fd3a6af9537d1)[0m
[32mðŸ“¦  cached locally[0m  components/ide-service-api/typescript:lib         [90m(version 6d35d7e42890aaaad38fc5dee2c8771bd6630954)[0m
[32mðŸ“¦  cached locally[0m  components/image-builder-api/typescript:lib       [90m(version 73db923ac5e65792066d68e65781554731285296)[0m
[32mðŸ“¦  cached locally[0m  components/public-api/typescript:lib              [90m(version 7a7d860801660f8e249d23ef7840745c85733143)[0m
[32mðŸ“¦  cached locally[0m  components/server:app                             [90m(version 7550922dd39aba7dea07492653967be8454a887f)[0m
[32mðŸ“¦  cached locally[0m  components/server:docker                          [90m(version 7ba6eca8369d37021399cabf51c0563901308d08)[0m
[32mðŸ“¦  cached locally[0m  components/supervisor-api/typescript-grpcweb:lib  [90m(version 1389d08c659682be2f91d995f72db43d07246314)[0m
[32mðŸ“¦  cached locally[0m  components/supervisor-api:proto                   [90m(version 5924ccc83491010c6320701882875f8807d6880c)[0m
[32mðŸ“¦  cached locally[0m  components/usage-api/typescript:lib               [90m(version 12a1dfb878ee98ce37f95536a46e861de03a46d2)[0m
[32mðŸ“¦  cached locally[0m  components/ws-manager-api/typescript:lib          [90m(version 3c407f78de6991d3fccfb6af70eb6bfda0bef644)[0m


[0;32mbuild succeded[0m
leeway build components/service-waiter:docker -Dversion=20230512
[32mðŸ“¦  cached locally[0m  components/common-go:lib          [90m(version d2afc756bfcf06513bbc04430c1cffbe52f340fe)[0m
[32mðŸ“¦  cached locally[0m  components/service-waiter:app     [90m(version 3b3804ba2b777623c8382726a3f4d28eaac48975)[0m
[32mðŸ“¦  cached locally[0m  components/service-waiter:docker  [90m(version 2bad6ee4db97b9ccc28f9f7a33153c742ab871f7)[0m


[0;32mbuild succeded[0m
leeway build components/supervisor:docker -Dversion=20230512
[32mðŸ“¦  cached locally[0m  components/common-go:lib                           [90m(version d2afc756bfcf06513bbc04430c1cffbe52f340fe)[0m
[32mðŸ“¦  cached locally[0m  components/content-service-api/go:lib              [90m(version 96c22b2ddc7509c580fb952baff56c3a8bfd632d)[0m
[32mðŸ“¦  cached locally[0m  components/content-service:lib                     [90m(version b0cd0898613468d7c336a07949eab1a254208889)[0m
[32mðŸ“¦  cached locally[0m  components/gitpod-cli:app                          [90m(version c041303b2eb7adc1151637fd23929d71768bc92c)[0m
[32mðŸ“¦  cached locally[0m  components/gitpod-protocol/go:lib                  [90m(version 1fa3b26ccbc90832d264edf62bd3340753bb23f7)[0m
[32mðŸ“¦  cached locally[0m  components/gitpod-protocol:gitpod-schema           [90m(version 3832e8872d751eca5bd2028c5a907c6b266c75c3)[0m
[32mðŸ“¦  cached locally[0m  components/gitpod-protocol:lib                     [90m(version 6f50f84f6d574c1dae5f44fabf7fd3a6af9537d1)[0m
[32mðŸ“¦  cached locally[0m  components/ide-metrics-api/go:lib                  [90m(version 9cc726e368042408982db42a00c99ae057d0c188)[0m
[32mðŸ“¦  cached locally[0m  components/ide-metrics-api/typescript-grpcweb:lib  [90m(version 8344948665f3c85e26e1385d5723e12aab0adc7b)[0m
[32mðŸ“¦  cached locally[0m  components/ide-metrics-api:proto                   [90m(version 83ee761f7c0245453e1e4ccfa8ac2dd31adebec3)[0m
[32mðŸ“¦  cached locally[0m  components/public-api/go:lib                       [90m(version b712341e954abd3f84889ea36df9a2db0692df85)[0m
[32mðŸ“¦  cached locally[0m  components/supervisor-api/go:lib                   [90m(version 6505b1a01e6e7b434713f4944dcab84b18d89b56)[0m
[32mðŸ“¦  cached locally[0m  components/supervisor-api/typescript-grpc:lib      [90m(version 5d00de98b3c86f4b59738fe59d7316736981f051)[0m
[32mðŸ“¦  cached locally[0m  components/supervisor-api:proto                    [90m(version 5924ccc83491010c6320701882875f8807d6880c)[0m
[32mðŸ“¦  cached locally[0m  components/supervisor/frontend:app                 [90m(version d241df2213f5bb3da44bcd69b8b858923757c735)[0m
[32mðŸ“¦  cached locally[0m  components/ws-daemon-api/go:lib                    [90m(version 50668ec3ec5e31f546c2466c6eb5bd5cf37f52c6)[0m
[32mðŸ“¦  cached locally[0m  dev/addlicense:app                                 [90m(version c322ba901584f00744aef2db3f81d8d0e5c0512b)[0m
[33mðŸ”§  build[0m           components/supervisor/openssh:app                  [90m(version 29a3572cc3f6afc5e80d9b9636436ed6cc31cfdd)[0m
[33mðŸ”§  build[0m           components/supervisor/openssh:docker-build         [90m(version fd53302ed0931f883f200b955ee8474c49b4b875)[0m
[33mðŸ”§  build[0m           components/supervisor:app                          [90m(version e3d0eb79b5a05caaf03a415b02cdad3ab7bc0053)[0m
[33mðŸ”§  build[0m           components/supervisor:docker                       [90m(version a0127fc4deadbe3e6423b5ded0fa1ae882eefc9f)[0m

[90m[components/supervisor/openssh:docker-build] [0m[33mbuild started[0m [0;90m(version fd53302ed0931f883f200b955ee8474c49b4b875)[0m
[90m[components/supervisor:app] [0m[33mbuild started[0m [0;90m(version e3d0eb79b5a05caaf03a415b02cdad3ab7bc0053)[0m
[90m[components/supervisor/openssh:docker-build] [0m#1 [internal] load .dockerignore
[90m[components/supervisor/openssh:docker-build] [0m#1 transferring context: 2B done
[90m[components/supervisor/openssh:docker-build] [0m#1 DONE 0.1s
[90m[components/supervisor/openssh:docker-build] [0m
[90m[components/supervisor/openssh:docker-build] [0m#2 [internal] load build definition from Dockerfile
[90m[components/supervisor/openssh:docker-build] [0m#2 transferring dockerfile: 2.35kB done
[90m[components/supervisor/openssh:docker-build] [0m#2 DONE 0.1s
[90m[components/supervisor/openssh:docker-build] [0m
[90m[components/supervisor/openssh:docker-build] [0m#3 [internal] load metadata for docker.io/library/alpine:3.17
[90m[components/supervisor:app] [0m?   	github.com/gitpod-io/gitpod/supervisor	[no test files]
[90m[components/supervisor:app] [0m?   	github.com/gitpod-io/gitpod/supervisor/cmd	[no test files]
[90m[components/supervisor:app] [0m?   	github.com/gitpod-io/gitpod/supervisor/pkg/activation	[no test files]
[90m[components/supervisor:app] [0m=== RUN   TestAnalyzeGitpodConfig
[90m[components/supervisor:app] [0m=== RUN   TestAnalyzeGitpodConfig/change
[90m[components/supervisor:app] [0m=== RUN   TestAnalyzeGitpodConfig/add
[90m[components/supervisor:app] [0m=== RUN   TestAnalyzeGitpodConfig/remove
[90m[components/supervisor:app] [0m=== RUN   TestAnalyzeGitpodConfig/none
[90m[components/supervisor:app] [0m=== RUN   TestAnalyzeGitpodConfig/fie_created
[90m[components/supervisor:app] [0m--- PASS: TestAnalyzeGitpodConfig (0.52s)
[90m[components/supervisor:app] [0m    --- PASS: TestAnalyzeGitpodConfig/change (0.10s)
[90m[components/supervisor:app] [0m    --- PASS: TestAnalyzeGitpodConfig/add (0.10s)
[90m[components/supervisor:app] [0m    --- PASS: TestAnalyzeGitpodConfig/remove (0.11s)
[90m[components/supervisor:app] [0m    --- PASS: TestAnalyzeGitpodConfig/none (0.11s)
[90m[components/supervisor:app] [0m    --- PASS: TestAnalyzeGitpodConfig/fie_created (0.10s)
[90m[components/supervisor:app] [0m=== RUN   TestGitpodConfig
[90m[components/supervisor:app] [0m=== RUN   TestGitpodConfig/parsing
[90m[components/supervisor:app] [0mtime="2023-05-12T06:40:15Z" level=info msg="file watcher: starting..." location=/tmp/test-gitpod-config-318301396/.gitpod.yml
[90m[components/supervisor:app] [0mtime="2023-05-12T06:40:17Z" level=info msg="file watcher: started" location=/tmp/test-gitpod-config-318301396/.gitpod.yml
[90m[components/supervisor:app] [0mtime="2023-05-12T06:40:17Z" level=info msg="file watcher: stopped" location=/tmp/test-gitpod-config-318301396/.gitpod.yml
[90m[components/supervisor:app] [0mtime="2023-05-12T06:40:19Z" level=info msg="file watcher: started" location=/tmp/test-gitpod-config-318301396/.gitpod.yml
[90m[components/supervisor:app] [0m--- PASS: TestGitpodConfig (4.31s)
[90m[components/supervisor:app] [0m    --- PASS: TestGitpodConfig/parsing (4.31s)
[90m[components/supervisor:app] [0m=== RUN   TestInvalidGitpodConfig
[90m[components/supervisor:app] [0mtime="2023-05-12T06:40:19Z" level=info msg="file watcher: starting..." location=/tmp/test-gitpod-config-157064226/.gitpod.yml
[90m[components/supervisor:app] [0mtime="2023-05-12T06:40:19Z" level=info msg="file watcher: stopped" location=/tmp/test-gitpod-config-318301396/.gitpod.yml
[90m[components/supervisor:app] [0mtime="2023-05-12T06:40:21Z" level=info msg="file watcher: started" location=/tmp/test-gitpod-config-157064226/.gitpod.yml
[90m[components/supervisor:app] [0mtime="2023-05-12T06:40:21Z" level=error msg="file watcher: failed to parse" error="yaml: line 4: found character that cannot start any token" location=/tmp/test-gitpod-config-157064226/.gitpod.yml
[90m[components/supervisor:app] [0m--- PASS: TestInvalidGitpodConfig (3.20s)
[90m[components/supervisor:app] [0m=== RUN   TestWatchImageFile
[90m[components/supervisor:app] [0mtime="2023-05-12T06:40:22Z" level=info msg="file watcher: starting..." location=/tmp/test-gitpod-config-2181967827/.gitpod.yml
[90m[components/supervisor:app] [0mtime="2023-05-12T06:40:22Z" level=info msg="file watcher: started" location=/tmp/test-gitpod-config-2181967827/.gitpod.yml
[90m[components/supervisor:app] [0mtime="2023-05-12T06:40:22Z" level=info msg="file watcher: stopped" location=/tmp/test-gitpod-config-157064226/.gitpod.yml
[90m[components/supervisor:app] [0mtime="2023-05-12T06:40:22Z" level=info msg="file watcher: starting..." location=/tmp/test-gitpod-config-2181967827/Dockerfile
[90m[components/supervisor:app] [0mtime="2023-05-12T06:40:24Z" level=info msg="file watcher: started" location=/tmp/test-gitpod-config-2181967827/Dockerfile
[90m[components/supervisor:app] [0mtime="2023-05-12T06:40:24Z" level=info msg="file watcher: stopped" location=/tmp/test-gitpod-config-2181967827/Dockerfile
[90m[components/supervisor:app] [0mtime="2023-05-12T06:40:25Z" level=info msg="file watcher: starting..." location=/tmp/test-gitpod-config-2181967827/Dockerfile
[90m[components/supervisor:app] [0mtime="2023-05-12T06:40:25Z" level=info msg="file watcher: started" location=/tmp/test-gitpod-config-2181967827/Dockerfile
[90m[components/supervisor:app] [0m--- PASS: TestWatchImageFile (2.61s)
[90m[components/supervisor:app] [0mPASS
[90m[components/supervisor:app] [0mok  	github.com/gitpod-io/gitpod/supervisor/pkg/config	(cached)
[90m[components/supervisor:app] [0m=== RUN   TestBucket
[90m[components/supervisor:app] [0m=== RUN   TestBucket/below_limit
[90m[components/supervisor:app] [0m=== RUN   TestBucket/above_limit
[90m[components/supervisor:app] [0m=== RUN   TestBucket/upfront_peak
[90m[components/supervisor:app] [0m=== RUN   TestBucket/mid_peak
[90m[components/supervisor:app] [0m--- PASS: TestBucket (0.00s)
[90m[components/supervisor:app] [0m    --- PASS: TestBucket/below_limit (0.00s)
[90m[components/supervisor:app] [0m    --- PASS: TestBucket/above_limit (0.00s)
[90m[components/supervisor:app] [0m    --- PASS: TestBucket/upfront_peak (0.00s)
[90m[components/supervisor:app] [0m    --- PASS: TestBucket/mid_peak (0.00s)
[90m[components/supervisor:app] [0mPASS
[90m[components/supervisor:app] [0mok  	github.com/gitpod-io/gitpod/supervisor/pkg/dropwriter	(cached)
[90m[components/supervisor:app] [0m=== RUN   TestHistogram
[90m[components/supervisor:app] [0m--- PASS: TestHistogram (0.00s)
[90m[components/supervisor:app] [0m=== RUN   TestCounters
[90m[components/supervisor:app] [0m--- PASS: TestCounters (0.00s)
[90m[components/supervisor:app] [0mPASS
[90m[components/supervisor:app] [0mok  	github.com/gitpod-io/gitpod/supervisor/pkg/metrics	(cached)
[90m[components/supervisor:app] [0m=== RUN   TestPortsConfig
[90m[components/supervisor:app] [0m=== RUN   TestPortsConfig/no_configs
[90m[components/supervisor:app] [0m=== RUN   TestPortsConfig/instance_port_config
[90m[components/supervisor:app] [0m=== RUN   TestPortsConfig/instance_range_config
[90m[components/supervisor:app] [0m--- PASS: TestPortsConfig (0.00s)
[90m[components/supervisor:app] [0m    --- PASS: TestPortsConfig/no_configs (0.00s)
[90m[components/supervisor:app] [0m    --- PASS: TestPortsConfig/instance_port_config (0.00s)
[90m[components/supervisor:app] [0m    --- PASS: TestPortsConfig/instance_range_config (0.00s)
[90m[components/supervisor:app] [0m=== RUN   TestPortsUpdateState
[90m[components/supervisor:app] [0m=== RUN   TestPortsUpdateState/basic_locally_served
[90m[components/supervisor:app] [0m=== RUN   TestPortsUpdateState/basic_globally_served
[90m[components/supervisor:app] [0m=== RUN   TestPortsUpdateState/basic_port_publically_exposed
[90m[components/supervisor:app] [0m=== RUN   TestPortsUpdateState/internal_ports_served
[90m[components/supervisor:app] [0m=== RUN   TestPortsUpdateState/serving_port_from_the_configured_port_range
[90m[components/supervisor:app] [0m=== RUN   TestPortsUpdateState/auto_expose_configured_ports
[90m[components/supervisor:app] [0m=== RUN   TestPortsUpdateState/starting_multiple_proxies_for_the_same_served_event
[90m[components/supervisor:app] [0m=== RUN   TestPortsUpdateState/served_between_auto_exposing_configured_and_exposed_update
[90m[components/supervisor:app] [0m=== RUN   TestPortsUpdateState/the_same_port_served_locally_and_then_globally_too,_prefer_globally_(exposed_in_between)
[90m[components/supervisor:app] [0m=== RUN   TestPortsUpdateState/the_same_port_served_locally_and_then_globally_too,_prefer_globally_(exposed_after)
[90m[components/supervisor:app] [0m=== RUN   TestPortsUpdateState/the_same_port_served_globally_and_then_locally_too,_prefer_globally_(exposed_in_between)
[90m[components/supervisor:app] [0m=== RUN   TestPortsUpdateState/the_same_port_served_globally_and_then_locally_too,_prefer_globally_(exposed_after)
[90m[components/supervisor:app] [0m=== RUN   TestPortsUpdateState/the_same_port_served_locally_on_ip4_and_then_locally_on_ip6_too,_prefer_first_(exposed_in_between)
[90m[components/supervisor:app] [0m=== RUN   TestPortsUpdateState/the_same_port_served_locally_on_ip4_and_then_locally_on_ip6_too,_prefer_first_(exposed_after)
[90m[components/supervisor:app] [0m=== RUN   TestPortsUpdateState/the_same_port_served_locally_on_ip4_and_then_globally_on_ip6_too,_prefer_first_(exposed_in_between)
[90m[components/supervisor:app] [0m=== RUN   TestPortsUpdateState/the_same_port_served_locally_on_ip4_and_then_globally_on_ip6_too,_prefer_first_(exposed_after)
[90m[components/supervisor:app] [0m=== RUN   TestPortsUpdateState/port_status_has_description_set_as_soon_as_the_port_gets_exposed,_if_there_was_a_description_configured
[90m[components/supervisor:app] [0m=== RUN   TestPortsUpdateState/port_status_has_the_name_attribute_set_as_soon_as_the_port_gets_exposed,_if_there_was_a_name_configured_in_Gitpod's_Workspace
[90m[components/supervisor:app] [0m=== RUN   TestPortsUpdateState/change_configed_ports_order
[90m[components/supervisor:app] [0m=== RUN   TestPortsUpdateState/change_configed_ports_order_with_ranged_covered_not_ranged
[90m[components/supervisor:app] [0m=== RUN   TestPortsUpdateState/expose_port_without_served,_port_should_be_responded_for_use_case_of_openvscode-server
[90m[components/supervisor:app] [0m--- PASS: TestPortsUpdateState (0.02s)
[90m[components/supervisor:app] [0m    --- PASS: TestPortsUpdateState/basic_locally_served (0.00s)
[90m[components/supervisor:app] [0m    --- PASS: TestPortsUpdateState/basic_globally_served (0.00s)
[90m[components/supervisor:app] [0m    --- PASS: TestPortsUpdateState/basic_port_publically_exposed (0.00s)
[90m[components/supervisor:app] [0m    --- PASS: TestPortsUpdateState/internal_ports_served (0.00s)
[90m[components/supervisor:app] [0m    --- PASS: TestPortsUpdateState/serving_port_from_the_configured_port_range (0.00s)
[90m[components/supervisor:app] [0m    --- PASS: TestPortsUpdateState/auto_expose_configured_ports (0.00s)
[90m[components/supervisor:app] [0m    --- PASS: TestPortsUpdateState/starting_multiple_proxies_for_the_same_served_event (0.00s)
[90m[components/supervisor:app] [0m    --- PASS: TestPortsUpdateState/served_between_auto_exposing_configured_and_exposed_update (0.00s)
[90m[components/supervisor:app] [0m    --- PASS: TestPortsUpdateState/the_same_port_served_locally_and_then_globally_too,_prefer_globally_(exposed_in_between) (0.00s)
[90m[components/supervisor:app] [0m    --- PASS: TestPortsUpdateState/the_same_port_served_locally_and_then_globally_too,_prefer_globally_(exposed_after) (0.00s)
[90m[components/supervisor:app] [0m    --- PASS: TestPortsUpdateState/the_same_port_served_globally_and_then_locally_too,_prefer_globally_(exposed_in_between) (0.00s)
[90m[components/supervisor:app] [0m    --- PASS: TestPortsUpdateState/the_same_port_served_globally_and_then_locally_too,_prefer_globally_(exposed_after) (0.00s)
[90m[components/supervisor:app] [0m    --- PASS: TestPortsUpdateState/the_same_port_served_locally_on_ip4_and_then_locally_on_ip6_too,_prefer_first_(exposed_in_between) (0.00s)
[90m[components/supervisor:app] [0m    --- PASS: TestPortsUpdateState/the_same_port_served_locally_on_ip4_and_then_locally_on_ip6_too,_prefer_first_(exposed_after) (0.00s)
[90m[components/supervisor:app] [0m    --- PASS: TestPortsUpdateState/the_same_port_served_locally_on_ip4_and_then_globally_on_ip6_too,_prefer_first_(exposed_in_between) (0.00s)
[90m[components/supervisor:app] [0m    --- PASS: TestPortsUpdateState/the_same_port_served_locally_on_ip4_and_then_globally_on_ip6_too,_prefer_first_(exposed_after) (0.00s)
[90m[components/supervisor:app] [0m    --- PASS: TestPortsUpdateState/port_status_has_description_set_as_soon_as_the_port_gets_exposed,_if_there_was_a_description_configured (0.00s)
[90m[components/supervisor:app] [0m    --- PASS: TestPortsUpdateState/port_status_has_the_name_attribute_set_as_soon_as_the_port_gets_exposed,_if_there_was_a_name_configured_in_Gitpod's_Workspace (0.00s)
[90m[components/supervisor:app] [0m    --- PASS: TestPortsUpdateState/change_configed_ports_order (0.00s)
[90m[components/supervisor:app] [0m    --- PASS: TestPortsUpdateState/change_configed_ports_order_with_ranged_covered_not_ranged (0.00s)
[90m[components/supervisor:app] [0m    --- PASS: TestPortsUpdateState/expose_port_without_served,_port_should_be_responded_for_use_case_of_openvscode-server (0.00s)
[90m[components/supervisor:app] [0m=== RUN   TestPortsConcurrentSubscribe
[90m[components/supervisor:app] [0m--- PASS: TestPortsConcurrentSubscribe (0.00s)
[90m[components/supervisor:app] [0m=== RUN   TestManager_getStatus
[90m[components/supervisor:app] [0m=== RUN   TestManager_getStatus/happy_path
[90m[components/supervisor:app] [0m=== RUN   TestManager_getStatus/order_for_ranged_ports_and_inside_ranged_order_by_number_ASC
[90m[components/supervisor:app] [0m=== RUN   TestManager_getStatus/served_ports_order_by_number_ASC
[90m[components/supervisor:app] [0m=== RUN   TestManager_getStatus/expose_not_served_ports_should_respond_their_status
[90m[components/supervisor:app] [0m--- PASS: TestManager_getStatus (0.00s)
[90m[components/supervisor:app] [0m    --- PASS: TestManager_getStatus/happy_path (0.00s)
[90m[components/supervisor:app] [0m    --- PASS: TestManager_getStatus/order_for_ranged_ports_and_inside_ranged_order_by_number_ASC (0.00s)
[90m[components/supervisor:app] [0m    --- PASS: TestManager_getStatus/served_ports_order_by_number_ASC (0.00s)
[90m[components/supervisor:app] [0m    --- PASS: TestManager_getStatus/expose_not_served_ports_should_respond_their_status (0.00s)
[90m[components/supervisor:app] [0m=== RUN   TestObserve
[90m[components/supervisor:app] [0m=== RUN   TestObserve/basic_positive
[90m[components/supervisor:app] [0m=== RUN   TestObserve/the_same_port_bound_locally_on_ip4_and_ip6
[90m[components/supervisor:app] [0m=== RUN   TestObserve/the_same_port_bound_locally_for_ip4_and_globally_for_ip6
[90m[components/supervisor:app] [0m=== RUN   TestObserve/the_same_port_bound_globally_for_ip4_and_locally_for_ip6
[90m[components/supervisor:app] [0m=== RUN   TestObserve/multiple_ports_bound_locally_and_globally
[90m[components/supervisor:app] [0m=== RUN   TestObserve/multiple_ports_bound_locally_and_globally#01
[90m[components/supervisor:app] [0m--- PASS: TestObserve (3.04s)
[90m[components/supervisor:app] [0m    --- PASS: TestObserve/basic_positive (0.50s)
[90m[components/supervisor:app] [0m    --- PASS: TestObserve/the_same_port_bound_locally_on_ip4_and_ip6 (0.50s)
[90m[components/supervisor:app] [0m    --- PASS: TestObserve/the_same_port_bound_locally_for_ip4_and_globally_for_ip6 (0.50s)
[90m[components/supervisor:app] [0m    --- PASS: TestObserve/the_same_port_bound_globally_for_ip4_and_locally_for_ip6 (0.50s)
[90m[components/supervisor:app] [0m    --- PASS: TestObserve/multiple_ports_bound_locally_and_globally (0.51s)
[90m[components/supervisor:app] [0m    --- PASS: TestObserve/multiple_ports_bound_locally_and_globally#01 (0.52s)
[90m[components/supervisor:app] [0m=== RUN   TestReadNetTCPFile
[90m[components/supervisor:app] [0m=== RUN   TestReadNetTCPFile/valid_tcp4_input
[90m[components/supervisor:app] [0m=== RUN   TestReadNetTCPFile/valid_tcp6_input
[90m[components/supervisor:app] [0m=== RUN   TestReadNetTCPFile/invalid_input
[90m[components/supervisor:app] [0m--- PASS: TestReadNetTCPFile (0.00s)
[90m[components/supervisor:app] [0m    --- PASS: TestReadNetTCPFile/valid_tcp4_input (0.00s)
[90m[components/supervisor:app] [0m    --- PASS: TestReadNetTCPFile/valid_tcp6_input (0.00s)
[90m[components/supervisor:app] [0m    --- PASS: TestReadNetTCPFile/invalid_input (0.00s)
[90m[components/supervisor:app] [0m=== RUN   TestLocalPortTunneling
[90m[components/supervisor:app] [0mlocal service is listening on 37261
[90m[components/supervisor:app] [0m37261:35163 tunnel has been created
[90m[components/supervisor:app] [0mtarget proxy is listening on 35163
[90m[components/supervisor:app] [0m--- PASS: TestLocalPortTunneling (0.02s)
[90m[components/supervisor:app] [0mPASS
[90m[components/supervisor:app] [0mok  	github.com/gitpod-io/gitpod/supervisor/pkg/ports	(cached)
[90m[components/supervisor:app] [0m?   	github.com/gitpod-io/gitpod/supervisor/pkg/serverapi	[no test files]
[90m[components/supervisor/openssh:docker-build] [0m#3 DONE 2.6s
[90m[components/supervisor/openssh:docker-build] [0m
[90m[components/supervisor/openssh:docker-build] [0m#4 [builder 1/9] FROM docker.io/library/alpine:3.17@sha256:124c7d2707904eea7431fffe91522a01e5a861a624ee31d03372cc1d138a3126
[90m[components/supervisor/openssh:docker-build] [0m#4 DONE 0.0s
[90m[components/supervisor/openssh:docker-build] [0m
[90m[components/supervisor/openssh:docker-build] [0m#5 [builder 6/9] RUN ./configure     --prefix=/usr     --sysconfdir=/etc/ssh     --with-ldflags=-static     --with-privsep-user=nobody     --with-ssl-engine
[90m[components/supervisor/openssh:docker-build] [0m#5 CACHED
[90m[components/supervisor/openssh:docker-build] [0m
[90m[components/supervisor/openssh:docker-build] [0m#6 [builder 2/9] WORKDIR /build
[90m[components/supervisor/openssh:docker-build] [0m#6 CACHED
[90m[components/supervisor/openssh:docker-build] [0m
[90m[components/supervisor/openssh:docker-build] [0m#7 [builder 3/9] RUN apk add --no-cache   bash   autoconf   automake   curl   gcc   make   musl-dev   linux-headers   openssl-dev   openssl-libs-static   patch   zlib-dev   sed   xauth   zlib-static
[90m[components/supervisor/openssh:docker-build] [0m#7 CACHED
[90m[components/supervisor/openssh:docker-build] [0m
[90m[components/supervisor/openssh:docker-build] [0m#8 [builder 5/9] RUN autoreconf
[90m[components/supervisor/openssh:docker-build] [0m#8 CACHED
[90m[components/supervisor/openssh:docker-build] [0m
[90m[components/supervisor/openssh:docker-build] [0m#9 [builder 4/9] RUN curl -fsSL "https://github.com/openssh/openssh-portable/archive/refs/tags/V_9_2_P1.tar.gz" | tar xz --strip-components=1
[90m[components/supervisor/openssh:docker-build] [0m#9 CACHED
[90m[components/supervisor/openssh:docker-build] [0m
[90m[components/supervisor/openssh:docker-build] [0m#10 [builder 7/9] RUN curl -fsSL     "https://raw.githubusercontent.com/alpinelinux/aports/master/main/openssh/{avoid-redefined-warnings-when-building-with-utmps,disable-forwarding-by-default,fix-utmp,fix-verify-dns-segfault,gss-serv.c,sftp-interactive}.patch"     | patch -p1
[90m[components/supervisor/openssh:docker-build] [0m#10 CACHED
[90m[components/supervisor/openssh:docker-build] [0m
[90m[components/supervisor/openssh:docker-build] [0m#11 [builder 8/9] RUN make install-nosysconf exec_prefix=/openssh
[90m[components/supervisor/openssh:docker-build] [0m#11 CACHED
[90m[components/supervisor/openssh:docker-build] [0m
[90m[components/supervisor/openssh:docker-build] [0m#12 [builder 9/9] RUN TEST_SSH_UNSAFE_PERMISSIONS=1     make -C /build file-tests interop-tests unit SK_DUMMY_LIBRARY=''
[90m[components/supervisor/openssh:docker-build] [0m#12 0.588 Makefile:686: warning: ignoring prerequisites on suffix rule definition
[90m[components/supervisor/openssh:docker-build] [0m#12 0.588 make: Entering directory '/build'
[90m[components/supervisor/openssh:docker-build] [0m#12 0.588 ./install-sh -c -d `pwd`/regress/unittests/test_helper
[90m[components/supervisor/openssh:docker-build] [0m#12 0.597 ./install-sh -c -d `pwd`/regress/unittests/authopt
[90m[components/supervisor/openssh:docker-build] [0m#12 0.603 ./install-sh -c -d `pwd`/regress/unittests/bitmap
[90m[components/supervisor/openssh:docker-build] [0m#12 0.606 ./install-sh -c -d `pwd`/regress/unittests/conversion
[90m[components/supervisor/openssh:docker-build] [0m#12 0.611 ./install-sh -c -d `pwd`/regress/unittests/hostkeys
[90m[components/supervisor/openssh:docker-build] [0m#12 0.615 ./install-sh -c -d `pwd`/regress/unittests/kex
[90m[components/supervisor/openssh:docker-build] [0m#12 0.620 ./install-sh -c -d `pwd`/regress/unittests/match
[90m[components/supervisor/openssh:docker-build] [0m#12 0.624 ./install-sh -c -d `pwd`/regress/unittests/misc
[90m[components/supervisor/openssh:docker-build] [0m#12 0.629 ./install-sh -c -d `pwd`/regress/unittests/sshbuf
[90m[components/supervisor/openssh:docker-build] [0m#12 0.634 ./install-sh -c -d `pwd`/regress/unittests/sshkey
[90m[components/supervisor/openssh:docker-build] [0m#12 0.638 ./install-sh -c -d `pwd`/regress/unittests/sshsig
[90m[components/supervisor/openssh:docker-build] [0m#12 0.643 ./install-sh -c -d `pwd`/regress/unittests/utf8
[90m[components/supervisor/openssh:docker-build] [0m#12 0.647 ./install-sh -c -d `pwd`/regress/misc/sk-dummy
[90m[components/supervisor/openssh:docker-build] [0m#12 0.652 [ -f `pwd`/regress/Makefile ] || \
[90m[components/supervisor/openssh:docker-build] [0m#12 0.652     ln -s `cd . && pwd`/regress/Makefile `pwd`/regress/Makefile
[90m[components/supervisor/openssh:docker-build] [0m#12 0.658 (cd openbsd-compat && make)
[90m[components/supervisor/openssh:docker-build] [0m#12 0.676 make[1]: Entering directory '/build/openbsd-compat'
[90m[components/supervisor/openssh:docker-build] [0m#12 0.676 make[1]: Nothing to be done for 'all'.
[90m[components/supervisor/openssh:docker-build] [0m#12 0.676 make[1]: Leaving directory '/build/openbsd-compat'
[90m[components/supervisor/openssh:docker-build] [0m#12 0.691 cc -g -O2 -pipe -Wno-error=format-truncation -Wall -Wpointer-arith -Wuninitialized -Wsign-compare -Wformat-security -Wsizeof-pointer-memaccess -Wno-pointer-sign -Wno-unused-result -Wimplicit-fallthrough -Wmisleading-indentation -fno-strict-aliasing -D_FORTIFY_SOURCE=2 -ftrapv -fzero-call-used-regs=all -ftrivial-auto-var-init=zero -fno-builtin-memset -fstack-protector-strong -fPIE   -I. -I.  -D_XOPEN_SOURCE=600 -D_BSD_SOURCE -D_DEFAULT_SOURCE -D_GNU_SOURCE -DOPENSSL_API_COMPAT=0x10100000L -DSSHDIR=\"/etc/ssh\" -D_PATH_SSH_PROGRAM=\"/usr/bin/ssh\" -D_PATH_SSH_ASKPASS_DEFAULT=\"/usr/libexec/ssh-askpass\" -D_PATH_SFTP_SERVER=\"/usr/libexec/sftp-server\" -D_PATH_SSH_KEY_SIGN=\"/usr/libexec/ssh-keysign\" -D_PATH_SSH_PKCS11_HELPER=\"/usr/libexec/ssh-pkcs11-helper\" -D_PATH_SSH_SK_HELPER=\"/usr/libexec/ssh-sk-helper\" -D_PATH_SSH_PIDDIR=\"/var/run\" -D_PATH_PRIVSEP_CHROOT_DIR=\"/var/empty\" -DHAVE_CONFIG_H -o regress/modpipe ./regress/modpipe.c \
[90m[components/supervisor/openssh:docker-build] [0m#12 0.691 -L. -Lopenbsd-compat/  -Wl,-z,relro -Wl,-z,now -Wl,-z,noexecstack -fstack-protector-strong -static -pie  -lssh -lopenbsd-compat -lssh -lopenbsd-compat  -lcrypto  -lz
[90m[components/supervisor/openssh:docker-build] [0m#12 1.168 cc -g -O2 -pipe -Wno-error=format-truncation -Wall -Wpointer-arith -Wuninitialized -Wsign-compare -Wformat-security -Wsizeof-pointer-memaccess -Wno-pointer-sign -Wno-unused-result -Wimplicit-fallthrough -Wmisleading-indentation -fno-strict-aliasing -D_FORTIFY_SOURCE=2 -ftrapv -fzero-call-used-regs=all -ftrivial-auto-var-init=zero -fno-builtin-memset -fstack-protector-strong -fPIE   -I. -I.  -D_XOPEN_SOURCE=600 -D_BSD_SOURCE -D_DEFAULT_SOURCE -D_GNU_SOURCE -DOPENSSL_API_COMPAT=0x10100000L -DSSHDIR=\"/etc/ssh\" -D_PATH_SSH_PROGRAM=\"/usr/bin/ssh\" -D_PATH_SSH_ASKPASS_DEFAULT=\"/usr/libexec/ssh-askpass\" -D_PATH_SFTP_SERVER=\"/usr/libexec/sftp-server\" -D_PATH_SSH_KEY_SIGN=\"/usr/libexec/ssh-keysign\" -D_PATH_SSH_PKCS11_HELPER=\"/usr/libexec/ssh-pkcs11-helper\" -D_PATH_SSH_SK_HELPER=\"/usr/libexec/ssh-sk-helper\" -D_PATH_SSH_PIDDIR=\"/var/run\" -D_PATH_PRIVSEP_CHROOT_DIR=\"/var/empty\" -DHAVE_CONFIG_H -o regress/setuid-allowed ./regress/setuid-allowed.c \
[90m[components/supervisor/openssh:docker-build] [0m#12 1.168 -L. -Lopenbsd-compat/  -Wl,-z,relro -Wl,-z,now -Wl,-z,noexecstack -fstack-protector-strong -static -pie  -lssh -lopenbsd-compat -lssh -lopenbsd-compat  -lcrypto  -lz
[90m[components/supervisor/openssh:docker-build] [0m#12 1.277 cc -g -O2 -pipe -Wno-error=format-truncation -Wall -Wpointer-arith -Wuninitialized -Wsign-compare -Wformat-security -Wsizeof-pointer-memaccess -Wno-pointer-sign -Wno-unused-result -Wimplicit-fallthrough -Wmisleading-indentation -fno-strict-aliasing -D_FORTIFY_SOURCE=2 -ftrapv -fzero-call-used-regs=all -ftrivial-auto-var-init=zero -fno-builtin-memset -fstack-protector-strong -fPIE   -I. -I.  -D_XOPEN_SOURCE=600 -D_BSD_SOURCE -D_DEFAULT_SOURCE -D_GNU_SOURCE -DOPENSSL_API_COMPAT=0x10100000L -DSSHDIR=\"/etc/ssh\" -D_PATH_SSH_PROGRAM=\"/usr/bin/ssh\" -D_PATH_SSH_ASKPASS_DEFAULT=\"/usr/libexec/ssh-askpass\" -D_PATH_SFTP_SERVER=\"/usr/libexec/sftp-server\" -D_PATH_SSH_KEY_SIGN=\"/usr/libexec/ssh-keysign\" -D_PATH_SSH_PKCS11_HELPER=\"/usr/libexec/ssh-pkcs11-helper\" -D_PATH_SSH_SK_HELPER=\"/usr/libexec/ssh-sk-helper\" -D_PATH_SSH_PIDDIR=\"/var/run\" -D_PATH_PRIVSEP_CHROOT_DIR=\"/var/empty\" -DHAVE_CONFIG_H -o regress/netcat ./regress/netcat.c \
[90m[components/supervisor/openssh:docker-build] [0m#12 1.277 -L. -Lopenbsd-compat/  -Wl,-z,relro -Wl,-z,now -Wl,-z,noexecstack -fstack-protector-strong -static -pie  -lssh -lopenbsd-compat -lssh -lopenbsd-compat  -lcrypto  -lz
[90m[components/supervisor/openssh:docker-build] [0m#12 3.045 cc -g -O2 -pipe -Wno-error=format-truncation -Wall -Wpointer-arith -Wuninitialized -Wsign-compare -Wformat-security -Wsizeof-pointer-memaccess -Wno-pointer-sign -Wno-unused-result -Wimplicit-fallthrough -Wmisleading-indentation -fno-strict-aliasing -D_FORTIFY_SOURCE=2 -ftrapv -fzero-call-used-regs=all -ftrivial-auto-var-init=zero -fno-builtin-memset -fstack-protector-strong -fPIE   -I. -I.  -D_XOPEN_SOURCE=600 -D_BSD_SOURCE -D_DEFAULT_SOURCE -D_GNU_SOURCE -DOPENSSL_API_COMPAT=0x10100000L -DSSHDIR=\"/etc/ssh\" -D_PATH_SSH_PROGRAM=\"/usr/bin/ssh\" -D_PATH_SSH_ASKPASS_DEFAULT=\"/usr/libexec/ssh-askpass\" -D_PATH_SFTP_SERVER=\"/usr/libexec/sftp-server\" -D_PATH_SSH_KEY_SIGN=\"/usr/libexec/ssh-keysign\" -D_PATH_SSH_PKCS11_HELPER=\"/usr/libexec/ssh-pkcs11-helper\" -D_PATH_SSH_SK_HELPER=\"/usr/libexec/ssh-sk-helper\" -D_PATH_SSH_PIDDIR=\"/var/run\" -D_PATH_PRIVSEP_CHROOT_DIR=\"/var/empty\" -DHAVE_CONFIG_H -o regress/check-perm ./regress/check-perm.c \
[90m[components/supervisor/openssh:docker-build] [0m#12 3.045 -L. -Lopenbsd-compat/  -Wl,-z,relro -Wl,-z,now -Wl,-z,noexecstack -fstack-protector-strong -static -pie  -lssh -lopenbsd-compat -lssh -lopenbsd-compat  -lcrypto  -lz
[90m[components/supervisor/openssh:docker-build] [0m#12 3.249 cc -g -O2 -pipe -Wno-error=format-truncation -Wall -Wpointer-arith -Wuninitialized -Wsign-compare -Wformat-security -Wsizeof-pointer-memaccess -Wno-pointer-sign -Wno-unused-result -Wimplicit-fallthrough -Wmisleading-indentation -fno-strict-aliasing -D_FORTIFY_SOURCE=2 -ftrapv -fzero-call-used-regs=all -ftrivial-auto-var-init=zero -fno-builtin-memset -fstack-protector-strong -fPIE   -I. -I.  -D_XOPEN_SOURCE=600 -D_BSD_SOURCE -D_DEFAULT_SOURCE -D_GNU_SOURCE -DOPENSSL_API_COMPAT=0x10100000L -DSSHDIR=\"/etc/ssh\" -D_PATH_SSH_PROGRAM=\"/usr/bin/ssh\" -D_PATH_SSH_ASKPASS_DEFAULT=\"/usr/libexec/ssh-askpass\" -D_PATH_SFTP_SERVER=\"/usr/libexec/sftp-server\" -D_PATH_SSH_KEY_SIGN=\"/usr/libexec/ssh-keysign\" -D_PATH_SSH_PKCS11_HELPER=\"/usr/libexec/ssh-pkcs11-helper\" -D_PATH_SSH_SK_HELPER=\"/usr/libexec/ssh-sk-helper\" -D_PATH_SSH_PIDDIR=\"/var/run\" -D_PATH_PRIVSEP_CHROOT_DIR=\"/var/empty\" -DHAVE_CONFIG_H -o regress/mkdtemp ./regress/mkdtemp.c \
[90m[components/supervisor/openssh:docker-build] [0m#12 3.249 -L. -Lopenbsd-compat/  -Wl,-z,relro -Wl,-z,now -Wl,-z,noexecstack -fstack-protector-strong -static -pie  -lssh -lopenbsd-compat -lssh -lopenbsd-compat  -lcrypto  -lz
[90m[components/supervisor/openssh:docker-build] [0m#12 3.498 cd ./regress || exit $?; \
[90m[components/supervisor/openssh:docker-build] [0m#12 3.498 EGREP='/bin/grep -E' \
[90m[components/supervisor/openssh:docker-build] [0m#12 3.498 OPENSSL_BIN='' \
[90m[components/supervisor/openssh:docker-build] [0m#12 3.498 make \
[90m[components/supervisor/openssh:docker-build] [0m#12 3.498 	.CURDIR="/build/regress" \
[90m[components/supervisor/openssh:docker-build] [0m#12 3.498 	.OBJDIR="/build/regress" \
[90m[components/supervisor/openssh:docker-build] [0m#12 3.498 	BUILDDIR="/build" \
[90m[components/supervisor/openssh:docker-build] [0m#12 3.498 	OBJ="/build/regress" \
[90m[components/supervisor/openssh:docker-build] [0m#12 3.498 	PATH="/build:${PATH}" \
[90m[components/supervisor/openssh:docker-build] [0m#12 3.498 	TEST_ENV=MALLOC_OPTIONS="" \
[90m[components/supervisor/openssh:docker-build] [0m#12 3.498 	TEST_MALLOC_OPTIONS="" \
[90m[components/supervisor/openssh:docker-build] [0m#12 3.498 	TEST_SSH_SCP="/build/scp" \
[90m[components/supervisor/openssh:docker-build] [0m#12 3.498 	TEST_SSH_SSH="/build/ssh" \
[90m[components/supervisor/openssh:docker-build] [0m#12 3.498 	TEST_SSH_SSHD="/build/sshd" \
[90m[components/supervisor/openssh:docker-build] [0m#12 3.498 	TEST_SSH_SSHAGENT="/build/ssh-agent" \
[90m[components/supervisor/openssh:docker-build] [0m#12 3.498 	TEST_SSH_SSHADD="/build/ssh-add" \
[90m[components/supervisor/openssh:docker-build] [0m#12 3.498 	TEST_SSH_SSHKEYGEN="/build/ssh-keygen" \
[90m[components/supervisor/openssh:docker-build] [0m#12 3.498 	TEST_SSH_SSHPKCS11HELPER="/build/ssh-pkcs11-helper" \
[90m[components/supervisor/openssh:docker-build] [0m#12 3.498 	TEST_SSH_SSHKEYSCAN="/build/ssh-keyscan" \
[90m[components/supervisor/openssh:docker-build] [0m#12 3.498 	TEST_SSH_SFTP="/build/sftp" \
[90m[components/supervisor/openssh:docker-build] [0m#12 3.498 	TEST_SSH_PKCS11_HELPER="/build/ssh-pkcs11-helper" \
[90m[components/supervisor/openssh:docker-build] [0m#12 3.498 	TEST_SSH_SK_HELPER="/build/ssh-sk-helper" \
[90m[components/supervisor/openssh:docker-build] [0m#12 3.498 	TEST_SSH_SFTPSERVER="/build/sftp-server" \
[90m[components/supervisor/openssh:docker-build] [0m#12 3.498 	TEST_SSH_MODULI_FILE="/build/moduli" \
[90m[components/supervisor/openssh:docker-build] [0m#12 3.498 	TEST_SSH_PLINK="plink" \
[90m[components/supervisor/openssh:docker-build] [0m#12 3.498 	TEST_SSH_PUTTYGEN="puttygen" \
[90m[components/supervisor/openssh:docker-build] [0m#12 3.498 	TEST_SSH_CONCH="conch" \
[90m[components/supervisor/openssh:docker-build] [0m#12 3.498 	TEST_SSH_IPV6="yes" \
[90m[components/supervisor/openssh:docker-build] [0m#12 3.498 	TEST_SSH_UTF8="yes" \
[90m[components/supervisor/openssh:docker-build] [0m#12 3.498 	TEST_SHELL="sh" \
[90m[components/supervisor/openssh:docker-build] [0m#12 3.498 	EXEEXT="" \
[90m[components/supervisor/openssh:docker-build] [0m#12 3.498 	file-tests && echo all file-tests passed
[90m[components/supervisor/openssh:docker-build] [0m#12 3.504 make[1]: Entering directory '/build/regress'
[90m[components/supervisor/openssh:docker-build] [0m#12 3.504 /build/ssh-keygen -if /build/regress/rsa_ssh2.prv | diff - /build/regress/rsa_openssh.prv
[90m[components/supervisor/openssh:docker-build] [0m#12 3.514 tr '\n' '\r' </build/regress/rsa_ssh2.prv > /build/regress/rsa_ssh2_cr.prv
[90m[components/supervisor/openssh:docker-build] [0m#12 3.515 /build/ssh-keygen -if /build/regress/rsa_ssh2_cr.prv | diff - /build/regress/rsa_openssh.prv
[90m[components/supervisor/openssh:docker-build] [0m#12 3.523 awk '{print $0 "\r"}' /build/regress/rsa_ssh2.prv > /build/regress/rsa_ssh2_crnl.prv
[90m[components/supervisor/openssh:docker-build] [0m#12 3.524 /build/ssh-keygen -if /build/regress/rsa_ssh2_crnl.prv | diff - /build/regress/rsa_openssh.prv
[90m[components/supervisor/openssh:docker-build] [0m#12 3.531 cat /build/regress/rsa_openssh.prv > /build/regress/t2.out
[90m[components/supervisor/openssh:docker-build] [0m#12 3.532 chmod 600 /build/regress/t2.out
[90m[components/supervisor/openssh:docker-build] [0m#12 3.533 /build/ssh-keygen -yf /build/regress/t2.out | diff - /build/regress/rsa_openssh.pub
[90m[components/supervisor/openssh:docker-build] [0m#12 3.541 /build/ssh-keygen -ef /build/regress/rsa_openssh.pub >/build/regress/t3.out
[90m[components/supervisor/openssh:docker-build] [0m#12 3.548 /build/ssh-keygen -if /build/regress/t3.out | diff - /build/regress/rsa_openssh.pub
[90m[components/supervisor/openssh:docker-build] [0m#12 3.553 /build/ssh-keygen -E md5 -lf /build/regress/rsa_openssh.pub |\
[90m[components/supervisor/openssh:docker-build] [0m#12 3.553 	awk '{print $2}' | diff - /build/regress/t4.ok
[90m[components/supervisor/openssh:docker-build] [0m#12 3.560 /build/ssh-keygen -Bf /build/regress/rsa_openssh.pub |\
[90m[components/supervisor/openssh:docker-build] [0m#12 3.560 	awk '{print $2}' | diff - /build/regress/t5.ok
[90m[components/supervisor/openssh:docker-build] [0m#12 3.567 /build/ssh-keygen -if /build/regress/dsa_ssh2.prv > /build/regress/t6.out1
[90m[components/supervisor/openssh:docker-build] [0m#12 3.573 /build/ssh-keygen -if /build/regress/dsa_ssh2.pub > /build/regress/t6.out2
[90m[components/supervisor/openssh:docker-build] [0m#12 3.580 chmod 600 /build/regress/t6.out1
[90m[components/supervisor/openssh:docker-build] [0m#12 3.580 /build/ssh-keygen -yf /build/regress/t6.out1 | diff - /build/regress/t6.out2
[90m[components/supervisor/openssh:docker-build] [0m#12 3.588 /build/ssh-keygen -q -t rsa -N '' -f /build/regress/t7.out
[90m[components/supervisor/openssh:docker-build] [0m#12 6.026 /build/ssh-keygen -lf /build/regress/t7.out > /dev/null
[90m[components/supervisor/openssh:docker-build] [0m#12 6.033 /build/ssh-keygen -Bf /build/regress/t7.out > /dev/null
[90m[components/supervisor/openssh:docker-build] [0m#12 6.039 /build/ssh-keygen -q -t dsa -N '' -f /build/regress/t8.out
[90m[components/supervisor/openssh:docker-build] [0m#12 6.119 /build/ssh-keygen -lf /build/regress/t8.out > /dev/null
[90m[components/supervisor/openssh:docker-build] [0m#12 6.125 /build/ssh-keygen -Bf /build/regress/t8.out > /dev/null
[90m[components/supervisor/openssh:docker-build] [0m#12 6.131 ! /build/ssh -Q key-plain | grep ecdsa >/dev/null || \
[90m[components/supervisor/openssh:docker-build] [0m#12 6.131 /build/ssh-keygen -q -t ecdsa -N '' -f /build/regress/t9.out
[90m[components/supervisor/openssh:docker-build] [0m#12 6.144 ! /build/ssh -Q key-plain | grep ecdsa >/dev/null || \
[90m[components/supervisor/openssh:docker-build] [0m#12 6.144 /build/ssh-keygen -lf /build/regress/t9.out > /dev/null
[90m[components/supervisor/openssh:docker-build] [0m#12 6.155 ! /build/ssh -Q key-plain | grep ecdsa >/dev/null || \
[90m[components/supervisor/openssh:docker-build] [0m#12 6.155 /build/ssh-keygen -Bf /build/regress/t9.out > /dev/null
[90m[components/supervisor/openssh:docker-build] [0m#12 6.167 /build/ssh-keygen -q -t ed25519 -N '' -f /build/regress/t10.out
[90m[components/supervisor/openssh:docker-build] [0m#12 6.173 /build/ssh-keygen -lf /build/regress/t10.out > /dev/null
[90m[components/supervisor/openssh:docker-build] [0m#12 6.178 /build/ssh-keygen -Bf /build/regress/t10.out > /dev/null
[90m[components/supervisor/openssh:docker-build] [0m#12 6.184 /build/ssh-keygen -E sha256 -lf /build/regress/rsa_openssh.pub |\
[90m[components/supervisor/openssh:docker-build] [0m#12 6.184 	awk '{print $2}' | diff - /build/regress/t11.ok
[90m[components/supervisor/openssh:docker-build] [0m#12 6.190 /build/ssh-keygen -q -t ed25519 -N '' -C 'test-comment-1234' -f /build/regress/t12.out
[90m[components/supervisor/openssh:docker-build] [0m#12 6.196 /build/ssh-keygen -lf /build/regress/t12.out.pub | grep test-comment-1234 >/dev/null
[90m[components/supervisor/openssh:docker-build] [0m#12 6.202 make[1]: Leaving directory '/build/regress'
[90m[components/supervisor/openssh:docker-build] [0m#12 6.202 all file-tests passed
[90m[components/supervisor/openssh:docker-build] [0m#12 6.203 cd ./regress || exit $?; \
[90m[components/supervisor/openssh:docker-build] [0m#12 6.203 EGREP='/bin/grep -E' \
[90m[components/supervisor/openssh:docker-build] [0m#12 6.203 OPENSSL_BIN='' \
[90m[components/supervisor/openssh:docker-build] [0m#12 6.203 make \
[90m[components/supervisor/openssh:docker-build] [0m#12 6.203 	.CURDIR="/build/regress" \
[90m[components/supervisor/openssh:docker-build] [0m#12 6.203 	.OBJDIR="/build/regress" \
[90m[components/supervisor/openssh:docker-build] [0m#12 6.203 	BUILDDIR="/build" \
[90m[components/supervisor/openssh:docker-build] [0m#12 6.203 	OBJ="/build/regress" \
[90m[components/supervisor/openssh:docker-build] [0m#12 6.203 	PATH="/build:${PATH}" \
[90m[components/supervisor/openssh:docker-build] [0m#12 6.203 	TEST_ENV=MALLOC_OPTIONS="" \
[90m[components/supervisor/openssh:docker-build] [0m#12 6.203 	TEST_MALLOC_OPTIONS="" \
[90m[components/supervisor/openssh:docker-build] [0m#12 6.203 	TEST_SSH_SCP="/build/scp" \
[90m[components/supervisor/openssh:docker-build] [0m#12 6.203 	TEST_SSH_SSH="/build/ssh" \
[90m[components/supervisor/openssh:docker-build] [0m#12 6.203 	TEST_SSH_SSHD="/build/sshd" \
[90m[components/supervisor/openssh:docker-build] [0m#12 6.203 	TEST_SSH_SSHAGENT="/build/ssh-agent" \
[90m[components/supervisor/openssh:docker-build] [0m#12 6.203 	TEST_SSH_SSHADD="/build/ssh-add" \
[90m[components/supervisor/openssh:docker-build] [0m#12 6.203 	TEST_SSH_SSHKEYGEN="/build/ssh-keygen" \
[90m[components/supervisor/openssh:docker-build] [0m#12 6.203 	TEST_SSH_SSHPKCS11HELPER="/build/ssh-pkcs11-helper" \
[90m[components/supervisor/openssh:docker-build] [0m#12 6.203 	TEST_SSH_SSHKEYSCAN="/build/ssh-keyscan" \
[90m[components/supervisor/openssh:docker-build] [0m#12 6.203 	TEST_SSH_SFTP="/build/sftp" \
[90m[components/supervisor/openssh:docker-build] [0m#12 6.203 	TEST_SSH_PKCS11_HELPER="/build/ssh-pkcs11-helper" \
[90m[components/supervisor/openssh:docker-build] [0m#12 6.203 	TEST_SSH_SK_HELPER="/build/ssh-sk-helper" \
[90m[components/supervisor/openssh:docker-build] [0m#12 6.203 	TEST_SSH_SFTPSERVER="/build/sftp-server" \
[90m[components/supervisor/openssh:docker-build] [0m#12 6.203 	TEST_SSH_MODULI_FILE="/build/moduli" \
[90m[components/supervisor/openssh:docker-build] [0m#12 6.203 	TEST_SSH_PLINK="plink" \
[90m[components/supervisor/openssh:docker-build] [0m#12 6.203 	TEST_SSH_PUTTYGEN="puttygen" \
[90m[components/supervisor/openssh:docker-build] [0m#12 6.203 	TEST_SSH_CONCH="conch" \
[90m[components/supervisor/openssh:docker-build] [0m#12 6.203 	TEST_SSH_IPV6="yes" \
[90m[components/supervisor/openssh:docker-build] [0m#12 6.203 	TEST_SSH_UTF8="yes" \
[90m[components/supervisor/openssh:docker-build] [0m#12 6.203 	TEST_SHELL="sh" \
[90m[components/supervisor/openssh:docker-build] [0m#12 6.203 	EXEEXT="" \
[90m[components/supervisor/openssh:docker-build] [0m#12 6.203 	interop-tests && echo all interop-tests passed
[90m[components/supervisor/openssh:docker-build] [0m#12 6.208 make[1]: Entering directory '/build/regress'
[90m[components/supervisor/openssh:docker-build] [0m#12 6.209 run test putty-transfer.sh ...
[90m[components/supervisor/openssh:docker-build] [0m#12 8.952 SKIPPED: putty interop tests not enabled
[90m[components/supervisor/openssh:docker-build] [0m#12 8.952 run test putty-ciphers.sh ...
[90m[components/supervisor/openssh:docker-build] [0m#12 9.075 SKIPPED: putty interop tests not enabled
[90m[components/supervisor/openssh:docker-build] [0m#12 9.075 run test putty-kex.sh ...
[90m[components/supervisor/openssh:docker-build] [0m#12 9.222 SKIPPED: putty interop tests not enabled
[90m[components/supervisor/openssh:docker-build] [0m#12 9.222 run test conch-ciphers.sh ...
[90m[components/supervisor/openssh:docker-build] [0m#12 9.336 conch interop tests not enabled
[90m[components/supervisor/openssh:docker-build] [0m#12 9.336 make[1]: Leaving directory '/build/regress'
[90m[components/supervisor/openssh:docker-build] [0m#12 9.336 all interop-tests passed
[90m[components/supervisor/openssh:docker-build] [0m#12 9.338 cc -g -O2 -pipe -Wno-error=format-truncation -Wall -Wpointer-arith -Wuninitialized -Wsign-compare -Wformat-security -Wsizeof-pointer-memaccess -Wno-pointer-sign -Wno-unused-result -Wimplicit-fallthrough -Wmisleading-indentation -fno-strict-aliasing -D_FORTIFY_SOURCE=2 -ftrapv -fzero-call-used-regs=all -ftrivial-auto-var-init=zero -fno-builtin-memset -fstack-protector-strong -fPIE   -I. -I.  -D_XOPEN_SOURCE=600 -D_BSD_SOURCE -D_DEFAULT_SOURCE -D_GNU_SOURCE -DOPENSSL_API_COMPAT=0x10100000L -DSSHDIR=\"/etc/ssh\" -D_PATH_SSH_PROGRAM=\"/usr/bin/ssh\" -D_PATH_SSH_ASKPASS_DEFAULT=\"/usr/libexec/ssh-askpass\" -D_PATH_SFTP_SERVER=\"/usr/libexec/sftp-server\" -D_PATH_SSH_KEY_SIGN=\"/usr/libexec/ssh-keysign\" -D_PATH_SSH_PKCS11_HELPER=\"/usr/libexec/ssh-pkcs11-helper\" -D_PATH_SSH_SK_HELPER=\"/usr/libexec/ssh-sk-helper\" -D_PATH_SSH_PIDDIR=\"/var/run\" -D_PATH_PRIVSEP_CHROOT_DIR=\"/var/empty\" -DHAVE_CONFIG_H -c regress/unittests/authopt/tests.c -o regress/unittests/authopt/tests.o
[90m[components/supervisor/openssh:docker-build] [0m#12 11.50 cc -g -O2 -pipe -Wno-error=format-truncation -Wall -Wpointer-arith -Wuninitialized -Wsign-compare -Wformat-security -Wsizeof-pointer-memaccess -Wno-pointer-sign -Wno-unused-result -Wimplicit-fallthrough -Wmisleading-indentation -fno-strict-aliasing -D_FORTIFY_SOURCE=2 -ftrapv -fzero-call-used-regs=all -ftrivial-auto-var-init=zero -fno-builtin-memset -fstack-protector-strong -fPIE   -I. -I.  -D_XOPEN_SOURCE=600 -D_BSD_SOURCE -D_DEFAULT_SOURCE -D_GNU_SOURCE -DOPENSSL_API_COMPAT=0x10100000L -DSSHDIR=\"/etc/ssh\" -D_PATH_SSH_PROGRAM=\"/usr/bin/ssh\" -D_PATH_SSH_ASKPASS_DEFAULT=\"/usr/libexec/ssh-askpass\" -D_PATH_SFTP_SERVER=\"/usr/libexec/sftp-server\" -D_PATH_SSH_KEY_SIGN=\"/usr/libexec/ssh-keysign\" -D_PATH_SSH_PKCS11_HELPER=\"/usr/libexec/ssh-pkcs11-helper\" -D_PATH_SSH_SK_HELPER=\"/usr/libexec/ssh-sk-helper\" -D_PATH_SSH_PIDDIR=\"/var/run\" -D_PATH_PRIVSEP_CHROOT_DIR=\"/var/empty\" -DHAVE_CONFIG_H -c regress/unittests/test_helper/test_helper.c -o regress/unittests/test_helper/test_helper.o
[90m[components/supervisor/openssh:docker-build] [0m#12 11.68 regress/unittests/test_helper/test_helper.c: In function 'siginfo':
[90m[components/supervisor/openssh:docker-build] [0m#12 11.68 regress/unittests/test_helper/test_helper.c:232:47: warning: '%s' directive output may be truncated writing up to 511 bytes into a region of size between 234 and 243 [-Wformat-truncation=]
[90m[components/supervisor/openssh:docker-build] [0m#12 11.68   232 |         snprintf(s, len, "In test %u: \"%s\"%s%s\n", test_number,
[90m[components/supervisor/openssh:docker-build] [0m#12 11.68       |                                               ^~
[90m[components/supervisor/openssh:docker-build] [0m#12 11.68   233 |             active_test_name == NULL ? "<none>" : active_test_name,
[90m[components/supervisor/openssh:docker-build] [0m#12 11.68   234 |             *subtest_info != '\0' ? " - " : "", subtest_info);
[90m[components/supervisor/openssh:docker-build] [0m#12 11.68       |                                                 ~~~~~~~~~~~~
[90m[components/supervisor/openssh:docker-build] [0m#12 11.68 In function 'test_info',
[90m[components/supervisor/openssh:docker-build] [0m#12 11.68     inlined from 'siginfo' at regress/unittests/test_helper/test_helper.c:242:2:
[90m[components/supervisor/openssh:docker-build] [0m#12 11.68 regress/unittests/test_helper/test_helper.c:232:9: note: 'snprintf' output 15 or more bytes (assuming 535) into a destination of size 256
[90m[components/supervisor/openssh:docker-build] [0m#12 11.68   232 |         snprintf(s, len, "In test %u: \"%s\"%s%s\n", test_number,
[90m[components/supervisor/openssh:docker-build] [0m#12 11.68       |         ^~~~~~~~~~~~~~~~~~~~~~~~~~~~~~~~~~~~~~~~~~~~~~~~~~~~~~~~~
[90m[components/supervisor/openssh:docker-build] [0m#12 11.68   233 |             active_test_name == NULL ? "<none>" : active_test_name,
[90m[components/supervisor/openssh:docker-build] [0m#12 11.68       |             ~~~~~~~~~~~~~~~~~~~~~~~~~~~~~~~~~~~~~~~~~~~~~~~~~~~~~~~
[90m[components/supervisor/openssh:docker-build] [0m#12 11.68   234 |             *subtest_info != '\0' ? " - " : "", subtest_info);
[90m[components/supervisor/openssh:docker-build] [0m#12 11.68       |             ~~~~~~~~~~~~~~~~~~~~~~~~~~~~~~~~~~~~~~~~~~~~~~~~~
[90m[components/supervisor/openssh:docker-build] [0m#12 11.96 cc -g -O2 -pipe -Wno-error=format-truncation -Wall -Wpointer-arith -Wuninitialized -Wsign-compare -Wformat-security -Wsizeof-pointer-memaccess -Wno-pointer-sign -Wno-unused-result -Wimplicit-fallthrough -Wmisleading-indentation -fno-strict-aliasing -D_FORTIFY_SOURCE=2 -ftrapv -fzero-call-used-regs=all -ftrivial-auto-var-init=zero -fno-builtin-memset -fstack-protector-strong -fPIE   -I. -I.  -D_XOPEN_SOURCE=600 -D_BSD_SOURCE -D_DEFAULT_SOURCE -D_GNU_SOURCE -DOPENSSL_API_COMPAT=0x10100000L -DSSHDIR=\"/etc/ssh\" -D_PATH_SSH_PROGRAM=\"/usr/bin/ssh\" -D_PATH_SSH_ASKPASS_DEFAULT=\"/usr/libexec/ssh-askpass\" -D_PATH_SFTP_SERVER=\"/usr/libexec/sftp-server\" -D_PATH_SSH_KEY_SIGN=\"/usr/libexec/ssh-keysign\" -D_PATH_SSH_PKCS11_HELPER=\"/usr/libexec/ssh-pkcs11-helper\" -D_PATH_SSH_SK_HELPER=\"/usr/libexec/ssh-sk-helper\" -D_PATH_SSH_PIDDIR=\"/var/run\" -D_PATH_PRIVSEP_CHROOT_DIR=\"/var/empty\" -DHAVE_CONFIG_H -c regress/unittests/test_helper/fuzz.c -o regress/unittests/test_helper/fuzz.o
[90m[components/supervisor/openssh:docker-build] [0m#12 12.24 ar rv regress/unittests/test_helper/libtest_helper.a regress/unittests/test_helper/test_helper.o regress/unittests/test_helper/fuzz.o
[90m[components/supervisor/openssh:docker-build] [0m#12 12.24 ar: creating regress/unittests/test_helper/libtest_helper.a
[90m[components/supervisor/openssh:docker-build] [0m#12 12.24 a - regress/unittests/test_helper/test_helper.o
[90m[components/supervisor/openssh:docker-build] [0m#12 12.24 a - regress/unittests/test_helper/fuzz.o
[90m[components/supervisor/openssh:docker-build] [0m#12 12.24 ranlib regress/unittests/test_helper/libtest_helper.a
[90m[components/supervisor/openssh:docker-build] [0m#12 12.25 cc -o regress/unittests/authopt/test_authopt -L. -Lopenbsd-compat/  -Wl,-z,relro -Wl,-z,now -Wl,-z,noexecstack -fstack-protector-strong -static -pie  regress/unittests/authopt/tests.o auth-options.o ssh-sk-client.o \
[90m[components/supervisor/openssh:docker-build] [0m#12 12.25     regress/unittests/test_helper/libtest_helper.a \
[90m[components/supervisor/openssh:docker-build] [0m#12 12.25     -lssh -lopenbsd-compat -lssh -lopenbsd-compat  -lcrypto  -lz
[90m[components/supervisor/openssh:docker-build] [0m#12 13.17 cc -g -O2 -pipe -Wno-error=format-truncation -Wall -Wpointer-arith -Wuninitialized -Wsign-compare -Wformat-security -Wsizeof-pointer-memaccess -Wno-pointer-sign -Wno-unused-result -Wimplicit-fallthrough -Wmisleading-indentation -fno-strict-aliasing -D_FORTIFY_SOURCE=2 -ftrapv -fzero-call-used-regs=all -ftrivial-auto-var-init=zero -fno-builtin-memset -fstack-protector-strong -fPIE   -I. -I.  -D_XOPEN_SOURCE=600 -D_BSD_SOURCE -D_DEFAULT_SOURCE -D_GNU_SOURCE -DOPENSSL_API_COMPAT=0x10100000L -DSSHDIR=\"/etc/ssh\" -D_PATH_SSH_PROGRAM=\"/usr/bin/ssh\" -D_PATH_SSH_ASKPASS_DEFAULT=\"/usr/libexec/ssh-askpass\" -D_PATH_SFTP_SERVER=\"/usr/libexec/sftp-server\" -D_PATH_SSH_KEY_SIGN=\"/usr/libexec/ssh-keysign\" -D_PATH_SSH_PKCS11_HELPER=\"/usr/libexec/ssh-pkcs11-helper\" -D_PATH_SSH_SK_HELPER=\"/usr/libexec/ssh-sk-helper\" -D_PATH_SSH_PIDDIR=\"/var/run\" -D_PATH_PRIVSEP_CHROOT_DIR=\"/var/empty\" -DHAVE_CONFIG_H -c regress/unittests/bitmap/tests.c -o regress/unittests/bitmap/tests.o
[90m[components/supervisor/openssh:docker-build] [0m#12 13.33 cc -o regress/unittests/bitmap/test_bitmap -L. -Lopenbsd-compat/  -Wl,-z,relro -Wl,-z,now -Wl,-z,noexecstack -fstack-protector-strong -static -pie  regress/unittests/bitmap/tests.o \
[90m[components/supervisor/openssh:docker-build] [0m#12 13.33     regress/unittests/test_helper/libtest_helper.a \
[90m[components/supervisor/openssh:docker-build] [0m#12 13.33     -lssh -lopenbsd-compat -lssh -lopenbsd-compat  -lcrypto  -lz
[90m[components/supervisor/openssh:docker-build] [0m#12 14.22 cc -g -O2 -pipe -Wno-error=format-truncation -Wall -Wpointer-arith -Wuninitialized -Wsign-compare -Wformat-security -Wsizeof-pointer-memaccess -Wno-pointer-sign -Wno-unused-result -Wimplicit-fallthrough -Wmisleading-indentation -fno-strict-aliasing -D_FORTIFY_SOURCE=2 -ftrapv -fzero-call-used-regs=all -ftrivial-auto-var-init=zero -fno-builtin-memset -fstack-protector-strong -fPIE   -I. -I.  -D_XOPEN_SOURCE=600 -D_BSD_SOURCE -D_DEFAULT_SOURCE -D_GNU_SOURCE -DOPENSSL_API_COMPAT=0x10100000L -DSSHDIR=\"/etc/ssh\" -D_PATH_SSH_PROGRAM=\"/usr/bin/ssh\" -D_PATH_SSH_ASKPASS_DEFAULT=\"/usr/libexec/ssh-askpass\" -D_PATH_SFTP_SERVER=\"/usr/libexec/sftp-server\" -D_PATH_SSH_KEY_SIGN=\"/usr/libexec/ssh-keysign\" -D_PATH_SSH_PKCS11_HELPER=\"/usr/libexec/ssh-pkcs11-helper\" -D_PATH_SSH_SK_HELPER=\"/usr/libexec/ssh-sk-helper\" -D_PATH_SSH_PIDDIR=\"/var/run\" -D_PATH_PRIVSEP_CHROOT_DIR=\"/var/empty\" -DHAVE_CONFIG_H -c regress/unittests/conversion/tests.c -o regress/unittests/conversion/tests.o
[90m[components/supervisor/openssh:docker-build] [0m#12 14.32 cc -o regress/unittests/conversion/test_conversion -L. -Lopenbsd-compat/  -Wl,-z,relro -Wl,-z,now -Wl,-z,noexecstack -fstack-protector-strong -static -pie  regress/unittests/conversion/tests.o \
[90m[components/supervisor/openssh:docker-build] [0m#12 14.32     regress/unittests/test_helper/libtest_helper.a \
[90m[components/supervisor/openssh:docker-build] [0m#12 14.32     -lssh -lopenbsd-compat -lssh -lopenbsd-compat  -lcrypto  -lz
[90m[components/supervisor/openssh:docker-build] [0m#12 15.18 cc -g -O2 -pipe -Wno-error=format-truncation -Wall -Wpointer-arith -Wuninitialized -Wsign-compare -Wformat-security -Wsizeof-pointer-memaccess -Wno-pointer-sign -Wno-unused-result -Wimplicit-fallthrough -Wmisleading-indentation -fno-strict-aliasing -D_FORTIFY_SOURCE=2 -ftrapv -fzero-call-used-regs=all -ftrivial-auto-var-init=zero -fno-builtin-memset -fstack-protector-strong -fPIE   -I. -I.  -D_XOPEN_SOURCE=600 -D_BSD_SOURCE -D_DEFAULT_SOURCE -D_GNU_SOURCE -DOPENSSL_API_COMPAT=0x10100000L -DSSHDIR=\"/etc/ssh\" -D_PATH_SSH_PROGRAM=\"/usr/bin/ssh\" -D_PATH_SSH_ASKPASS_DEFAULT=\"/usr/libexec/ssh-askpass\" -D_PATH_SFTP_SERVER=\"/usr/libexec/sftp-server\" -D_PATH_SSH_KEY_SIGN=\"/usr/libexec/ssh-keysign\" -D_PATH_SSH_PKCS11_HELPER=\"/usr/libexec/ssh-pkcs11-helper\" -D_PATH_SSH_SK_HELPER=\"/usr/libexec/ssh-sk-helper\" -D_PATH_SSH_PIDDIR=\"/var/run\" -D_PATH_PRIVSEP_CHROOT_DIR=\"/var/empty\" -DHAVE_CONFIG_H -c regress/unittests/hostkeys/tests.c -o regress/unittests/hostkeys/tests.o
[90m[components/supervisor/openssh:docker-build] [0m#12 15.24 cc -g -O2 -pipe -Wno-error=format-truncation -Wall -Wpointer-arith -Wuninitialized -Wsign-compare -Wformat-security -Wsizeof-pointer-memaccess -Wno-pointer-sign -Wno-unused-result -Wimplicit-fallthrough -Wmisleading-indentation -fno-strict-aliasing -D_FORTIFY_SOURCE=2 -ftrapv -fzero-call-used-regs=all -ftrivial-auto-var-init=zero -fno-builtin-memset -fstack-protector-strong -fPIE   -I. -I.  -D_XOPEN_SOURCE=600 -D_BSD_SOURCE -D_DEFAULT_SOURCE -D_GNU_SOURCE -DOPENSSL_API_COMPAT=0x10100000L -DSSHDIR=\"/etc/ssh\" -D_PATH_SSH_PROGRAM=\"/usr/bin/ssh\" -D_PATH_SSH_ASKPASS_DEFAULT=\"/usr/libexec/ssh-askpass\" -D_PATH_SFTP_SERVER=\"/usr/libexec/sftp-server\" -D_PATH_SSH_KEY_SIGN=\"/usr/libexec/ssh-keysign\" -D_PATH_SSH_PKCS11_HELPER=\"/usr/libexec/ssh-pkcs11-helper\" -D_PATH_SSH_SK_HELPER=\"/usr/libexec/ssh-sk-helper\" -D_PATH_SSH_PIDDIR=\"/var/run\" -D_PATH_PRIVSEP_CHROOT_DIR=\"/var/empty\" -DHAVE_CONFIG_H -c regress/unittests/hostkeys/test_iterate.c -o regress/unittests/hostkeys/test_iterate.o
[90m[components/supervisor/openssh:docker-build] [0m#12 15.58 cc -o regress/unittests/hostkeys/test_hostkeys -L. -Lopenbsd-compat/  -Wl,-z,relro -Wl,-z,now -Wl,-z,noexecstack -fstack-protector-strong -static -pie  regress/unittests/hostkeys/tests.o regress/unittests/hostkeys/test_iterate.o ssh-sk-client.o \
[90m[components/supervisor/openssh:docker-build] [0m#12 15.58     regress/unittests/test_helper/libtest_helper.a \
[90m[components/supervisor/openssh:docker-build] [0m#12 15.58     -lssh -lopenbsd-compat -lssh -lopenbsd-compat  -lcrypto  -lz
[90m[components/supervisor/openssh:docker-build] [0m#12 16.52 cc -g -O2 -pipe -Wno-error=format-truncation -Wall -Wpointer-arith -Wuninitialized -Wsign-compare -Wformat-security -Wsizeof-pointer-memaccess -Wno-pointer-sign -Wno-unused-result -Wimplicit-fallthrough -Wmisleading-indentation -fno-strict-aliasing -D_FORTIFY_SOURCE=2 -ftrapv -fzero-call-used-regs=all -ftrivial-auto-var-init=zero -fno-builtin-memset -fstack-protector-strong -fPIE   -I. -I.  -D_XOPEN_SOURCE=600 -D_BSD_SOURCE -D_DEFAULT_SOURCE -D_GNU_SOURCE -DOPENSSL_API_COMPAT=0x10100000L -DSSHDIR=\"/etc/ssh\" -D_PATH_SSH_PROGRAM=\"/usr/bin/ssh\" -D_PATH_SSH_ASKPASS_DEFAULT=\"/usr/libexec/ssh-askpass\" -D_PATH_SFTP_SERVER=\"/usr/libexec/sftp-server\" -D_PATH_SSH_KEY_SIGN=\"/usr/libexec/ssh-keysign\" -D_PATH_SSH_PKCS11_HELPER=\"/usr/libexec/ssh-pkcs11-helper\" -D_PATH_SSH_SK_HELPER=\"/usr/libexec/ssh-sk-helper\" -D_PATH_SSH_PIDDIR=\"/var/run\" -D_PATH_PRIVSEP_CHROOT_DIR=\"/var/empty\" -DHAVE_CONFIG_H -c regress/unittests/kex/tests.c -o regress/unittests/kex/tests.o
[90m[components/supervisor/openssh:docker-build] [0m#12 16.61 cc -g -O2 -pipe -Wno-error=format-truncation -Wall -Wpointer-arith -Wuninitialized -Wsign-compare -Wformat-security -Wsizeof-pointer-memaccess -Wno-pointer-sign -Wno-unused-result -Wimplicit-fallthrough -Wmisleading-indentation -fno-strict-aliasing -D_FORTIFY_SOURCE=2 -ftrapv -fzero-call-used-regs=all -ftrivial-auto-var-init=zero -fno-builtin-memset -fstack-protector-strong -fPIE   -I. -I.  -D_XOPEN_SOURCE=600 -D_BSD_SOURCE -D_DEFAULT_SOURCE -D_GNU_SOURCE -DOPENSSL_API_COMPAT=0x10100000L -DSSHDIR=\"/etc/ssh\" -D_PATH_SSH_PROGRAM=\"/usr/bin/ssh\" -D_PATH_SSH_ASKPASS_DEFAULT=\"/usr/libexec/ssh-askpass\" -D_PATH_SFTP_SERVER=\"/usr/libexec/sftp-server\" -D_PATH_SSH_KEY_SIGN=\"/usr/libexec/ssh-keysign\" -D_PATH_SSH_PKCS11_HELPER=\"/usr/libexec/ssh-pkcs11-helper\" -D_PATH_SSH_SK_HELPER=\"/usr/libexec/ssh-sk-helper\" -D_PATH_SSH_PIDDIR=\"/var/run\" -D_PATH_PRIVSEP_CHROOT_DIR=\"/var/empty\" -DHAVE_CONFIG_H -c regress/unittests/kex/test_kex.c -o regress/unittests/kex/test_kex.o
[90m[components/supervisor/openssh:docker-build] [0m#12 16.86 cc -g -O2 -pipe -Wno-error=format-truncation -Wall -Wpointer-arith -Wuninitialized -Wsign-compare -Wformat-security -Wsizeof-pointer-memaccess -Wno-pointer-sign -Wno-unused-result -Wimplicit-fallthrough -Wmisleading-indentation -fno-strict-aliasing -D_FORTIFY_SOURCE=2 -ftrapv -fzero-call-used-regs=all -ftrivial-auto-var-init=zero -fno-builtin-memset -fstack-protector-strong -fPIE   -I. -I.  -D_XOPEN_SOURCE=600 -D_BSD_SOURCE -D_DEFAULT_SOURCE -D_GNU_SOURCE -DOPENSSL_API_COMPAT=0x10100000L -DSSHDIR=\"/etc/ssh\" -D_PATH_SSH_PROGRAM=\"/usr/bin/ssh\" -D_PATH_SSH_ASKPASS_DEFAULT=\"/usr/libexec/ssh-askpass\" -D_PATH_SFTP_SERVER=\"/usr/libexec/sftp-server\" -D_PATH_SSH_KEY_SIGN=\"/usr/libexec/ssh-keysign\" -D_PATH_SSH_PKCS11_HELPER=\"/usr/libexec/ssh-pkcs11-helper\" -D_PATH_SSH_SK_HELPER=\"/usr/libexec/ssh-sk-helper\" -D_PATH_SSH_PIDDIR=\"/var/run\" -D_PATH_PRIVSEP_CHROOT_DIR=\"/var/empty\" -DHAVE_CONFIG_H -c regress/unittests/kex/test_proposal.c -o regress/unittests/kex/test_proposal.o
[90m[components/supervisor/openssh:docker-build] [0m#12 16.99 cc -o regress/unittests/kex/test_kex -L. -Lopenbsd-compat/  -Wl,-z,relro -Wl,-z,now -Wl,-z,noexecstack -fstack-protector-strong -static -pie  regress/unittests/kex/tests.o regress/unittests/kex/test_kex.o regress/unittests/kex/test_proposal.o ssh-sk-client.o \
[90m[components/supervisor/openssh:docker-build] [0m#12 16.99     regress/unittests/test_helper/libtest_helper.a \
[90m[components/supervisor/openssh:docker-build] [0m#12 16.99     -lssh -lopenbsd-compat -lssh -lopenbsd-compat  -lcrypto  -lz
[90m[components/supervisor/openssh:docker-build] [0m#12 17.97 cc -g -O2 -pipe -Wno-error=format-truncation -Wall -Wpointer-arith -Wuninitialized -Wsign-compare -Wformat-security -Wsizeof-pointer-memaccess -Wno-pointer-sign -Wno-unused-result -Wimplicit-fallthrough -Wmisleading-indentation -fno-strict-aliasing -D_FORTIFY_SOURCE=2 -ftrapv -fzero-call-used-regs=all -ftrivial-auto-var-init=zero -fno-builtin-memset -fstack-protector-strong -fPIE   -I. -I.  -D_XOPEN_SOURCE=600 -D_BSD_SOURCE -D_DEFAULT_SOURCE -D_GNU_SOURCE -DOPENSSL_API_COMPAT=0x10100000L -DSSHDIR=\"/etc/ssh\" -D_PATH_SSH_PROGRAM=\"/usr/bin/ssh\" -D_PATH_SSH_ASKPASS_DEFAULT=\"/usr/libexec/ssh-askpass\" -D_PATH_SFTP_SERVER=\"/usr/libexec/sftp-server\" -D_PATH_SSH_KEY_SIGN=\"/usr/libexec/ssh-keysign\" -D_PATH_SSH_PKCS11_HELPER=\"/usr/libexec/ssh-pkcs11-helper\" -D_PATH_SSH_SK_HELPER=\"/usr/libexec/ssh-sk-helper\" -D_PATH_SSH_PIDDIR=\"/var/run\" -D_PATH_PRIVSEP_CHROOT_DIR=\"/var/empty\" -DHAVE_CONFIG_H -c regress/unittests/match/tests.c -o regress/unittests/match/tests.o
[90m[components/supervisor/openssh:docker-build] [0m#12 18.15 cc -o regress/unittests/match/test_match -L. -Lopenbsd-compat/  -Wl,-z,relro -Wl,-z,now -Wl,-z,noexecstack -fstack-protector-strong -static -pie  regress/unittests/match/tests.o \
[90m[components/supervisor/openssh:docker-build] [0m#12 18.15     regress/unittests/test_helper/libtest_helper.a \
[90m[components/supervisor/openssh:docker-build] [0m#12 18.15     -lssh -lopenbsd-compat -lssh -lopenbsd-compat  -lcrypto  -lz
[90m[components/supervisor/openssh:docker-build] [0m#12 19.03 cc -g -O2 -pipe -Wno-error=format-truncation -Wall -Wpointer-arith -Wuninitialized -Wsign-compare -Wformat-security -Wsizeof-pointer-memaccess -Wno-pointer-sign -Wno-unused-result -Wimplicit-fallthrough -Wmisleading-indentation -fno-strict-aliasing -D_FORTIFY_SOURCE=2 -ftrapv -fzero-call-used-regs=all -ftrivial-auto-var-init=zero -fno-builtin-memset -fstack-protector-strong -fPIE   -I. -I.  -D_XOPEN_SOURCE=600 -D_BSD_SOURCE -D_DEFAULT_SOURCE -D_GNU_SOURCE -DOPENSSL_API_COMPAT=0x10100000L -DSSHDIR=\"/etc/ssh\" -D_PATH_SSH_PROGRAM=\"/usr/bin/ssh\" -D_PATH_SSH_ASKPASS_DEFAULT=\"/usr/libexec/ssh-askpass\" -D_PATH_SFTP_SERVER=\"/usr/libexec/sftp-server\" -D_PATH_SSH_KEY_SIGN=\"/usr/libexec/ssh-keysign\" -D_PATH_SSH_PKCS11_HELPER=\"/usr/libexec/ssh-pkcs11-helper\" -D_PATH_SSH_SK_HELPER=\"/usr/libexec/ssh-sk-helper\" -D_PATH_SSH_PIDDIR=\"/var/run\" -D_PATH_PRIVSEP_CHROOT_DIR=\"/var/empty\" -DHAVE_CONFIG_H -c regress/unittests/misc/tests.c -o regress/unittests/misc/tests.o
[90m[components/supervisor/openssh:docker-build] [0m#12 19.12 cc -g -O2 -pipe -Wno-error=format-truncation -Wall -Wpointer-arith -Wuninitialized -Wsign-compare -Wformat-security -Wsizeof-pointer-memaccess -Wno-pointer-sign -Wno-unused-result -Wimplicit-fallthrough -Wmisleading-indentation -fno-strict-aliasing -D_FORTIFY_SOURCE=2 -ftrapv -fzero-call-used-regs=all -ftrivial-auto-var-init=zero -fno-builtin-memset -fstack-protector-strong -fPIE   -I. -I.  -D_XOPEN_SOURCE=600 -D_BSD_SOURCE -D_DEFAULT_SOURCE -D_GNU_SOURCE -DOPENSSL_API_COMPAT=0x10100000L -DSSHDIR=\"/etc/ssh\" -D_PATH_SSH_PROGRAM=\"/usr/bin/ssh\" -D_PATH_SSH_ASKPASS_DEFAULT=\"/usr/libexec/ssh-askpass\" -D_PATH_SFTP_SERVER=\"/usr/libexec/sftp-server\" -D_PATH_SSH_KEY_SIGN=\"/usr/libexec/ssh-keysign\" -D_PATH_SSH_PKCS11_HELPER=\"/usr/libexec/ssh-pkcs11-helper\" -D_PATH_SSH_SK_HELPER=\"/usr/libexec/ssh-sk-helper\" -D_PATH_SSH_PIDDIR=\"/var/run\" -D_PATH_PRIVSEP_CHROOT_DIR=\"/var/empty\" -DHAVE_CONFIG_H -c regress/unittests/misc/test_parse.c -o regress/unittests/misc/test_parse.o
[90m[components/supervisor/openssh:docker-build] [0m#12 19.24 cc -g -O2 -pipe -Wno-error=format-truncation -Wall -Wpointer-arith -Wuninitialized -Wsign-compare -Wformat-security -Wsizeof-pointer-memaccess -Wno-pointer-sign -Wno-unused-result -Wimplicit-fallthrough -Wmisleading-indentation -fno-strict-aliasing -D_FORTIFY_SOURCE=2 -ftrapv -fzero-call-used-regs=all -ftrivial-auto-var-init=zero -fno-builtin-memset -fstack-protector-strong -fPIE   -I. -I.  -D_XOPEN_SOURCE=600 -D_BSD_SOURCE -D_DEFAULT_SOURCE -D_GNU_SOURCE -DOPENSSL_API_COMPAT=0x10100000L -DSSHDIR=\"/etc/ssh\" -D_PATH_SSH_PROGRAM=\"/usr/bin/ssh\" -D_PATH_SSH_ASKPASS_DEFAULT=\"/usr/libexec/ssh-askpass\" -D_PATH_SFTP_SERVER=\"/usr/libexec/sftp-server\" -D_PATH_SSH_KEY_SIGN=\"/usr/libexec/ssh-keysign\" -D_PATH_SSH_PKCS11_HELPER=\"/usr/libexec/ssh-pkcs11-helper\" -D_PATH_SSH_SK_HELPER=\"/usr/libexec/ssh-sk-helper\" -D_PATH_SSH_PIDDIR=\"/var/run\" -D_PATH_PRIVSEP_CHROOT_DIR=\"/var/empty\" -DHAVE_CONFIG_H -c regress/unittests/misc/test_expand.c -o regress/unittests/misc/test_expand.o
[90m[components/supervisor/openssh:docker-build] [0m#12 19.39 cc -g -O2 -pipe -Wno-error=format-truncation -Wall -Wpointer-arith -Wuninitialized -Wsign-compare -Wformat-security -Wsizeof-pointer-memaccess -Wno-pointer-sign -Wno-unused-result -Wimplicit-fallthrough -Wmisleading-indentation -fno-strict-aliasing -D_FORTIFY_SOURCE=2 -ftrapv -fzero-call-used-regs=all -ftrivial-auto-var-init=zero -fno-builtin-memset -fstack-protector-strong -fPIE   -I. -I.  -D_XOPEN_SOURCE=600 -D_BSD_SOURCE -D_DEFAULT_SOURCE -D_GNU_SOURCE -DOPENSSL_API_COMPAT=0x10100000L -DSSHDIR=\"/etc/ssh\" -D_PATH_SSH_PROGRAM=\"/usr/bin/ssh\" -D_PATH_SSH_ASKPASS_DEFAULT=\"/usr/libexec/ssh-askpass\" -D_PATH_SFTP_SERVER=\"/usr/libexec/sftp-server\" -D_PATH_SSH_KEY_SIGN=\"/usr/libexec/ssh-keysign\" -D_PATH_SSH_PKCS11_HELPER=\"/usr/libexec/ssh-pkcs11-helper\" -D_PATH_SSH_SK_HELPER=\"/usr/libexec/ssh-sk-helper\" -D_PATH_SSH_PIDDIR=\"/var/run\" -D_PATH_PRIVSEP_CHROOT_DIR=\"/var/empty\" -DHAVE_CONFIG_H -c regress/unittests/misc/test_convtime.c -o regress/unittests/misc/test_convtime.o
[90m[components/supervisor/openssh:docker-build] [0m#12 19.54 cc -g -O2 -pipe -Wno-error=format-truncation -Wall -Wpointer-arith -Wuninitialized -Wsign-compare -Wformat-security -Wsizeof-pointer-memaccess -Wno-pointer-sign -Wno-unused-result -Wimplicit-fallthrough -Wmisleading-indentation -fno-strict-aliasing -D_FORTIFY_SOURCE=2 -ftrapv -fzero-call-used-regs=all -ftrivial-auto-var-init=zero -fno-builtin-memset -fstack-protector-strong -fPIE   -I. -I.  -D_XOPEN_SOURCE=600 -D_BSD_SOURCE -D_DEFAULT_SOURCE -D_GNU_SOURCE -DOPENSSL_API_COMPAT=0x10100000L -DSSHDIR=\"/etc/ssh\" -D_PATH_SSH_PROGRAM=\"/usr/bin/ssh\" -D_PATH_SSH_ASKPASS_DEFAULT=\"/usr/libexec/ssh-askpass\" -D_PATH_SFTP_SERVER=\"/usr/libexec/sftp-server\" -D_PATH_SSH_KEY_SIGN=\"/usr/libexec/ssh-keysign\" -D_PATH_SSH_PKCS11_HELPER=\"/usr/libexec/ssh-pkcs11-helper\" -D_PATH_SSH_SK_HELPER=\"/usr/libexec/ssh-sk-helper\" -D_PATH_SSH_PIDDIR=\"/var/run\" -D_PATH_PRIVSEP_CHROOT_DIR=\"/var/empty\" -DHAVE_CONFIG_H -c regress/unittests/misc/test_argv.c -o regress/unittests/misc/test_argv.o
[90m[components/supervisor/openssh:docker-build] [0m#12 19.77 cc -g -O2 -pipe -Wno-error=format-truncation -Wall -Wpointer-arith -Wuninitialized -Wsign-compare -Wformat-security -Wsizeof-pointer-memaccess -Wno-pointer-sign -Wno-unused-result -Wimplicit-fallthrough -Wmisleading-indentation -fno-strict-aliasing -D_FORTIFY_SOURCE=2 -ftrapv -fzero-call-used-regs=all -ftrivial-auto-var-init=zero -fno-builtin-memset -fstack-protector-strong -fPIE   -I. -I.  -D_XOPEN_SOURCE=600 -D_BSD_SOURCE -D_DEFAULT_SOURCE -D_GNU_SOURCE -DOPENSSL_API_COMPAT=0x10100000L -DSSHDIR=\"/etc/ssh\" -D_PATH_SSH_PROGRAM=\"/usr/bin/ssh\" -D_PATH_SSH_ASKPASS_DEFAULT=\"/usr/libexec/ssh-askpass\" -D_PATH_SFTP_SERVER=\"/usr/libexec/sftp-server\" -D_PATH_SSH_KEY_SIGN=\"/usr/libexec/ssh-keysign\" -D_PATH_SSH_PKCS11_HELPER=\"/usr/libexec/ssh-pkcs11-helper\" -D_PATH_SSH_SK_HELPER=\"/usr/libexec/ssh-sk-helper\" -D_PATH_SSH_PIDDIR=\"/var/run\" -D_PATH_PRIVSEP_CHROOT_DIR=\"/var/empty\" -DHAVE_CONFIG_H -c regress/unittests/misc/test_strdelim.c -o regress/unittests/misc/test_strdelim.o
[90m[components/supervisor/openssh:docker-build] [0m#12 19.95 cc -g -O2 -pipe -Wno-error=format-truncation -Wall -Wpointer-arith -Wuninitialized -Wsign-compare -Wformat-security -Wsizeof-pointer-memaccess -Wno-pointer-sign -Wno-unused-result -Wimplicit-fallthrough -Wmisleading-indentation -fno-strict-aliasing -D_FORTIFY_SOURCE=2 -ftrapv -fzero-call-used-regs=all -ftrivial-auto-var-init=zero -fno-builtin-memset -fstack-protector-strong -fPIE   -I. -I.  -D_XOPEN_SOURCE=600 -D_BSD_SOURCE -D_DEFAULT_SOURCE -D_GNU_SOURCE -DOPENSSL_API_COMPAT=0x10100000L -DSSHDIR=\"/etc/ssh\" -D_PATH_SSH_PROGRAM=\"/usr/bin/ssh\" -D_PATH_SSH_ASKPASS_DEFAULT=\"/usr/libexec/ssh-askpass\" -D_PATH_SFTP_SERVER=\"/usr/libexec/sftp-server\" -D_PATH_SSH_KEY_SIGN=\"/usr/libexec/ssh-keysign\" -D_PATH_SSH_PKCS11_HELPER=\"/usr/libexec/ssh-pkcs11-helper\" -D_PATH_SSH_SK_HELPER=\"/usr/libexec/ssh-sk-helper\" -D_PATH_SSH_PIDDIR=\"/var/run\" -D_PATH_PRIVSEP_CHROOT_DIR=\"/var/empty\" -DHAVE_CONFIG_H -c regress/unittests/misc/test_hpdelim.c -o regress/unittests/misc/test_hpdelim.o
[90m[components/supervisor/openssh:docker-build] [0m#12 20.13 cc -g -O2 -pipe -Wno-error=format-truncation -Wall -Wpointer-arith -Wuninitialized -Wsign-compare -Wformat-security -Wsizeof-pointer-memaccess -Wno-pointer-sign -Wno-unused-result -Wimplicit-fallthrough -Wmisleading-indentation -fno-strict-aliasing -D_FORTIFY_SOURCE=2 -ftrapv -fzero-call-used-regs=all -ftrivial-auto-var-init=zero -fno-builtin-memset -fstack-protector-strong -fPIE   -I. -I.  -D_XOPEN_SOURCE=600 -D_BSD_SOURCE -D_DEFAULT_SOURCE -D_GNU_SOURCE -DOPENSSL_API_COMPAT=0x10100000L -DSSHDIR=\"/etc/ssh\" -D_PATH_SSH_PROGRAM=\"/usr/bin/ssh\" -D_PATH_SSH_ASKPASS_DEFAULT=\"/usr/libexec/ssh-askpass\" -D_PATH_SFTP_SERVER=\"/usr/libexec/sftp-server\" -D_PATH_SSH_KEY_SIGN=\"/usr/libexec/ssh-keysign\" -D_PATH_SSH_PKCS11_HELPER=\"/usr/libexec/ssh-pkcs11-helper\" -D_PATH_SSH_SK_HELPER=\"/usr/libexec/ssh-sk-helper\" -D_PATH_SSH_PIDDIR=\"/var/run\" -D_PATH_PRIVSEP_CHROOT_DIR=\"/var/empty\" -DHAVE_CONFIG_H -c regress/unittests/misc/test_ptimeout.c -o regress/unittests/misc/test_ptimeout.o
[90m[components/supervisor/openssh:docker-build] [0m#12 20.27 cc -o regress/unittests/misc/test_misc -L. -Lopenbsd-compat/  -Wl,-z,relro -Wl,-z,now -Wl,-z,noexecstack -fstack-protector-strong -static -pie  regress/unittests/misc/tests.o regress/unittests/misc/test_parse.o regress/unittests/misc/test_expand.o regress/unittests/misc/test_convtime.o regress/unittests/misc/test_argv.o regress/unittests/misc/test_strdelim.o regress/unittests/misc/test_hpdelim.o regress/unittests/misc/test_ptimeout.o \
[90m[components/supervisor/openssh:docker-build] [0m#12 20.27     regress/unittests/test_helper/libtest_helper.a \
[90m[components/supervisor/openssh:docker-build] [0m#12 20.27     -lssh -lopenbsd-compat -lssh -lopenbsd-compat  -lcrypto  -lz
[90m[components/supervisor/openssh:docker-build] [0m#12 21.21 cc -g -O2 -pipe -Wno-error=format-truncation -Wall -Wpointer-arith -Wuninitialized -Wsign-compare -Wformat-security -Wsizeof-pointer-memaccess -Wno-pointer-sign -Wno-unused-result -Wimplicit-fallthrough -Wmisleading-indentation -fno-strict-aliasing -D_FORTIFY_SOURCE=2 -ftrapv -fzero-call-used-regs=all -ftrivial-auto-var-init=zero -fno-builtin-memset -fstack-protector-strong -fPIE   -I. -I.  -D_XOPEN_SOURCE=600 -D_BSD_SOURCE -D_DEFAULT_SOURCE -D_GNU_SOURCE -DOPENSSL_API_COMPAT=0x10100000L -DSSHDIR=\"/etc/ssh\" -D_PATH_SSH_PROGRAM=\"/usr/bin/ssh\" -D_PATH_SSH_ASKPASS_DEFAULT=\"/usr/libexec/ssh-askpass\" -D_PATH_SFTP_SERVER=\"/usr/libexec/sftp-server\" -D_PATH_SSH_KEY_SIGN=\"/usr/libexec/ssh-keysign\" -D_PATH_SSH_PKCS11_HELPER=\"/usr/libexec/ssh-pkcs11-helper\" -D_PATH_SSH_SK_HELPER=\"/usr/libexec/ssh-sk-helper\" -D_PATH_SSH_PIDDIR=\"/var/run\" -D_PATH_PRIVSEP_CHROOT_DIR=\"/var/empty\" -DHAVE_CONFIG_H -c regress/unittests/sshbuf/tests.c -o regress/unittests/sshbuf/tests.o
[90m[components/supervisor/openssh:docker-build] [0m#12 21.30 cc -g -O2 -pipe -Wno-error=format-truncation -Wall -Wpointer-arith -Wuninitialized -Wsign-compare -Wformat-security -Wsizeof-pointer-memaccess -Wno-pointer-sign -Wno-unused-result -Wimplicit-fallthrough -Wmisleading-indentation -fno-strict-aliasing -D_FORTIFY_SOURCE=2 -ftrapv -fzero-call-used-regs=all -ftrivial-auto-var-init=zero -fno-builtin-memset -fstack-protector-strong -fPIE   -I. -I.  -D_XOPEN_SOURCE=600 -D_BSD_SOURCE -D_DEFAULT_SOURCE -D_GNU_SOURCE -DOPENSSL_API_COMPAT=0x10100000L -DSSHDIR=\"/etc/ssh\" -D_PATH_SSH_PROGRAM=\"/usr/bin/ssh\" -D_PATH_SSH_ASKPASS_DEFAULT=\"/usr/libexec/ssh-askpass\" -D_PATH_SFTP_SERVER=\"/usr/libexec/sftp-server\" -D_PATH_SSH_KEY_SIGN=\"/usr/libexec/ssh-keysign\" -D_PATH_SSH_PKCS11_HELPER=\"/usr/libexec/ssh-pkcs11-helper\" -D_PATH_SSH_SK_HELPER=\"/usr/libexec/ssh-sk-helper\" -D_PATH_SSH_PIDDIR=\"/var/run\" -D_PATH_PRIVSEP_CHROOT_DIR=\"/var/empty\" -DHAVE_CONFIG_H -c regress/unittests/sshbuf/test_sshbuf.c -o regress/unittests/sshbuf/test_sshbuf.o
[90m[components/supervisor/openssh:docker-build] [0m#12 21.55 cc -g -O2 -pipe -Wno-error=format-truncation -Wall -Wpointer-arith -Wuninitialized -Wsign-compare -Wformat-security -Wsizeof-pointer-memaccess -Wno-pointer-sign -Wno-unused-result -Wimplicit-fallthrough -Wmisleading-indentation -fno-strict-aliasing -D_FORTIFY_SOURCE=2 -ftrapv -fzero-call-used-regs=all -ftrivial-auto-var-init=zero -fno-builtin-memset -fstack-protector-strong -fPIE   -I. -I.  -D_XOPEN_SOURCE=600 -D_BSD_SOURCE -D_DEFAULT_SOURCE -D_GNU_SOURCE -DOPENSSL_API_COMPAT=0x10100000L -DSSHDIR=\"/etc/ssh\" -D_PATH_SSH_PROGRAM=\"/usr/bin/ssh\" -D_PATH_SSH_ASKPASS_DEFAULT=\"/usr/libexec/ssh-askpass\" -D_PATH_SFTP_SERVER=\"/usr/libexec/sftp-server\" -D_PATH_SSH_KEY_SIGN=\"/usr/libexec/ssh-keysign\" -D_PATH_SSH_PKCS11_HELPER=\"/usr/libexec/ssh-pkcs11-helper\" -D_PATH_SSH_SK_HELPER=\"/usr/libexec/ssh-sk-helper\" -D_PATH_SSH_PIDDIR=\"/var/run\" -D_PATH_PRIVSEP_CHROOT_DIR=\"/var/empty\" -DHAVE_CONFIG_H -c regress/unittests/sshbuf/test_sshbuf_getput_basic.c -o regress/unittests/sshbuf/test_sshbuf_getput_basic.o
[90m[components/supervisor/openssh:docker-build] [0m#12 22.20 cc -g -O2 -pipe -Wno-error=format-truncation -Wall -Wpointer-arith -Wuninitialized -Wsign-compare -Wformat-security -Wsizeof-pointer-memaccess -Wno-pointer-sign -Wno-unused-result -Wimplicit-fallthrough -Wmisleading-indentation -fno-strict-aliasing -D_FORTIFY_SOURCE=2 -ftrapv -fzero-call-used-regs=all -ftrivial-auto-var-init=zero -fno-builtin-memset -fstack-protector-strong -fPIE   -I. -I.  -D_XOPEN_SOURCE=600 -D_BSD_SOURCE -D_DEFAULT_SOURCE -D_GNU_SOURCE -DOPENSSL_API_COMPAT=0x10100000L -DSSHDIR=\"/etc/ssh\" -D_PATH_SSH_PROGRAM=\"/usr/bin/ssh\" -D_PATH_SSH_ASKPASS_DEFAULT=\"/usr/libexec/ssh-askpass\" -D_PATH_SFTP_SERVER=\"/usr/libexec/sftp-server\" -D_PATH_SSH_KEY_SIGN=\"/usr/libexec/ssh-keysign\" -D_PATH_SSH_PKCS11_HELPER=\"/usr/libexec/ssh-pkcs11-helper\" -D_PATH_SSH_SK_HELPER=\"/usr/libexec/ssh-sk-helper\" -D_PATH_SSH_PIDDIR=\"/var/run\" -D_PATH_PRIVSEP_CHROOT_DIR=\"/var/empty\" -DHAVE_CONFIG_H -c regress/unittests/sshbuf/test_sshbuf_getput_crypto.c -o regress/unittests/sshbuf/test_sshbuf_getput_crypto.o
[90m[components/supervisor/openssh:docker-build] [0m#12 22.50 cc -g -O2 -pipe -Wno-error=format-truncation -Wall -Wpointer-arith -Wuninitialized -Wsign-compare -Wformat-security -Wsizeof-pointer-memaccess -Wno-pointer-sign -Wno-unused-result -Wimplicit-fallthrough -Wmisleading-indentation -fno-strict-aliasing -D_FORTIFY_SOURCE=2 -ftrapv -fzero-call-used-regs=all -ftrivial-auto-var-init=zero -fno-builtin-memset -fstack-protector-strong -fPIE   -I. -I.  -D_XOPEN_SOURCE=600 -D_BSD_SOURCE -D_DEFAULT_SOURCE -D_GNU_SOURCE -DOPENSSL_API_COMPAT=0x10100000L -DSSHDIR=\"/etc/ssh\" -D_PATH_SSH_PROGRAM=\"/usr/bin/ssh\" -D_PATH_SSH_ASKPASS_DEFAULT=\"/usr/libexec/ssh-askpass\" -D_PATH_SFTP_SERVER=\"/usr/libexec/sftp-server\" -D_PATH_SSH_KEY_SIGN=\"/usr/libexec/ssh-keysign\" -D_PATH_SSH_PKCS11_HELPER=\"/usr/libexec/ssh-pkcs11-helper\" -D_PATH_SSH_SK_HELPER=\"/usr/libexec/ssh-sk-helper\" -D_PATH_SSH_PIDDIR=\"/var/run\" -D_PATH_PRIVSEP_CHROOT_DIR=\"/var/empty\" -DHAVE_CONFIG_H -c regress/unittests/sshbuf/test_sshbuf_misc.c -o regress/unittests/sshbuf/test_sshbuf_misc.o
[90m[components/supervisor/openssh:docker-build] [0m#12 22.76 cc -g -O2 -pipe -Wno-error=format-truncation -Wall -Wpointer-arith -Wuninitialized -Wsign-compare -Wformat-security -Wsizeof-pointer-memaccess -Wno-pointer-sign -Wno-unused-result -Wimplicit-fallthrough -Wmisleading-indentation -fno-strict-aliasing -D_FORTIFY_SOURCE=2 -ftrapv -fzero-call-used-regs=all -ftrivial-auto-var-init=zero -fno-builtin-memset -fstack-protector-strong -fPIE   -I. -I.  -D_XOPEN_SOURCE=600 -D_BSD_SOURCE -D_DEFAULT_SOURCE -D_GNU_SOURCE -DOPENSSL_API_COMPAT=0x10100000L -DSSHDIR=\"/etc/ssh\" -D_PATH_SSH_PROGRAM=\"/usr/bin/ssh\" -D_PATH_SSH_ASKPASS_DEFAULT=\"/usr/libexec/ssh-askpass\" -D_PATH_SFTP_SERVER=\"/usr/libexec/sftp-server\" -D_PATH_SSH_KEY_SIGN=\"/usr/libexec/ssh-keysign\" -D_PATH_SSH_PKCS11_HELPER=\"/usr/libexec/ssh-pkcs11-helper\" -D_PATH_SSH_SK_HELPER=\"/usr/libexec/ssh-sk-helper\" -D_PATH_SSH_PIDDIR=\"/var/run\" -D_PATH_PRIVSEP_CHROOT_DIR=\"/var/empty\" -DHAVE_CONFIG_H -c regress/unittests/sshbuf/test_sshbuf_fuzz.c -o regress/unittests/sshbuf/test_sshbuf_fuzz.o
[90m[components/supervisor/openssh:docker-build] [0m#12 22.93 cc -g -O2 -pipe -Wno-error=format-truncation -Wall -Wpointer-arith -Wuninitialized -Wsign-compare -Wformat-security -Wsizeof-pointer-memaccess -Wno-pointer-sign -Wno-unused-result -Wimplicit-fallthrough -Wmisleading-indentation -fno-strict-aliasing -D_FORTIFY_SOURCE=2 -ftrapv -fzero-call-used-regs=all -ftrivial-auto-var-init=zero -fno-builtin-memset -fstack-protector-strong -fPIE   -I. -I.  -D_XOPEN_SOURCE=600 -D_BSD_SOURCE -D_DEFAULT_SOURCE -D_GNU_SOURCE -DOPENSSL_API_COMPAT=0x10100000L -DSSHDIR=\"/etc/ssh\" -D_PATH_SSH_PROGRAM=\"/usr/bin/ssh\" -D_PATH_SSH_ASKPASS_DEFAULT=\"/usr/libexec/ssh-askpass\" -D_PATH_SFTP_SERVER=\"/usr/libexec/sftp-server\" -D_PATH_SSH_KEY_SIGN=\"/usr/libexec/ssh-keysign\" -D_PATH_SSH_PKCS11_HELPER=\"/usr/libexec/ssh-pkcs11-helper\" -D_PATH_SSH_SK_HELPER=\"/usr/libexec/ssh-sk-helper\" -D_PATH_SSH_PIDDIR=\"/var/run\" -D_PATH_PRIVSEP_CHROOT_DIR=\"/var/empty\" -DHAVE_CONFIG_H -c regress/unittests/sshbuf/test_sshbuf_getput_fuzz.c -o regress/unittests/sshbuf/test_sshbuf_getput_fuzz.o
[90m[components/supervisor/openssh:docker-build] [0m#12 23.06 cc -g -O2 -pipe -Wno-error=format-truncation -Wall -Wpointer-arith -Wuninitialized -Wsign-compare -Wformat-security -Wsizeof-pointer-memaccess -Wno-pointer-sign -Wno-unused-result -Wimplicit-fallthrough -Wmisleading-indentation -fno-strict-aliasing -D_FORTIFY_SOURCE=2 -ftrapv -fzero-call-used-regs=all -ftrivial-auto-var-init=zero -fno-builtin-memset -fstack-protector-strong -fPIE   -I. -I.  -D_XOPEN_SOURCE=600 -D_BSD_SOURCE -D_DEFAULT_SOURCE -D_GNU_SOURCE -DOPENSSL_API_COMPAT=0x10100000L -DSSHDIR=\"/etc/ssh\" -D_PATH_SSH_PROGRAM=\"/usr/bin/ssh\" -D_PATH_SSH_ASKPASS_DEFAULT=\"/usr/libexec/ssh-askpass\" -D_PATH_SFTP_SERVER=\"/usr/libexec/sftp-server\" -D_PATH_SSH_KEY_SIGN=\"/usr/libexec/ssh-keysign\" -D_PATH_SSH_PKCS11_HELPER=\"/usr/libexec/ssh-pkcs11-helper\" -D_PATH_SSH_SK_HELPER=\"/usr/libexec/ssh-sk-helper\" -D_PATH_SSH_PIDDIR=\"/var/run\" -D_PATH_PRIVSEP_CHROOT_DIR=\"/var/empty\" -DHAVE_CONFIG_H -c regress/unittests/sshbuf/test_sshbuf_fixed.c -o regress/unittests/sshbuf/test_sshbuf_fixed.o
[90m[components/supervisor/openssh:docker-build] [0m#12 23.26 cc -o regress/unittests/sshbuf/test_sshbuf -L. -Lopenbsd-compat/  -Wl,-z,relro -Wl,-z,now -Wl,-z,noexecstack -fstack-protector-strong -static -pie  regress/unittests/sshbuf/tests.o regress/unittests/sshbuf/test_sshbuf.o regress/unittests/sshbuf/test_sshbuf_getput_basic.o regress/unittests/sshbuf/test_sshbuf_getput_crypto.o regress/unittests/sshbuf/test_sshbuf_misc.o regress/unittests/sshbuf/test_sshbuf_fuzz.o regress/unittests/sshbuf/test_sshbuf_getput_fuzz.o regress/unittests/sshbuf/test_sshbuf_fixed.o \
[90m[components/supervisor/openssh:docker-build] [0m#12 23.26     regress/unittests/test_helper/libtest_helper.a \
[90m[components/supervisor/openssh:docker-build] [0m#12 23.26     -lssh -lopenbsd-compat -lssh -lopenbsd-compat  -lcrypto  -lz
[90m[components/supervisor/openssh:docker-build] [0m#12 24.17 cc -g -O2 -pipe -Wno-error=format-truncation -Wall -Wpointer-arith -Wuninitialized -Wsign-compare -Wformat-security -Wsizeof-pointer-memaccess -Wno-pointer-sign -Wno-unused-result -Wimplicit-fallthrough -Wmisleading-indentation -fno-strict-aliasing -D_FORTIFY_SOURCE=2 -ftrapv -fzero-call-used-regs=all -ftrivial-auto-var-init=zero -fno-builtin-memset -fstack-protector-strong -fPIE   -I. -I.  -D_XOPEN_SOURCE=600 -D_BSD_SOURCE -D_DEFAULT_SOURCE -D_GNU_SOURCE -DOPENSSL_API_COMPAT=0x10100000L -DSSHDIR=\"/etc/ssh\" -D_PATH_SSH_PROGRAM=\"/usr/bin/ssh\" -D_PATH_SSH_ASKPASS_DEFAULT=\"/usr/libexec/ssh-askpass\" -D_PATH_SFTP_SERVER=\"/usr/libexec/sftp-server\" -D_PATH_SSH_KEY_SIGN=\"/usr/libexec/ssh-keysign\" -D_PATH_SSH_PKCS11_HELPER=\"/usr/libexec/ssh-pkcs11-helper\" -D_PATH_SSH_SK_HELPER=\"/usr/libexec/ssh-sk-helper\" -D_PATH_SSH_PIDDIR=\"/var/run\" -D_PATH_PRIVSEP_CHROOT_DIR=\"/var/empty\" -DHAVE_CONFIG_H -c regress/unittests/sshkey/test_fuzz.c -o regress/unittests/sshkey/test_fuzz.o
[90m[components/supervisor/openssh:docker-build] [0m#12 24.50 cc -g -O2 -pipe -Wno-error=format-truncation -Wall -Wpointer-arith -Wuninitialized -Wsign-compare -Wformat-security -Wsizeof-pointer-memaccess -Wno-pointer-sign -Wno-unused-result -Wimplicit-fallthrough -Wmisleading-indentation -fno-strict-aliasing -D_FORTIFY_SOURCE=2 -ftrapv -fzero-call-used-regs=all -ftrivial-auto-var-init=zero -fno-builtin-memset -fstack-protector-strong -fPIE   -I. -I.  -D_XOPEN_SOURCE=600 -D_BSD_SOURCE -D_DEFAULT_SOURCE -D_GNU_SOURCE -DOPENSSL_API_COMPAT=0x10100000L -DSSHDIR=\"/etc/ssh\" -D_PATH_SSH_PROGRAM=\"/usr/bin/ssh\" -D_PATH_SSH_ASKPASS_DEFAULT=\"/usr/libexec/ssh-askpass\" -D_PATH_SFTP_SERVER=\"/usr/libexec/sftp-server\" -D_PATH_SSH_KEY_SIGN=\"/usr/libexec/ssh-keysign\" -D_PATH_SSH_PKCS11_HELPER=\"/usr/libexec/ssh-pkcs11-helper\" -D_PATH_SSH_SK_HELPER=\"/usr/libexec/ssh-sk-helper\" -D_PATH_SSH_PIDDIR=\"/var/run\" -D_PATH_PRIVSEP_CHROOT_DIR=\"/var/empty\" -DHAVE_CONFIG_H -c regress/unittests/sshkey/tests.c -o regress/unittests/sshkey/tests.o
[90m[components/supervisor/openssh:docker-build] [0m#12 24.59 cc -g -O2 -pipe -Wno-error=format-truncation -Wall -Wpointer-arith -Wuninitialized -Wsign-compare -Wformat-security -Wsizeof-pointer-memaccess -Wno-pointer-sign -Wno-unused-result -Wimplicit-fallthrough -Wmisleading-indentation -fno-strict-aliasing -D_FORTIFY_SOURCE=2 -ftrapv -fzero-call-used-regs=all -ftrivial-auto-var-init=zero -fno-builtin-memset -fstack-protector-strong -fPIE   -I. -I.  -D_XOPEN_SOURCE=600 -D_BSD_SOURCE -D_DEFAULT_SOURCE -D_GNU_SOURCE -DOPENSSL_API_COMPAT=0x10100000L -DSSHDIR=\"/etc/ssh\" -D_PATH_SSH_PROGRAM=\"/usr/bin/ssh\" -D_PATH_SSH_ASKPASS_DEFAULT=\"/usr/libexec/ssh-askpass\" -D_PATH_SFTP_SERVER=\"/usr/libexec/sftp-server\" -D_PATH_SSH_KEY_SIGN=\"/usr/libexec/ssh-keysign\" -D_PATH_SSH_PKCS11_HELPER=\"/usr/libexec/ssh-pkcs11-helper\" -D_PATH_SSH_SK_HELPER=\"/usr/libexec/ssh-sk-helper\" -D_PATH_SSH_PIDDIR=\"/var/run\" -D_PATH_PRIVSEP_CHROOT_DIR=\"/var/empty\" -DHAVE_CONFIG_H -c regress/unittests/sshkey/common.c -o regress/unittests/sshkey/common.o
[90m[components/supervisor/openssh:docker-build] [0m#12 24.83 cc -g -O2 -pipe -Wno-error=format-truncation -Wall -Wpointer-arith -Wuninitialized -Wsign-compare -Wformat-security -Wsizeof-pointer-memaccess -Wno-pointer-sign -Wno-unused-result -Wimplicit-fallthrough -Wmisleading-indentation -fno-strict-aliasing -D_FORTIFY_SOURCE=2 -ftrapv -fzero-call-used-regs=all -ftrivial-auto-var-init=zero -fno-builtin-memset -fstack-protector-strong -fPIE   -I. -I.  -D_XOPEN_SOURCE=600 -D_BSD_SOURCE -D_DEFAULT_SOURCE -D_GNU_SOURCE -DOPENSSL_API_COMPAT=0x10100000L -DSSHDIR=\"/etc/ssh\" -D_PATH_SSH_PROGRAM=\"/usr/bin/ssh\" -D_PATH_SSH_ASKPASS_DEFAULT=\"/usr/libexec/ssh-askpass\" -D_PATH_SFTP_SERVER=\"/usr/libexec/sftp-server\" -D_PATH_SSH_KEY_SIGN=\"/usr/libexec/ssh-keysign\" -D_PATH_SSH_PKCS11_HELPER=\"/usr/libexec/ssh-pkcs11-helper\" -D_PATH_SSH_SK_HELPER=\"/usr/libexec/ssh-sk-helper\" -D_PATH_SSH_PIDDIR=\"/var/run\" -D_PATH_PRIVSEP_CHROOT_DIR=\"/var/empty\" -DHAVE_CONFIG_H -c regress/unittests/sshkey/test_file.c -o regress/unittests/sshkey/test_file.o
[90m[components/supervisor/openssh:docker-build] [0m#12 25.26 cc -g -O2 -pipe -Wno-error=format-truncation -Wall -Wpointer-arith -Wuninitialized -Wsign-compare -Wformat-security -Wsizeof-pointer-memaccess -Wno-pointer-sign -Wno-unused-result -Wimplicit-fallthrough -Wmisleading-indentation -fno-strict-aliasing -D_FORTIFY_SOURCE=2 -ftrapv -fzero-call-used-regs=all -ftrivial-auto-var-init=zero -fno-builtin-memset -fstack-protector-strong -fPIE   -I. -I.  -D_XOPEN_SOURCE=600 -D_BSD_SOURCE -D_DEFAULT_SOURCE -D_GNU_SOURCE -DOPENSSL_API_COMPAT=0x10100000L -DSSHDIR=\"/etc/ssh\" -D_PATH_SSH_PROGRAM=\"/usr/bin/ssh\" -D_PATH_SSH_ASKPASS_DEFAULT=\"/usr/libexec/ssh-askpass\" -D_PATH_SFTP_SERVER=\"/usr/libexec/sftp-server\" -D_PATH_SSH_KEY_SIGN=\"/usr/libexec/ssh-keysign\" -D_PATH_SSH_PKCS11_HELPER=\"/usr/libexec/ssh-pkcs11-helper\" -D_PATH_SSH_SK_HELPER=\"/usr/libexec/ssh-sk-helper\" -D_PATH_SSH_PIDDIR=\"/var/run\" -D_PATH_PRIVSEP_CHROOT_DIR=\"/var/empty\" -DHAVE_CONFIG_H -c regress/unittests/sshkey/test_sshkey.c -o regress/unittests/sshkey/test_sshkey.o
[90m[components/supervisor/openssh:docker-build] [0m#12 25.70 cc -o regress/unittests/sshkey/test_sshkey -L. -Lopenbsd-compat/  -Wl,-z,relro -Wl,-z,now -Wl,-z,noexecstack -fstack-protector-strong -static -pie  regress/unittests/sshkey/test_fuzz.o regress/unittests/sshkey/tests.o regress/unittests/sshkey/common.o regress/unittests/sshkey/test_file.o regress/unittests/sshkey/test_sshkey.o ssh-sk-client.o \
[90m[components/supervisor/openssh:docker-build] [0m#12 25.70     regress/unittests/test_helper/libtest_helper.a \
[90m[components/supervisor/openssh:docker-build] [0m#12 25.70     -lssh -lopenbsd-compat -lssh -lopenbsd-compat  -lcrypto  -lz
[90m[components/supervisor/openssh:docker-build] [0m#12 26.63 cc -g -O2 -pipe -Wno-error=format-truncation -Wall -Wpointer-arith -Wuninitialized -Wsign-compare -Wformat-security -Wsizeof-pointer-memaccess -Wno-pointer-sign -Wno-unused-result -Wimplicit-fallthrough -Wmisleading-indentation -fno-strict-aliasing -D_FORTIFY_SOURCE=2 -ftrapv -fzero-call-used-regs=all -ftrivial-auto-var-init=zero -fno-builtin-memset -fstack-protector-strong -fPIE   -I. -I.  -D_XOPEN_SOURCE=600 -D_BSD_SOURCE -D_DEFAULT_SOURCE -D_GNU_SOURCE -DOPENSSL_API_COMPAT=0x10100000L -DSSHDIR=\"/etc/ssh\" -D_PATH_SSH_PROGRAM=\"/usr/bin/ssh\" -D_PATH_SSH_ASKPASS_DEFAULT=\"/usr/libexec/ssh-askpass\" -D_PATH_SFTP_SERVER=\"/usr/libexec/sftp-server\" -D_PATH_SSH_KEY_SIGN=\"/usr/libexec/ssh-keysign\" -D_PATH_SSH_PKCS11_HELPER=\"/usr/libexec/ssh-pkcs11-helper\" -D_PATH_SSH_SK_HELPER=\"/usr/libexec/ssh-sk-helper\" -D_PATH_SSH_PIDDIR=\"/var/run\" -D_PATH_PRIVSEP_CHROOT_DIR=\"/var/empty\" -DHAVE_CONFIG_H -c regress/unittests/sshsig/tests.c -o regress/unittests/sshsig/tests.o
[90m[components/supervisor/openssh:docker-build] [0m#12 26.81 cc -o regress/unittests/sshsig/test_sshsig -L. -Lopenbsd-compat/  -Wl,-z,relro -Wl,-z,now -Wl,-z,noexecstack -fstack-protector-strong -static -pie  sshsig.o regress/unittests/sshsig/tests.o ssh-sk-client.o \
[90m[components/supervisor/openssh:docker-build] [0m#12 26.81     regress/unittests/test_helper/libtest_helper.a \
[90m[components/supervisor/openssh:docker-build] [0m#12 26.81     -lssh -lopenbsd-compat -lssh -lopenbsd-compat  -lcrypto  -lz
[90m[components/supervisor/openssh:docker-build] [0m#12 27.75 cc -g -O2 -pipe -Wno-error=format-truncation -Wall -Wpointer-arith -Wuninitialized -Wsign-compare -Wformat-security -Wsizeof-pointer-memaccess -Wno-pointer-sign -Wno-unused-result -Wimplicit-fallthrough -Wmisleading-indentation -fno-strict-aliasing -D_FORTIFY_SOURCE=2 -ftrapv -fzero-call-used-regs=all -ftrivial-auto-var-init=zero -fno-builtin-memset -fstack-protector-strong -fPIE   -I. -I.  -D_XOPEN_SOURCE=600 -D_BSD_SOURCE -D_DEFAULT_SOURCE -D_GNU_SOURCE -DOPENSSL_API_COMPAT=0x10100000L -DSSHDIR=\"/etc/ssh\" -D_PATH_SSH_PROGRAM=\"/usr/bin/ssh\" -D_PATH_SSH_ASKPASS_DEFAULT=\"/usr/libexec/ssh-askpass\" -D_PATH_SFTP_SERVER=\"/usr/libexec/sftp-server\" -D_PATH_SSH_KEY_SIGN=\"/usr/libexec/ssh-keysign\" -D_PATH_SSH_PKCS11_HELPER=\"/usr/libexec/ssh-pkcs11-helper\" -D_PATH_SSH_SK_HELPER=\"/usr/libexec/ssh-sk-helper\" -D_PATH_SSH_PIDDIR=\"/var/run\" -D_PATH_PRIVSEP_CHROOT_DIR=\"/var/empty\" -DHAVE_CONFIG_H -c regress/unittests/utf8/tests.c -o regress/unittests/utf8/tests.o
[90m[components/supervisor/openssh:docker-build] [0m#12 27.88 cc -o regress/unittests/utf8/test_utf8 -L. -Lopenbsd-compat/  -Wl,-z,relro -Wl,-z,now -Wl,-z,noexecstack -fstack-protector-strong -static -pie  regress/unittests/utf8/tests.o \
[90m[components/supervisor/openssh:docker-build] [0m#12 27.88     regress/unittests/test_helper/libtest_helper.a \
[90m[components/supervisor/openssh:docker-build] [0m#12 27.88     -lssh -lopenbsd-compat -lssh -lopenbsd-compat  -lcrypto  -lz
[90m[components/supervisor/openssh:docker-build] [0m#12 28.75 cd ./regress || exit $?; \
[90m[components/supervisor/openssh:docker-build] [0m#12 28.75 make \
[90m[components/supervisor/openssh:docker-build] [0m#12 28.75 	.CURDIR="/build/regress" \
[90m[components/supervisor/openssh:docker-build] [0m#12 28.75 	.OBJDIR="/build/regress" \
[90m[components/supervisor/openssh:docker-build] [0m#12 28.75 	OBJ="/build/regress" \
[90m[components/supervisor/openssh:docker-build] [0m#12 28.75 	unit && echo unit tests passed
[90m[components/supervisor/openssh:docker-build] [0m#12 28.75 make[1]: Entering directory '/build/regress'
[90m[components/supervisor/openssh:docker-build] [0m#12 28.75 set -e ; if test -z "" ; then \
[90m[components/supervisor/openssh:docker-build] [0m#12 28.75 	V="" ; \
[90m[components/supervisor/openssh:docker-build] [0m#12 28.75 	test "x" = "x" || \
[90m[components/supervisor/openssh:docker-build] [0m#12 28.75 	    V=/build/regress/valgrind-unit.sh ; \
[90m[components/supervisor/openssh:docker-build] [0m#12 28.75 	 $V /build/regress/unittests/sshbuf/test_sshbuf ; \
[90m[components/supervisor/openssh:docker-build] [0m#12 28.75 	 $V /build/regress/unittests/sshkey/test_sshkey \
[90m[components/supervisor/openssh:docker-build] [0m#12 28.75 		-d /build/regress/unittests/sshkey/testdata ; \
[90m[components/supervisor/openssh:docker-build] [0m#12 28.75 	$V /build/regress/unittests/sshsig/test_sshsig \
[90m[components/supervisor/openssh:docker-build] [0m#12 28.75 		-d /build/regress/unittests/sshsig/testdata ; \
[90m[components/supervisor/openssh:docker-build] [0m#12 28.75 	$V /build/regress/unittests/authopt/test_authopt \
[90m[components/supervisor/openssh:docker-build] [0m#12 28.75 		-d /build/regress/unittests/authopt/testdata ; \
[90m[components/supervisor/openssh:docker-build] [0m#12 28.75 	$V /build/regress/unittests/bitmap/test_bitmap ; \
[90m[components/supervisor/openssh:docker-build] [0m#12 28.75 	$V /build/regress/unittests/conversion/test_conversion ; \
[90m[components/supervisor/openssh:docker-build] [0m#12 28.75 	$V /build/regress/unittests/kex/test_kex ; \
[90m[components/supervisor/openssh:docker-build] [0m#12 28.75 	$V /build/regress/unittests/hostkeys/test_hostkeys \
[90m[components/supervisor/openssh:docker-build] [0m#12 28.75 		-d /build/regress/unittests/hostkeys/testdata ; \
[90m[components/supervisor/openssh:docker-build] [0m#12 28.75 	$V /build/regress/unittests/match/test_match ; \
[90m[components/supervisor/openssh:docker-build] [0m#12 28.75 	$V /build/regress/unittests/misc/test_misc ; \
[90m[components/supervisor/openssh:docker-build] [0m#12 28.75 	if test "x" = "xyes"  ; then \
[90m[components/supervisor/openssh:docker-build] [0m#12 28.75 		$V /build/regress/unittests/utf8/test_utf8 ; \
[90m[components/supervisor/openssh:docker-build] [0m#12 28.75 	fi \
[90m[components/supervisor/openssh:docker-build] [0m#12 28.75 fi
[90m[components/supervisor/openssh:docker-build] [0m#12 28.76 test_sshbuf: ...................................................................................................... 103 tests ok
[90m[components/supervisor/openssh:docker-build] [0m#12 62.51 test_sshkey: ........................................................................................................ 104 tests ok
[90m[components/supervisor/openssh:docker-build] [0m#12 410.4 test_sshsig: ........ 8 tests ok
[90m[components/supervisor/openssh:docker-build] [0m#12 410.4 test_authopt: .................................................................................................................................................. 146 tests ok
[90m[components/supervisor/openssh:docker-build] [0m#12 410.7 test_bitmap: .. 2 tests ok
[90m[components/supervisor/openssh:docker-build] [0m#12 523.8 test_conversion: . 1 tests ok
[90m[components/supervisor/openssh:docker-build] [0m#12 523.8 test_kex: ....................................................................................................................................................................................WARNING: could not open /etc/ssh/moduli (No such file or directory), using fixed modulus
[90m[components/supervisor/openssh:docker-build] [0m#12 526.7 .WARNING: could not open /etc/ssh/moduli (No such file or directory), using fixed modulus
[90m[components/supervisor/openssh:docker-build] [0m#12 526.8 .WARNING: could not open /etc/ssh/moduli (No such file or directory), using fixed modulus
[90m[components/supervisor/openssh:docker-build] [0m#12 526.9 ...WARNING: could not open /etc/ssh/moduli (No such file or directory), using fixed modulus
[90m[components/supervisor/openssh:docker-build] [0m#12 527.0 WARNING: could not open /etc/ssh/moduli (No such file or directory), using fixed modulus
[90m[components/supervisor/openssh:docker-build] [0m#12 527.1 ......WARNING: could not open /etc/ssh/moduli (No such file or directory), using fixed modulus
[90m[components/supervisor/openssh:docker-build] [0m#12 527.3 .WARNING: could not open /etc/ssh/moduli (No such file or directory), using fixed modulus
[90m[components/supervisor/openssh:docker-build] [0m#12 527.4 .WARNING: could not open /etc/ssh/moduli (No such file or directory), using fixed modulus
[90m[components/supervisor/openssh:docker-build] [0m#12 527.5 ...WARNING: could not open /etc/ssh/moduli (No such file or directory), using fixed modulus
[90m[components/supervisor/openssh:docker-build] [0m#12 527.6 WARNING: could not open /etc/ssh/moduli (No such file or directory), using fixed modulus
[90m[components/supervisor/openssh:docker-build] [0m#12 527.7 ......WARNING: could not open /etc/ssh/moduli (No such file or directory), using fixed modulus
[90m[components/supervisor/openssh:docker-build] [0m#12 527.8 .WARNING: could not open /etc/ssh/moduli (No such file or directory), using fixed modulus
[90m[components/supervisor/openssh:docker-build] [0m#12 527.9 .WARNING: could not open /etc/ssh/moduli (No such file or directory), using fixed modulus
[90m[components/supervisor/openssh:docker-build] [0m#12 528.0 ...WARNING: could not open /etc/ssh/moduli (No such file or directory), using fixed modulus
[90m[components/supervisor/openssh:docker-build] [0m#12 528.1 WARNING: could not open /etc/ssh/moduli (No such file or directory), using fixed modulus
[90m[components/supervisor/openssh:docker-build] [0m#12 528.2 ......WARNING: could not open /etc/ssh/moduli (No such file or directory), using fixed modulus
[90m[components/supervisor/openssh:docker-build] [0m#12 528.3 .WARNING: could not open /etc/ssh/moduli (No such file or directory), using fixed modulus
[90m[components/supervisor/openssh:docker-build] [0m#12 528.5 .WARNING: could not open /etc/ssh/moduli (No such file or directory), using fixed modulus
[90m[components/supervisor/openssh:docker-build] [0m#12 528.6 ...WARNING: could not open /etc/ssh/moduli (No such file or directory), using fixed modulus
[90m[components/supervisor/openssh:docker-build] [0m#12 528.7 WARNING: could not open /etc/ssh/moduli (No such file or directory), using fixed modulus
[90m[components/supervisor/openssh:docker-build] [0m#12 528.8 ......WARNING: could not open /etc/ssh/moduli (No such file or directory), using fixed modulus
[90m[components/supervisor/openssh:docker-build] [0m#12 529.0 .WARNING: could not open /etc/ssh/moduli (No such file or directory), using fixed modulus
[90m[components/supervisor/openssh:docker-build] [0m#12 529.2 .WARNING: could not open /etc/ssh/moduli (No such file or directory), using fixed modulus
[90m[components/supervisor/openssh:docker-build] [0m#12 529.3 ...WARNING: could not open /etc/ssh/moduli (No such file or directory), using fixed modulus
[90m[components/supervisor/openssh:docker-build] [0m#12 529.4 WARNING: could not open /etc/ssh/moduli (No such file or directory), using fixed modulus
[90m[components/supervisor/openssh:docker-build] [0m#12 529.5 ......WARNING: could not open /etc/ssh/moduli (No such file or directory), using fixed modulus
[90m[components/supervisor/openssh:docker-build] [0m#12 529.8 .WARNING: could not open /etc/ssh/moduli (No such file or directory), using fixed modulus
[90m[components/supervisor/openssh:docker-build] [0m#12 529.9 .WARNING: could not open /etc/ssh/moduli (No such file or directory), using fixed modulus
[90m[components/supervisor/openssh:docker-build] [0m#12 530.0 ...WARNING: could not open /etc/ssh/moduli (No such file or directory), using fixed modulus
[90m[components/supervisor/openssh:docker-build] [0m#12 530.1 WARNING: could not open /etc/ssh/moduli (No such file or directory), using fixed modulus
[90m[components/supervisor/openssh:docker-build] [0m#12 530.2 ......WARNING: could not open /etc/ssh/moduli (No such file or directory), using fixed modulus
[90m[components/supervisor/openssh:docker-build] [0m#12 530.3 .WARNING: could not open /etc/ssh/moduli (No such file or directory), using fixed modulus
[90m[components/supervisor/openssh:docker-build] [0m#12 530.4 .WARNING: could not open /etc/ssh/moduli (No such file or directory), using fixed modulus
[90m[components/supervisor/openssh:docker-build] [0m#12 530.5 ...WARNING: could not open /etc/ssh/moduli (No such file or directory), using fixed modulus
[90m[components/supervisor/openssh:docker-build] [0m#12 530.6 WARNING: could not open /etc/ssh/moduli (No such file or directory), using fixed modulus
[90m[components/supervisor/openssh:docker-build] [0m#12 530.7 ......WARNING: could not open /etc/ssh/moduli (No such file or directory), using fixed modulus
[90m[components/supervisor/openssh:docker-build] [0m#12 530.8 .WARNING: could not open /etc/ssh/moduli (No such file or directory), using fixed modulus
[90m[components/supervisor/openssh:docker-build] [0m#12 531.0 .WARNING: could not open /etc/ssh/moduli (No such file or directory), using fixed modulus
[90m[components/supervisor/openssh:docker-build] [0m#12 531.1 ...WARNING: could not open /etc/ssh/moduli (No such file or directory), using fixed modulus
[90m[components/supervisor/openssh:docker-build] [0m#12 531.2 WARNING: could not open /etc/ssh/moduli (No such file or directory), using fixed modulus
[90m[components/supervisor/openssh:docker-build] [0m#12 531.3 ....................................................................................................................................... 397 tests ok
[90m[components/supervisor/openssh:docker-build] [0m#12 537.1 test_hostkeys: .................. 18 tests ok
[90m[components/supervisor/openssh:docker-build] [0m#12 537.2 test_match: ...... 6 tests ok
[90m[components/supervisor/openssh:docker-build] [0m#12 537.2 test_misc: ........................................... 43 tests ok
[90m[components/supervisor/openssh:docker-build] [0m#12 537.2 make[1]: Leaving directory '/build/regress'
[90m[components/supervisor/openssh:docker-build] [0m#12 537.2 unit tests passed
[90m[components/supervisor/openssh:docker-build] [0m#12 537.2 make: Leaving directory '/build'
[90m[components/supervisor/openssh:docker-build] [0m#12 DONE 537.2s
[90m[components/supervisor/openssh:docker-build] [0m
[90m[components/supervisor/openssh:docker-build] [0m#13 [openssh-static 1/1] COPY --from=builder /openssh /usr
[90m[components/supervisor/openssh:docker-build] [0m#13 DONE 0.2s
[90m[components/supervisor/openssh:docker-build] [0m
[90m[components/supervisor/openssh:docker-build] [0m#14 exporting to image
[90m[components/supervisor/openssh:docker-build] [0m#14 exporting layers
[90m[components/supervisor/openssh:docker-build] [0m#14 exporting layers 0.2s done
[90m[components/supervisor/openssh:docker-build] [0m#14 writing image sha256:2e4365a98599e32bf6ef4428943bbb97d119a4c202b6af64321082482bc9cfdb done
[90m[components/supervisor/openssh:docker-build] [0m#14 naming to docker.io/library/fd53302ed0931f883f200b955ee8474c49b4b875 done
[90m[components/supervisor/openssh:docker-build] [0m#14 DONE 0.2s
[90m[components/supervisor/openssh:docker-build] [0m[0;32mpackage build succeded[0m [0;90m(543.70s)[0m
[90m[components/supervisor/openssh:app] [0m[33mbuild started[0m [0;90m(version 29a3572cc3f6afc5e80d9b9636436ed6cc31cfdd)[0m
[90m[components/supervisor/openssh:app] [0musr/
[90m[components/supervisor/openssh:app] [0musr/bin/
[90m[components/supervisor/openssh:app] [0musr/bin/scp
[90m[components/supervisor/openssh:app] [0musr/bin/sftp
[90m[components/supervisor/openssh:app] [0musr/bin/ssh
[90m[components/supervisor/openssh:app] [0musr/bin/ssh-add
[90m[components/supervisor/openssh:app] [0musr/bin/ssh-agent
[90m[components/supervisor/openssh:app] [0musr/bin/ssh-keygen
[90m[components/supervisor/openssh:app] [0musr/bin/ssh-keyscan
[90m[components/supervisor/openssh:app] [0musr/libexec/
[90m[components/supervisor/openssh:app] [0musr/libexec/sftp-server
[90m[components/supervisor/openssh:app] [0musr/libexec/ssh-keysign
[90m[components/supervisor/openssh:app] [0musr/libexec/ssh-pkcs11-helper
[90m[components/supervisor/openssh:app] [0musr/libexec/ssh-sk-helper
[90m[components/supervisor/openssh:app] [0musr/sbin/
[90m[components/supervisor/openssh:app] [0musr/sbin/sshd
[90m[components/supervisor/openssh:app] [0m[0;32mpackage build succeded[0m [0;90m(2.95s)[0m
[90m[components/supervisor:app] [0m=== RUN   Test
[90m[components/supervisor:app] [0m=== RUN   Test/Test_happy_path
[90m[components/supervisor:app] [0mtime="2023-05-12T10:01:16Z" level=info msg="Subscribe entered" SubscribeRequest=
[90m[components/supervisor:app] [0mtime="2023-05-12T10:01:16Z" level=info msg="sending pending notifications" pending=1
[90m[components/supervisor:app] [0mtime="2023-05-12T10:01:16Z" level=info msg="sending notify response" NotifyResponse="action:\"yes\""
[90m[components/supervisor:app] [0m=== RUN   Test/Notification_without_actions_should_return_immediately
[90m[components/supervisor:app] [0mtime="2023-05-12T10:01:16Z" level=info msg="sending notify response" NotifyResponse=
[90m[components/supervisor:app] [0m=== RUN   Test/Late_subscriber_and_pending_notifications
[90m[components/supervisor:app] [0mtime="2023-05-12T10:01:16Z" level=info msg="sending notify response" NotifyResponse=
[90m[components/supervisor:app] [0mtime="2023-05-12T10:01:16Z" level=info msg="Subscriber cancelled" SubscribeRequest=
[90m[components/supervisor:app] [0mtime="2023-05-12T10:01:16Z" level=info msg="Subscribe exited" SubscribeRequest=
[90m[components/supervisor:app] [0mtime="2023-05-12T10:01:16Z" level=info msg="Subscribe entered" SubscribeRequest=
[90m[components/supervisor:app] [0mtime="2023-05-12T10:01:16Z" level=info msg="sending pending notifications" pending=1
[90m[components/supervisor:app] [0mtime="2023-05-12T10:01:16Z" level=info msg="Subscribe entered" SubscribeRequest=
[90m[components/supervisor:app] [0mtime="2023-05-12T10:01:16Z" level=info msg="sending pending notifications" pending=1
[90m[components/supervisor:app] [0m=== RUN   Test/Wrong_action_is_rejected
[90m[components/supervisor:app] [0mtime="2023-05-12T10:01:16Z" level=info msg="Subscriber cancelled" SubscribeRequest=
[90m[components/supervisor:app] [0mtime="2023-05-12T10:01:16Z" level=info msg="Subscribe exited" SubscribeRequest=
[90m[components/supervisor:app] [0mtime="2023-05-12T10:01:16Z" level=info msg="Subscribe entered" SubscribeRequest=
[90m[components/supervisor:app] [0mtime="2023-05-12T10:01:16Z" level=info msg="sending pending notifications" pending=1
[90m[components/supervisor:app] [0mtime="2023-05-12T10:01:16Z" level=error msg="Invalid user action on notification" Action=invalid Notification="request:{level:INFO  message:\"Notification with actions\"  actions:\"ok\"}"
[90m[components/supervisor:app] [0mtime="2023-05-12T10:01:16Z" level=info msg="Invalid or late response to notification" Action=ok RequestId=0
[90m[components/supervisor:app] [0m=== RUN   Test/Backpressure
[90m[components/supervisor:app] [0mtime="2023-05-12T10:01:16Z" level=info msg="Subscriber cancelled" SubscribeRequest=
[90m[components/supervisor:app] [0mtime="2023-05-12T10:01:16Z" level=info msg="Subscribe exited" SubscribeRequest=
[90m[components/supervisor:app] [0mtime="2023-05-12T10:01:16Z" level=info msg="sending notify response" NotifyResponse=
[90m[components/supervisor:app] [0mtime="2023-05-12T10:01:16Z" level=info msg="Subscribe entered" SubscribeRequest=
[90m[components/supervisor:app] [0mtime="2023-05-12T10:01:16Z" level=info msg="sending pending notifications" pending=1
[90m[components/supervisor:app] [0mtime="2023-05-12T10:01:16Z" level=info msg="sending notify response" NotifyResponse=
[90m[components/supervisor:app] [0mtime="2023-05-12T10:01:16Z" level=info msg="sending notify response" NotifyResponse=
[90m[components/supervisor:app] [0mtime="2023-05-12T10:01:16Z" level=info msg="sending notify response" NotifyResponse=
[90m[components/supervisor:app] [0mtime="2023-05-12T10:01:16Z" level=info msg="sending notify response" NotifyResponse=
[90m[components/supervisor:app] [0mtime="2023-05-12T10:01:16Z" level=info msg="sending notify response" NotifyResponse=
[90m[components/supervisor:app] [0mtime="2023-05-12T10:01:16Z" level=info msg="sending notify response" NotifyResponse=
[90m[components/supervisor:app] [0mtime="2023-05-12T10:01:16Z" level=info msg="sending notify response" NotifyResponse=
[90m[components/supervisor:app] [0mtime="2023-05-12T10:01:16Z" level=info msg="sending notify response" NotifyResponse=
[90m[components/supervisor:app] [0mtime="2023-05-12T10:01:16Z" level=info msg="sending notify response" NotifyResponse=
[90m[components/supervisor:app] [0mtime="2023-05-12T10:01:16Z" level=info msg="sending notify response" NotifyResponse=
[90m[components/supervisor:app] [0mtime="2023-05-12T10:01:16Z" level=info msg="sending notify response" NotifyResponse=
[90m[components/supervisor:app] [0mtime="2023-05-12T10:01:16Z" level=info msg="sending notify response" NotifyResponse=
[90m[components/supervisor:app] [0mtime="2023-05-12T10:01:16Z" level=info msg="sending notify response" NotifyResponse=
[90m[components/supervisor:app] [0mtime="2023-05-12T10:01:16Z" level=info msg="sending notify response" NotifyResponse=
[90m[components/supervisor:app] [0mtime="2023-05-12T10:01:16Z" level=info msg="sending notify response" NotifyResponse=
[90m[components/supervisor:app] [0mtime="2023-05-12T10:01:16Z" level=info msg="sending notify response" NotifyResponse=
[90m[components/supervisor:app] [0mtime="2023-05-12T10:01:16Z" level=info msg="sending notify response" NotifyResponse=
[90m[components/supervisor:app] [0mtime="2023-05-12T10:01:16Z" level=info msg="Subscriber cancelled" SubscribeRequest=
[90m[components/supervisor:app] [0mtime="2023-05-12T10:01:16Z" level=info msg="Subscribe exited" SubscribeRequest=
[90m[components/supervisor:app] [0mtime="2023-05-12T10:01:16Z" level=info msg="sending notify response" NotifyResponse=
[90m[components/supervisor:app] [0mtime="2023-05-12T10:01:16Z" level=info msg="sending notify response" NotifyResponse="action:\"ok\""
[90m[components/supervisor:app] [0mtime="2023-05-12T10:01:16Z" level=info msg="sending notify response" NotifyResponse=
[90m[components/supervisor:app] [0mtime="2023-05-12T10:01:16Z" level=info msg="sending notify response" NotifyResponse=
[90m[components/supervisor:app] [0mtime="2023-05-12T10:01:16Z" level=info msg="sending notify response" NotifyResponse=
[90m[components/supervisor:app] [0mtime="2023-05-12T10:01:16Z" level=info msg="sending notify response" NotifyResponse=
[90m[components/supervisor:app] [0mtime="2023-05-12T10:01:16Z" level=info msg="sending notify response" NotifyResponse=
[90m[components/supervisor:app] [0mtime="2023-05-12T10:01:16Z" level=info msg="sending notify response" NotifyResponse=
[90m[components/supervisor:app] [0mtime="2023-05-12T10:01:16Z" level=info msg="sending notify response" NotifyResponse=
[90m[components/supervisor:app] [0mtime="2023-05-12T10:01:16Z" level=info msg="sending notify response" NotifyResponse=
[90m[components/supervisor:app] [0mtime="2023-05-12T10:01:16Z" level=info msg="sending notify response" NotifyResponse=
[90m[components/supervisor:app] [0mtime="2023-05-12T10:01:16Z" level=info msg="sending notify response" NotifyResponse=
[90m[components/supervisor:app] [0mtime="2023-05-12T10:01:16Z" level=info msg="sending notify response" NotifyResponse=
[90m[components/supervisor:app] [0mtime="2023-05-12T10:01:16Z" level=info msg="sending notify response" NotifyResponse=
[90m[components/supervisor:app] [0mtime="2023-05-12T10:01:16Z" level=info msg="sending notify response" NotifyResponse=
[90m[components/supervisor:app] [0mtime="2023-05-12T10:01:16Z" level=info msg="sending notify response" NotifyResponse=
[90m[components/supervisor:app] [0mtime="2023-05-12T10:01:16Z" level=info msg="sending notify response" NotifyResponse=
[90m[components/supervisor:app] [0mtime="2023-05-12T10:01:16Z" level=info msg="sending notify response" NotifyResponse=
[90m[components/supervisor:app] [0mtime="2023-05-12T10:01:16Z" level=info msg="sending notify response" NotifyResponse=
[90m[components/supervisor:app] [0mtime="2023-05-12T10:01:16Z" level=info msg="sending notify response" NotifyResponse=
[90m[components/supervisor:app] [0mtime="2023-05-12T10:01:16Z" level=info msg="sending notify response" NotifyResponse=
[90m[components/supervisor:app] [0mtime="2023-05-12T10:01:16Z" level=info msg="sending notify response" NotifyResponse=
[90m[components/supervisor:app] [0mtime="2023-05-12T10:01:16Z" level=info msg="sending notify response" NotifyResponse=
[90m[components/supervisor:app] [0mtime="2023-05-12T10:01:16Z" level=info msg="sending notify response" NotifyResponse=
[90m[components/supervisor:app] [0mtime="2023-05-12T10:01:16Z" level=info msg="sending notify response" NotifyResponse=
[90m[components/supervisor:app] [0mtime="2023-05-12T10:01:16Z" level=info msg="sending notify response" NotifyResponse=
[90m[components/supervisor:app] [0mtime="2023-05-12T10:01:16Z" level=info msg="sending notify response" NotifyResponse=
[90m[components/supervisor:app] [0mtime="2023-05-12T10:01:16Z" level=info msg="sending notify response" NotifyResponse=
[90m[components/supervisor:app] [0mtime="2023-05-12T10:01:16Z" level=info msg="sending notify response" NotifyResponse=
[90m[components/supervisor:app] [0mtime="2023-05-12T10:01:16Z" level=info msg="sending notify response" NotifyResponse=
[90m[components/supervisor:app] [0mtime="2023-05-12T10:01:16Z" level=info msg="sending notify response" NotifyResponse=
[90m[components/supervisor:app] [0mtime="2023-05-12T10:01:16Z" level=info msg="sending notify response" NotifyResponse=
[90m[components/supervisor:app] [0mtime="2023-05-12T10:01:16Z" level=info msg="sending notify response" NotifyResponse=
[90m[components/supervisor:app] [0mtime="2023-05-12T10:01:16Z" level=info msg="sending notify response" NotifyResponse=
[90m[components/supervisor:app] [0mtime="2023-05-12T10:01:16Z" level=info msg="sending notify response" NotifyResponse=
[90m[components/supervisor:app] [0mtime="2023-05-12T10:01:16Z" level=info msg="sending notify response" NotifyResponse=
[90m[components/supervisor:app] [0mtime="2023-05-12T10:01:16Z" level=info msg="sending notify response" NotifyResponse=
[90m[components/supervisor:app] [0mtime="2023-05-12T10:01:16Z" level=info msg="sending notify response" NotifyResponse=
[90m[components/supervisor:app] [0mtime="2023-05-12T10:01:16Z" level=info msg="sending notify response" NotifyResponse=
[90m[components/supervisor:app] [0mtime="2023-05-12T10:01:16Z" level=info msg="sending notify response" NotifyResponse=
[90m[components/supervisor:app] [0mtime="2023-05-12T10:01:16Z" level=info msg="sending notify response" NotifyResponse=
[90m[components/supervisor:app] [0mtime="2023-05-12T10:01:16Z" level=info msg="sending notify response" NotifyResponse=
[90m[components/supervisor:app] [0mtime="2023-05-12T10:01:16Z" level=info msg="sending notify response" NotifyResponse=
[90m[components/supervisor:app] [0mtime="2023-05-12T10:01:16Z" level=info msg="sending notify response" NotifyResponse=
[90m[components/supervisor:app] [0mtime="2023-05-12T10:01:16Z" level=info msg="sending notify response" NotifyResponse=
[90m[components/supervisor:app] [0mtime="2023-05-12T10:01:16Z" level=info msg="sending notify response" NotifyResponse=
[90m[components/supervisor:app] [0mtime="2023-05-12T10:01:16Z" level=info msg="sending notify response" NotifyResponse=
[90m[components/supervisor:app] [0mtime="2023-05-12T10:01:16Z" level=info msg="sending notify response" NotifyResponse=
[90m[components/supervisor:app] [0mtime="2023-05-12T10:01:16Z" level=info msg="sending notify response" NotifyResponse=
[90m[components/supervisor:app] [0mtime="2023-05-12T10:01:16Z" level=info msg="sending notify response" NotifyResponse=
[90m[components/supervisor:app] [0mtime="2023-05-12T10:01:16Z" level=info msg="sending notify response" NotifyResponse=
[90m[components/supervisor:app] [0mtime="2023-05-12T10:01:16Z" level=info msg="sending notify response" NotifyResponse=
[90m[components/supervisor:app] [0mtime="2023-05-12T10:01:16Z" level=info msg="sending notify response" NotifyResponse=
[90m[components/supervisor:app] [0mtime="2023-05-12T10:01:16Z" level=info msg="sending notify response" NotifyResponse=
[90m[components/supervisor:app] [0mtime="2023-05-12T10:01:16Z" level=info msg="sending notify response" NotifyResponse=
[90m[components/supervisor:app] [0mtime="2023-05-12T10:01:16Z" level=info msg="sending notify response" NotifyResponse=
[90m[components/supervisor:app] [0mtime="2023-05-12T10:01:16Z" level=info msg="sending notify response" NotifyResponse=
[90m[components/supervisor:app] [0mtime="2023-05-12T10:01:16Z" level=info msg="sending notify response" NotifyResponse=
[90m[components/supervisor:app] [0mtime="2023-05-12T10:01:16Z" level=info msg="sending notify response" NotifyResponse=
[90m[components/supervisor:app] [0mtime="2023-05-12T10:01:16Z" level=info msg="sending notify response" NotifyResponse=
[90m[components/supervisor:app] [0mtime="2023-05-12T10:01:16Z" level=info msg="sending notify response" NotifyResponse=
[90m[components/supervisor:app] [0mtime="2023-05-12T10:01:16Z" level=info msg="sending notify response" NotifyResponse=
[90m[components/supervisor:app] [0mtime="2023-05-12T10:01:16Z" level=info msg="sending notify response" NotifyResponse=
[90m[components/supervisor:app] [0mtime="2023-05-12T10:01:16Z" level=info msg="sending notify response" NotifyResponse=
[90m[components/supervisor:app] [0mtime="2023-05-12T10:01:16Z" level=info msg="sending notify response" NotifyResponse=
[90m[components/supervisor:app] [0mtime="2023-05-12T10:01:16Z" level=info msg="sending notify response" NotifyResponse=
[90m[components/supervisor:app] [0mtime="2023-05-12T10:01:16Z" level=info msg="sending notify response" NotifyResponse=
[90m[components/supervisor:app] [0mtime="2023-05-12T10:01:16Z" level=info msg="sending notify response" NotifyResponse=
[90m[components/supervisor:app] [0mtime="2023-05-12T10:01:16Z" level=info msg="sending notify response" NotifyResponse=
[90m[components/supervisor:app] [0mtime="2023-05-12T10:01:16Z" level=info msg="sending notify response" NotifyResponse=
[90m[components/supervisor:app] [0mtime="2023-05-12T10:01:16Z" level=info msg="sending notify response" NotifyResponse=
[90m[components/supervisor:app] [0mtime="2023-05-12T10:01:16Z" level=info msg="sending notify response" NotifyResponse=
[90m[components/supervisor:app] [0mtime="2023-05-12T10:01:16Z" level=info msg="sending notify response" NotifyResponse=
[90m[components/supervisor:app] [0mtime="2023-05-12T10:01:16Z" level=info msg="sending notify response" NotifyResponse=
[90m[components/supervisor:app] [0mtime="2023-05-12T10:01:16Z" level=info msg="sending notify response" NotifyResponse=
[90m[components/supervisor:app] [0mtime="2023-05-12T10:01:16Z" level=info msg="sending notify response" NotifyResponse=
[90m[components/supervisor:app] [0mtime="2023-05-12T10:01:16Z" level=info msg="sending notify response" NotifyResponse=
[90m[components/supervisor:app] [0mtime="2023-05-12T10:01:16Z" level=info msg="sending notify response" NotifyResponse=
[90m[components/supervisor:app] [0mtime="2023-05-12T10:01:16Z" level=info msg="sending notify response" NotifyResponse=
[90m[components/supervisor:app] [0mtime="2023-05-12T10:01:16Z" level=info msg="sending notify response" NotifyResponse=
[90m[components/supervisor:app] [0mtime="2023-05-12T10:01:16Z" level=info msg="sending notify response" NotifyResponse=
[90m[components/supervisor:app] [0mtime="2023-05-12T10:01:16Z" level=info msg="sending notify response" NotifyResponse=
[90m[components/supervisor:app] [0mtime="2023-05-12T10:01:16Z" level=info msg="sending notify response" NotifyResponse=
[90m[components/supervisor:app] [0mtime="2023-05-12T10:01:16Z" level=info msg="sending notify response" NotifyResponse=
[90m[components/supervisor:app] [0mtime="2023-05-12T10:01:16Z" level=info msg="sending notify response" NotifyResponse=
[90m[components/supervisor:app] [0mtime="2023-05-12T10:01:16Z" level=info msg="Cancelling unresponsive subscriber" subscription="level:INFO  message:\"Notification 102\""
[90m[components/supervisor:app] [0mtime="2023-05-12T10:01:16Z" level=info msg="sending notify response" NotifyResponse=
[90m[components/supervisor:app] [0mtime="2023-05-12T10:01:16Z" level=info msg="sending notify response" NotifyResponse=
[90m[components/supervisor:app] [0mtime="2023-05-12T10:01:16Z" level=info msg="sending notify response" NotifyResponse=
[90m[components/supervisor:app] [0mtime="2023-05-12T10:01:16Z" level=info msg="sending notify response" NotifyResponse=
[90m[components/supervisor:app] [0mtime="2023-05-12T10:01:16Z" level=info msg="sending notify response" NotifyResponse=
[90m[components/supervisor:app] [0mtime="2023-05-12T10:01:16Z" level=info msg="sending notify response" NotifyResponse=
[90m[components/supervisor:app] [0mtime="2023-05-12T10:01:16Z" level=info msg="sending notify response" NotifyResponse=
[90m[components/supervisor:app] [0mtime="2023-05-12T10:01:16Z" level=info msg="sending notify response" NotifyResponse=
[90m[components/supervisor:app] [0mtime="2023-05-12T10:01:16Z" level=info msg="sending notify response" NotifyResponse=
[90m[components/supervisor:app] [0mtime="2023-05-12T10:01:16Z" level=info msg="sending notify response" NotifyResponse=
[90m[components/supervisor:app] [0mtime="2023-05-12T10:01:16Z" level=info msg="sending notify response" NotifyResponse=
[90m[components/supervisor:app] [0mtime="2023-05-12T10:01:16Z" level=info msg="sending notify response" NotifyResponse=
[90m[components/supervisor:app] [0mtime="2023-05-12T10:01:16Z" level=info msg="sending notify response" NotifyResponse=
[90m[components/supervisor:app] [0mtime="2023-05-12T10:01:16Z" level=info msg="sending notify response" NotifyResponse=
[90m[components/supervisor:app] [0mtime="2023-05-12T10:01:16Z" level=info msg="sending notify response" NotifyResponse=
[90m[components/supervisor:app] [0mtime="2023-05-12T10:01:16Z" level=info msg="sending notify response" NotifyResponse=
[90m[components/supervisor:app] [0mtime="2023-05-12T10:01:16Z" level=info msg="sending notify response" NotifyResponse=
[90m[components/supervisor:app] [0mtime="2023-05-12T10:01:16Z" level=info msg="sending notify response" NotifyResponse=
[90m[components/supervisor:app] [0mtime="2023-05-12T10:01:16Z" level=info msg="sending notify response" NotifyResponse=
[90m[components/supervisor:app] [0mtime="2023-05-12T10:01:16Z" level=warning msg="Max number of pending notifications exceeded (120)"
[90m[components/supervisor:app] [0mtime="2023-05-12T10:01:17Z" level=error msg="Could not unsubscribe subscriber"
[90m[components/supervisor:app] [0mtime="2023-05-12T10:01:17Z" level=info msg="Subscribe exited" SubscribeRequest=
[90m[components/supervisor:app] [0m--- PASS: Test (1.00s)
[90m[components/supervisor:app] [0m    --- PASS: Test/Test_happy_path (0.00s)
[90m[components/supervisor:app] [0m    --- PASS: Test/Notification_without_actions_should_return_immediately (0.00s)
[90m[components/supervisor:app] [0m    --- PASS: Test/Late_subscriber_and_pending_notifications (0.00s)
[90m[components/supervisor:app] [0m    --- PASS: Test/Wrong_action_is_rejected (0.00s)
[90m[components/supervisor:app] [0m    --- PASS: Test/Backpressure (1.00s)
[90m[components/supervisor:app] [0m=== RUN   TestInMemoryTokenServiceGetToken
[90m[components/supervisor:app] [0m=== RUN   TestInMemoryTokenServiceGetToken/no_provider
[90m[components/supervisor:app] [0m=== RUN   TestInMemoryTokenServiceGetToken/cached_token_(no_reuse)
[90m[components/supervisor:app] [0m=== RUN   TestInMemoryTokenServiceGetToken/cached_token_(exact,_reuse_when_possible)
[90m[components/supervisor:app] [0m=== RUN   TestInMemoryTokenServiceGetToken/cached_token_(expired)
[90m[components/supervisor:app] [0m=== RUN   TestInMemoryTokenServiceGetToken/cached_token_(no_expiry)
[90m[components/supervisor:app] [0m=== RUN   TestInMemoryTokenServiceGetToken/cached_token_(fewer_scopes)
[90m[components/supervisor:app] [0m=== RUN   TestInMemoryTokenServiceGetToken/cached_token_(more_scopes,_reuse_when_possible)
[90m[components/supervisor:app] [0m=== RUN   TestInMemoryTokenServiceGetToken/cached_token_(more_scopes,_exact_reuse)
[90m[components/supervisor:app] [0m=== RUN   TestInMemoryTokenServiceGetToken/token_provider_(no_token)
[90m[components/supervisor:app] [0mtime="2023-05-12T10:01:17Z" level=warning msg="got no token from registered provider" host=gitpod.io kind=myprovider
[90m[components/supervisor:app] [0m=== RUN   TestInMemoryTokenServiceGetToken/token_provider
[90m[components/supervisor:app] [0mtime="2023-05-12T10:01:17Z" level=info msg="registered new token" host=gitpod.io kind=myprovider reuse=REUSE_WHEN_POSSIBLE scopes="map[a1:{} a2:{}]"
[90m[components/supervisor:app] [0m=== RUN   TestInMemoryTokenServiceGetToken/token_provider_(another_kind)
[90m[components/supervisor:app] [0mtime="2023-05-12T10:01:17Z" level=info msg="registered new token" host=gitpod.io kind=myprovider2 reuse=REUSE_WHEN_POSSIBLE scopes="map[a1:{} a2:{}]"
[90m[components/supervisor:app] [0m--- PASS: TestInMemoryTokenServiceGetToken (0.00s)
[90m[components/supervisor:app] [0m    --- PASS: TestInMemoryTokenServiceGetToken/no_provider (0.00s)
[90m[components/supervisor:app] [0m    --- PASS: TestInMemoryTokenServiceGetToken/cached_token_(no_reuse) (0.00s)
[90m[components/supervisor:app] [0m    --- PASS: TestInMemoryTokenServiceGetToken/cached_token_(exact,_reuse_when_possible) (0.00s)
[90m[components/supervisor:app] [0m    --- PASS: TestInMemoryTokenServiceGetToken/cached_token_(expired) (0.00s)
[90m[components/supervisor:app] [0m    --- PASS: TestInMemoryTokenServiceGetToken/cached_token_(no_expiry) (0.00s)
[90m[components/supervisor:app] [0m    --- PASS: TestInMemoryTokenServiceGetToken/cached_token_(fewer_scopes) (0.00s)
[90m[components/supervisor:app] [0m    --- PASS: TestInMemoryTokenServiceGetToken/cached_token_(more_scopes,_reuse_when_possible) (0.00s)
[90m[components/supervisor:app] [0m    --- PASS: TestInMemoryTokenServiceGetToken/cached_token_(more_scopes,_exact_reuse) (0.00s)
[90m[components/supervisor:app] [0m    --- PASS: TestInMemoryTokenServiceGetToken/token_provider_(no_token) (0.00s)
[90m[components/supervisor:app] [0m    --- PASS: TestInMemoryTokenServiceGetToken/token_provider (0.00s)
[90m[components/supervisor:app] [0m    --- PASS: TestInMemoryTokenServiceGetToken/token_provider_(another_kind) (0.00s)
[90m[components/supervisor:app] [0m=== RUN   TestInMemoryTokenServiceSetToken
[90m[components/supervisor:app] [0m=== RUN   TestInMemoryTokenServiceSetToken/expired_token
[90m[components/supervisor:app] [0m=== RUN   TestInMemoryTokenServiceSetToken/missing_token
[90m[components/supervisor:app] [0m=== RUN   TestInMemoryTokenServiceSetToken/missing_host
[90m[components/supervisor:app] [0m=== RUN   TestInMemoryTokenServiceSetToken/no_scopes
[90m[components/supervisor:app] [0mtime="2023-05-12T10:01:17Z" level=info msg="registered new token" host=gitpod.io kind= reuse=REUSE_WHEN_POSSIBLE scopes="map[]"
[90m[components/supervisor:app] [0m=== RUN   TestInMemoryTokenServiceSetToken/with_scopes
[90m[components/supervisor:app] [0mtime="2023-05-12T10:01:17Z" level=info msg="registered new token" host=gitpod.io kind= reuse=REUSE_WHEN_POSSIBLE scopes="map[a1:{}]"
[90m[components/supervisor:app] [0m=== RUN   TestInMemoryTokenServiceSetToken/no_reuse
[90m[components/supervisor:app] [0m--- PASS: TestInMemoryTokenServiceSetToken (0.00s)
[90m[components/supervisor:app] [0m    --- PASS: TestInMemoryTokenServiceSetToken/expired_token (0.00s)
[90m[components/supervisor:app] [0m    --- PASS: TestInMemoryTokenServiceSetToken/missing_token (0.00s)
[90m[components/supervisor:app] [0m    --- PASS: TestInMemoryTokenServiceSetToken/missing_host (0.00s)
[90m[components/supervisor:app] [0m    --- PASS: TestInMemoryTokenServiceSetToken/no_scopes (0.00s)
[90m[components/supervisor:app] [0m    --- PASS: TestInMemoryTokenServiceSetToken/with_scopes (0.00s)
[90m[components/supervisor:app] [0m    --- PASS: TestInMemoryTokenServiceSetToken/no_reuse (0.00s)
[90m[components/supervisor:app] [0m=== RUN   TestBuildChildProcEnv
[90m[components/supervisor:app] [0m=== RUN   TestBuildChildProcEnv/empty_set
[90m[components/supervisor:app] [0m=== RUN   TestBuildChildProcEnv/=_in_value
[90m[components/supervisor:app] [0m=== RUN   TestBuildChildProcEnv/override_baseline
[90m[components/supervisor:app] [0m=== RUN   TestBuildChildProcEnv/removes_blacklisted_vars
[90m[components/supervisor:app] [0m=== RUN   TestBuildChildProcEnv/invalid_env_var
[90m[components/supervisor:app] [0mtime="2023-05-12T10:01:17Z" level=info msg="\"FOOBAR\" has invalid format, not including in IDE environment"
[90m[components/supervisor:app] [0m=== RUN   TestBuildChildProcEnv/os.Environ
[90m[components/supervisor:app] [0m=== RUN   TestBuildChildProcEnv/ots
[90m[components/supervisor:app] [0m=== RUN   TestBuildChildProcEnv/failed_ots
[90m[components/supervisor:app] [0mtime="2023-05-12T10:01:17Z" level=warning msg="unable to download environment variables from OTS" error="invalid character 'i' looking for beginning of value"
[90m[components/supervisor:app] [0m--- PASS: TestBuildChildProcEnv (0.00s)
[90m[components/supervisor:app] [0m    --- PASS: TestBuildChildProcEnv/empty_set (0.00s)
[90m[components/supervisor:app] [0m    --- PASS: TestBuildChildProcEnv/=_in_value (0.00s)
[90m[components/supervisor:app] [0m    --- PASS: TestBuildChildProcEnv/override_baseline (0.00s)
[90m[components/supervisor:app] [0m    --- PASS: TestBuildChildProcEnv/removes_blacklisted_vars (0.00s)
[90m[components/supervisor:app] [0m    --- PASS: TestBuildChildProcEnv/invalid_env_var (0.00s)
[90m[components/supervisor:app] [0m    --- PASS: TestBuildChildProcEnv/os.Environ (0.00s)
[90m[components/supervisor:app] [0m    --- PASS: TestBuildChildProcEnv/ots (0.00s)
[90m[components/supervisor:app] [0m    --- PASS: TestBuildChildProcEnv/failed_ots (0.00s)
[90m[components/supervisor:app] [0m=== RUN   TestIsBlacklistedEnvvar
[90m[components/supervisor:app] [0m=== RUN   TestIsBlacklistedEnvvar/deprecated_theia_envvars
[90m[components/supervisor:app] [0m=== RUN   TestIsBlacklistedEnvvar/gitpod_tokens
[90m[components/supervisor:app] [0m=== RUN   TestIsBlacklistedEnvvar/gitpod_tokens_child
[90m[components/supervisor:app] [0m=== RUN   TestIsBlacklistedEnvvar/kubernetes_services
[90m[components/supervisor:app] [0m=== RUN   TestIsBlacklistedEnvvar/kubernetes_service_ports
[90m[components/supervisor:app] [0m=== RUN   TestIsBlacklistedEnvvar/something_with_spaces
[90m[components/supervisor:app] [0m=== RUN   TestIsBlacklistedEnvvar/path
[90m[components/supervisor:app] [0m--- PASS: TestIsBlacklistedEnvvar (0.00s)
[90m[components/supervisor:app] [0m    --- PASS: TestIsBlacklistedEnvvar/deprecated_theia_envvars (0.00s)
[90m[components/supervisor:app] [0m    --- PASS: TestIsBlacklistedEnvvar/gitpod_tokens (0.00s)
[90m[components/supervisor:app] [0m    --- PASS: TestIsBlacklistedEnvvar/gitpod_tokens_child (0.00s)
[90m[components/supervisor:app] [0m    --- PASS: TestIsBlacklistedEnvvar/kubernetes_services (0.00s)
[90m[components/supervisor:app] [0m    --- PASS: TestIsBlacklistedEnvvar/kubernetes_service_ports (0.00s)
[90m[components/supervisor:app] [0m    --- PASS: TestIsBlacklistedEnvvar/something_with_spaces (0.00s)
[90m[components/supervisor:app] [0m    --- PASS: TestIsBlacklistedEnvvar/path (0.00s)
[90m[components/supervisor:app] [0m=== RUN   TestTaskManager
[90m[components/supervisor:app] [0m=== RUN   TestTaskManager/headless_prebuild_should_finish_without_tasks
[90m[components/supervisor:app] [0m=== RUN   TestTaskManager/headless_prebuild_should_finish_without_init_tasks
[90m[components/supervisor:app] [0m=== RUN   TestTaskManager/headless_prebuild_should_finish_with_successful_init_tasks
[90m[components/supervisor:app] [0m=== RUN   TestTaskManager/headless_prebuild_should_finish_with_failed_init_tasks
[90m[components/supervisor:app] [0m=== RUN   TestTaskManager/headless_prebuild_should_finish_with_at_least_one_failed_init_tasks_(first)
[90m[components/supervisor:app] [0m=== RUN   TestTaskManager/headless_prebuild_should_finish_with_at_least_one_failed_init_tasks_(second)
[90m[components/supervisor:app] [0m=== RUN   TestTaskManager/JSON_object_converted_to_plain_text_object
[90m[components/supervisor:app] [0m=== RUN   TestTaskManager/Escaped_JSON_converts_to_JSON
[90m[components/supervisor:app] [0m=== RUN   TestTaskManager/JSON_array_is_treated_as_plain_array
[90m[components/supervisor:app] [0m=== RUN   TestTaskManager/String_environment_variable_is_not_treated_as_JSON_(extra_quotes_are_stripped)
[90m[components/supervisor:app] [0m=== RUN   TestTaskManager/Boolean_environment_variable_is_treated_as_a_boolean
[90m[components/supervisor:app] [0m=== RUN   TestTaskManager/Null_environment_variable_is_treated_as_null
[90m[components/supervisor:app] [0m=== RUN   TestTaskManager/Number_environment_variable_is_treated_as_number
[90m[components/supervisor:app] [0m--- PASS: TestTaskManager (0.19s)
[90m[components/supervisor:app] [0m    --- PASS: TestTaskManager/headless_prebuild_should_finish_without_tasks (0.00s)
[90m[components/supervisor:app] [0m    --- PASS: TestTaskManager/headless_prebuild_should_finish_without_init_tasks (0.00s)
[90m[components/supervisor:app] [0m    --- PASS: TestTaskManager/headless_prebuild_should_finish_with_successful_init_tasks (0.02s)
[90m[components/supervisor:app] [0m    --- PASS: TestTaskManager/headless_prebuild_should_finish_with_failed_init_tasks (0.02s)
[90m[components/supervisor:app] [0m    --- PASS: TestTaskManager/headless_prebuild_should_finish_with_at_least_one_failed_init_tasks_(first) (0.02s)
[90m[components/supervisor:app] [0m    --- PASS: TestTaskManager/headless_prebuild_should_finish_with_at_least_one_failed_init_tasks_(second) (0.02s)
[90m[components/supervisor:app] [0m    --- PASS: TestTaskManager/JSON_object_converted_to_plain_text_object (0.02s)
[90m[components/supervisor:app] [0m    --- PASS: TestTaskManager/Escaped_JSON_converts_to_JSON (0.02s)
[90m[components/supervisor:app] [0m    --- PASS: TestTaskManager/JSON_array_is_treated_as_plain_array (0.02s)
[90m[components/supervisor:app] [0m    --- PASS: TestTaskManager/String_environment_variable_is_not_treated_as_JSON_(extra_quotes_are_stripped) (0.01s)
[90m[components/supervisor:app] [0m    --- PASS: TestTaskManager/Boolean_environment_variable_is_treated_as_a_boolean (0.02s)
[90m[components/supervisor:app] [0m    --- PASS: TestTaskManager/Null_environment_variable_is_treated_as_null (0.02s)
[90m[components/supervisor:app] [0m    --- PASS: TestTaskManager/Number_environment_variable_is_treated_as_number (0.01s)
[90m[components/supervisor:app] [0m=== RUN   TestGetTask
[90m[components/supervisor:app] [0m=== RUN   TestGetTask/prebuild
[90m[components/supervisor:app] [0m=== RUN   TestGetTask/from_prebuild
[90m[components/supervisor:app] [0m    tasks_test.go:303: unexpected getCommand() (-want +got):
[90m[components/supervisor:app] [0m        Â Â (
[90m[components/supervisor:app] [0m        Â Â 	"""
[90m[components/supervisor:app] [0m        -Â 	{
[90m[components/supervisor:app] [0m        +Â 	 HISTFILE=//cmd-0 history -r; {
[90m[components/supervisor:app] [0m        Â Â 	before
[90m[components/supervisor:app] [0m        Â Â 	} && {
[90m[components/supervisor:app] [0m        Â Â 	... // 4 identical lines
[90m[components/supervisor:app] [0m        Â Â 	"""
[90m[components/supervisor:app] [0m        Â Â )
[90m[components/supervisor:app] [0m=== RUN   TestGetTask/from_other
[90m[components/supervisor:app] [0m    tasks_test.go:303: unexpected getCommand() (-want +got):
[90m[components/supervisor:app] [0m        Â Â (
[90m[components/supervisor:app] [0m        Â Â 	"""
[90m[components/supervisor:app] [0m        -Â 	{
[90m[components/supervisor:app] [0m        +Â 	 HISTFILE=//cmd-0 history -r; {
[90m[components/supervisor:app] [0m        Â Â 	before
[90m[components/supervisor:app] [0m        Â Â 	} && {
[90m[components/supervisor:app] [0m        Â Â 	... // 4 identical lines
[90m[components/supervisor:app] [0m        Â Â 	"""
[90m[components/supervisor:app] [0m        Â Â )
[90m[components/supervisor:app] [0m=== RUN   TestGetTask/from_backup
[90m[components/supervisor:app] [0m    tasks_test.go:303: unexpected getCommand() (-want +got):
[90m[components/supervisor:app] [0m        Â Â (
[90m[components/supervisor:app] [0m        Â Â 	"""
[90m[components/supervisor:app] [0m        -Â 	{
[90m[components/supervisor:app] [0m        +Â 	 HISTFILE=//cmd-0 history -r; {
[90m[components/supervisor:app] [0m        Â Â 	before
[90m[components/supervisor:app] [0m        Â Â 	} && {
[90m[components/supervisor:app] [0m        Â Â 	... // 4 identical lines
[90m[components/supervisor:app] [0m        Â Â 	"""
[90m[components/supervisor:app] [0m        Â Â )
[90m[components/supervisor:app] [0m--- FAIL: TestGetTask (0.00s)
[90m[components/supervisor:app] [0m    --- PASS: TestGetTask/prebuild (0.00s)
[90m[components/supervisor:app] [0m    --- FAIL: TestGetTask/from_prebuild (0.00s)
[90m[components/supervisor:app] [0m    --- FAIL: TestGetTask/from_other (0.00s)
[90m[components/supervisor:app] [0m    --- FAIL: TestGetTask/from_backup (0.00s)
[90m[components/supervisor:app] [0m=== RUN   TestTaskSuccess
[90m[components/supervisor:app] [0m=== RUN   TestTaskSuccess/task_success
[90m[components/supervisor:app] [0m=== RUN   TestTaskSuccess/task_failed
[90m[components/supervisor:app] [0m=== RUN   TestTaskSuccess/task_composite_failed
[90m[components/supervisor:app] [0m--- PASS: TestTaskSuccess (0.00s)
[90m[components/supervisor:app] [0m    --- PASS: TestTaskSuccess/task_success (0.00s)
[90m[components/supervisor:app] [0m    --- PASS: TestTaskSuccess/task_failed (0.00s)
[90m[components/supervisor:app] [0m    --- PASS: TestTaskSuccess/task_composite_failed (0.00s)
[90m[components/supervisor:app] [0m=== RUN   TestTopServiceHappyPath
[90m[components/supervisor:app] [0mpanic: test timed out after 10m0s
[90m[components/supervisor:app] [0mrunning tests:
[90m[components/supervisor:app] [0m	TestTopServiceHappyPath (9m59s)
[90m[components/supervisor:app] [0m
[90m[components/supervisor:app] [0mgoroutine 218 [running]:
[90m[components/supervisor:app] [0mtesting.(*M).startAlarm.func1()
[90m[components/supervisor:app] [0m	/snap/go/current/src/testing/testing.go:2241 +0x3c5
[90m[components/supervisor:app] [0mcreated by time.goFunc
[90m[components/supervisor:app] [0m	/snap/go/current/src/time/sleep.go:176 +0x32
[90m[components/supervisor:app] [0m
[90m[components/supervisor:app] [0mgoroutine 1 [chan receive, 9 minutes]:
[90m[components/supervisor:app] [0mtesting.(*T).Run(0xc000586680, {0xebcebe?, 0x52f025?}, 0xf0cc38)
[90m[components/supervisor:app] [0m	/snap/go/current/src/testing/testing.go:1630 +0x405
[90m[components/supervisor:app] [0mtesting.runTests.func1(0x1677880?)
[90m[components/supervisor:app] [0m	/snap/go/current/src/testing/testing.go:2036 +0x45
[90m[components/supervisor:app] [0mtesting.tRunner(0xc000586680, 0xc0006bfc88)
[90m[components/supervisor:app] [0m	/snap/go/current/src/testing/testing.go:1576 +0x10b
[90m[components/supervisor:app] [0mtesting.runTests(0xc0000b3180?, {0x16628e0, 0xc, 0xc}, {0xc0000ecd48?, 0x100c0006bfd10?, 0x1676c60?})
[90m[components/supervisor:app] [0m	/snap/go/current/src/testing/testing.go:2034 +0x489
[90m[components/supervisor:app] [0mtesting.(*M).Run(0xc0000b3180)
[90m[components/supervisor:app] [0m	/snap/go/current/src/testing/testing.go:1906 +0x63a
[90m[components/supervisor:app] [0mmain.main()
[90m[components/supervisor:app] [0m	_testmain.go:69 +0x1aa
[90m[components/supervisor:app] [0m
[90m[components/supervisor:app] [0mgoroutine 10 [select, 10 minutes]:
[90m[components/supervisor:app] [0mgithub.com/desertbit/timer.timerRoutine()
[90m[components/supervisor:app] [0m	/root/go/pkg/mod/github.com/desertbit/timer@v0.0.0-20180107155436-c41aec40b27f/timers.go:119 +0xba
[90m[components/supervisor:app] [0mcreated by github.com/desertbit/timer.init.0
[90m[components/supervisor:app] [0m	/root/go/pkg/mod/github.com/desertbit/timer@v0.0.0-20180107155436-c41aec40b27f/timers.go:15 +0x25
[90m[components/supervisor:app] [0m
[90m[components/supervisor:app] [0mgoroutine 23 [select]:
[90m[components/supervisor:app] [0mgo.opencensus.io/stats/view.(*worker).start(0xc0002eb200)
[90m[components/supervisor:app] [0m	/root/go/pkg/mod/go.opencensus.io@v0.24.0/stats/view/worker.go:292 +0xad
[90m[components/supervisor:app] [0mcreated by go.opencensus.io/stats/view.init.0
[90m[components/supervisor:app] [0m	/root/go/pkg/mod/go.opencensus.io@v0.24.0/stats/view/worker.go:34 +0x96
[90m[components/supervisor:app] [0m
[90m[components/supervisor:app] [0mgoroutine 292 [chan receive, 9 minutes]:
[90m[components/supervisor:app] [0mgithub.com/gitpod-io/gitpod/supervisor/pkg/supervisor.TestTopServiceHappyPath(0xc000291380)
[90m[components/supervisor:app] [0m	/tmp/build/components-supervisor--app.e3d0eb79b5a05caaf03a415b02cdad3ab7bc0053/pkg/supervisor/top_test.go:28 +0xe5
[90m[components/supervisor:app] [0mtesting.tRunner(0xc000291380, 0xf0cc38)
[90m[components/supervisor:app] [0m	/snap/go/current/src/testing/testing.go:1576 +0x10b
[90m[components/supervisor:app] [0mcreated by testing.(*T).Run
[90m[components/supervisor:app] [0m	/snap/go/current/src/testing/testing.go:1629 +0x3ea
[90m[components/supervisor:app] [0m
[90m[components/supervisor:app] [0mgoroutine 293 [select]:
[90m[components/supervisor:app] [0mgithub.com/gitpod-io/gitpod/supervisor/pkg/supervisor.(*TopService).Observe.func1()
[90m[components/supervisor:app] [0m	/tmp/build/components-supervisor--app.e3d0eb79b5a05caaf03a415b02cdad3ab7bc0053/pkg/supervisor/top.go:65 +0x365
[90m[components/supervisor:app] [0mcreated by github.com/gitpod-io/gitpod/supervisor/pkg/supervisor.(*TopService).Observe
[90m[components/supervisor:app] [0m	/tmp/build/components-supervisor--app.e3d0eb79b5a05caaf03a415b02cdad3ab7bc0053/pkg/supervisor/top.go:52 +0x11b
[90m[components/supervisor:app] [0m
[90m[components/supervisor:app] [0mgoroutine 131 [IO wait, 10 minutes]:
[90m[components/supervisor:app] [0minternal/poll.runtime_pollWait(0x7f0bece58f08, 0x72)
[90m[components/supervisor:app] [0m	/snap/go/current/src/runtime/netpoll.go:306 +0x89
[90m[components/supervisor:app] [0minternal/poll.(*pollDesc).wait(0xc0002eb100?, 0x4?, 0x0)
[90m[components/supervisor:app] [0m	/snap/go/current/src/internal/poll/fd_poll_runtime.go:84 +0x32
[90m[components/supervisor:app] [0minternal/poll.(*pollDesc).waitRead(...)
[90m[components/supervisor:app] [0m	/snap/go/current/src/internal/poll/fd_poll_runtime.go:89
[90m[components/supervisor:app] [0minternal/poll.(*FD).Accept(0xc0002eb100)
[90m[components/supervisor:app] [0m	/snap/go/current/src/internal/poll/fd_unix.go:614 +0x2bd
[90m[components/supervisor:app] [0mnet.(*netFD).accept(0xc0002eb100)
[90m[components/supervisor:app] [0m	/snap/go/current/src/net/fd_unix.go:172 +0x35
[90m[components/supervisor:app] [0mnet.(*TCPListener).accept(0xc0000e48a0)
[90m[components/supervisor:app] [0m	/snap/go/current/src/net/tcpsock_posix.go:148 +0x25
[90m[components/supervisor:app] [0mnet.(*TCPListener).Accept(0xc0000e48a0)
[90m[components/supervisor:app] [0m	/snap/go/current/src/net/tcpsock.go:297 +0x3d
[90m[components/supervisor:app] [0mnet/http.(*Server).Serve(0xc000196000, {0xff1da0, 0xc0000e48a0})
[90m[components/supervisor:app] [0m	/snap/go/current/src/net/http/server.go:3059 +0x385
[90m[components/supervisor:app] [0mnet/http/httptest.(*Server).goServe.func1()
[90m[components/supervisor:app] [0m	/snap/go/current/src/net/http/httptest/server.go:310 +0x6a
[90m[components/supervisor:app] [0mcreated by net/http/httptest.(*Server).goServe
[90m[components/supervisor:app] [0m	/snap/go/current/src/net/http/httptest/server.go:308 +0x6a
[90m[components/supervisor:app] [0m
[90m[components/supervisor:app] [0mgoroutine 51 [select, 10 minutes]:
[90m[components/supervisor:app] [0mgithub.com/gitpod-io/gitpod/supervisor/pkg/supervisor.(*NotificationService).Notify(0xc00036a180, {0xff2800, 0xc000136000}, 0x0?)
[90m[components/supervisor:app] [0m	/tmp/build/components-supervisor--app.e3d0eb79b5a05caaf03a415b02cdad3ab7bc0053/pkg/supervisor/notification.go:94 +0x255
[90m[components/supervisor:app] [0mgithub.com/gitpod-io/gitpod/supervisor/pkg/supervisor.Test.func3.3()
[90m[components/supervisor:app] [0m	/tmp/build/components-supervisor--app.e3d0eb79b5a05caaf03a415b02cdad3ab7bc0053/pkg/supervisor/notification_test.go:136 +0xc5
[90m[components/supervisor:app] [0mcreated by github.com/gitpod-io/gitpod/supervisor/pkg/supervisor.Test.func3
[90m[components/supervisor:app] [0m	/tmp/build/components-supervisor--app.e3d0eb79b5a05caaf03a415b02cdad3ab7bc0053/pkg/supervisor/notification_test.go:135 +0x336
[90m[components/supervisor:app] [0m
[90m[components/supervisor:app] [0mgoroutine 137 [IO wait, 10 minutes]:
[90m[components/supervisor:app] [0minternal/poll.runtime_pollWait(0x7f0bece58c38, 0x72)
[90m[components/supervisor:app] [0m	/snap/go/current/src/runtime/netpoll.go:306 +0x89
[90m[components/supervisor:app] [0minternal/poll.(*pollDesc).wait(0xc0002eb480?, 0x4?, 0x0)
[90m[components/supervisor:app] [0m	/snap/go/current/src/internal/poll/fd_poll_runtime.go:84 +0x32
[90m[components/supervisor:app] [0minternal/poll.(*pollDesc).waitRead(...)
[90m[components/supervisor:app] [0m	/snap/go/current/src/internal/poll/fd_poll_runtime.go:89
[90m[components/supervisor:app] [0minternal/poll.(*FD).Accept(0xc0002eb480)
[90m[components/supervisor:app] [0m	/snap/go/current/src/internal/poll/fd_unix.go:614 +0x2bd
[90m[components/supervisor:app] [0mnet.(*netFD).accept(0xc0002eb480)
[90m[components/supervisor:app] [0m	/snap/go/current/src/net/fd_unix.go:172 +0x35
[90m[components/supervisor:app] [0mnet.(*TCPListener).accept(0xc0000e4a68)
[90m[components/supervisor:app] [0m	/snap/go/current/src/net/tcpsock_posix.go:148 +0x25
[90m[components/supervisor:app] [0mnet.(*TCPListener).Accept(0xc0000e4a68)
[90m[components/supervisor:app] [0m	/snap/go/current/src/net/tcpsock.go:297 +0x3d
[90m[components/supervisor:app] [0mnet/http.(*Server).Serve(0xc0001960f0, {0xff1da0, 0xc0000e4a68})
[90m[components/supervisor:app] [0m	/snap/go/current/src/net/http/server.go:3059 +0x385
[90m[components/supervisor:app] [0mnet/http/httptest.(*Server).goServe.func1()
[90m[components/supervisor:app] [0m	/snap/go/current/src/net/http/httptest/server.go:310 +0x6a
[90m[components/supervisor:app] [0mcreated by net/http/httptest.(*Server).goServe
[90m[components/supervisor:app] [0m	/snap/go/current/src/net/http/httptest/server.go:308 +0x6a
[90m[components/supervisor:app] [0mFAIL	github.com/gitpod-io/gitpod/supervisor/pkg/supervisor	600.034s
[90m[components/supervisor:app] [0m=== RUN   TestTitle
[90m[components/supervisor:app] [0m    terminal_test.go:25: skipping flakey tests
[90m[components/supervisor:app] [0m--- SKIP: TestTitle (0.00s)
[90m[components/supervisor:app] [0m=== RUN   TestAnnotations
[90m[components/supervisor:app] [0m=== RUN   TestAnnotations/no_annotations
[90m[components/supervisor:app] [0mtime="2023-05-12T06:40:17Z" level=info msg="started new terminal" alias=2fe36963-def1-44b4-b3fd-e0936d3be576 cmd=/bin/bash
[90m[components/supervisor:app] [0mtime="2023-05-12T06:40:17Z" level=info msg="closing terminal" alias=2fe36963-def1-44b4-b3fd-e0936d3be576
[90m[components/supervisor:app] [0m=== RUN   TestAnnotations/request_annotation
[90m[components/supervisor:app] [0mtime="2023-05-12T06:40:17Z" level=info msg="started new terminal" alias=7ea439c9-f813-44f2-9a56-2e290d621abe cmd=/bin/bash
[90m[components/supervisor:app] [0mtime="2023-05-12T06:40:17Z" level=info msg="closing terminal" alias=7ea439c9-f813-44f2-9a56-2e290d621abe
[90m[components/supervisor:app] [0m=== RUN   TestAnnotations/option_annotation
[90m[components/supervisor:app] [0mtime="2023-05-12T06:40:17Z" level=info msg="started new terminal" alias=d963dfd8-2c9a-4f89-b8f0-7913ceac9dfb cmd=/bin/bash
[90m[components/supervisor:app] [0mtime="2023-05-12T06:40:17Z" level=info msg="closing terminal" alias=d963dfd8-2c9a-4f89-b8f0-7913ceac9dfb
[90m[components/supervisor:app] [0m--- PASS: TestAnnotations (0.00s)
[90m[components/supervisor:app] [0m    --- PASS: TestAnnotations/no_annotations (0.00s)
[90m[components/supervisor:app] [0m    --- PASS: TestAnnotations/request_annotation (0.00s)
[90m[components/supervisor:app] [0m    --- PASS: TestAnnotations/option_annotation (0.00s)
[90m[components/supervisor:app] [0m=== RUN   TestTerminals
[90m[components/supervisor:app] [0m=== RUN   TestTerminals/recorded_output_should_be_equals_read_output
[90m[components/supervisor:app] [0mtime="2023-05-12T06:40:17Z" level=info msg="started new terminal" alias=614b036f-1125-47b8-87e1-2dea0a9a6e29 cmd=/bin/bash
[90m[components/supervisor:app] [0mtime="2023-05-12T06:40:18Z" level=info msg="closing terminal" alias=614b036f-1125-47b8-87e1-2dea0a9a6e29
[90m[components/supervisor:app] [0m--- PASS: TestTerminals (0.50s)
[90m[components/supervisor:app] [0m    --- PASS: TestTerminals/recorded_output_should_be_equals_read_output (0.50s)
[90m[components/supervisor:app] [0m=== RUN   TestConcurrent
[90m[components/supervisor:app] [0mtime="2023-05-12T06:40:18Z" level=info msg="started new terminal" alias=340a718a-1131-47bb-816b-b4aedb1c9e58 cmd=/bin/bash
[90m[components/supervisor:app] [0mtime="2023-05-12T06:40:18Z" level=info msg="started new terminal" alias=6902b868-218b-4343-9a59-5fd22433eefe cmd=/bin/bash
[90m[components/supervisor:app] [0mtime="2023-05-12T06:40:18Z" level=info msg="closing terminal" alias=6902b868-218b-4343-9a59-5fd22433eefe
[90m[components/supervisor:app] [0mtime="2023-05-12T06:40:18Z" level=info msg="closing terminal" alias=340a718a-1131-47bb-816b-b4aedb1c9e58
[90m[components/supervisor:app] [0m--- PASS: TestConcurrent (0.05s)
[90m[components/supervisor:app] [0m=== RUN   TestWorkDirProvider
[90m[components/supervisor:app] [0mtime="2023-05-12T06:40:18Z" level=info msg="started new terminal" alias=d364b1b0-b18b-4fb2-b2ca-820113984360 cmd=/bin/bash
[90m[components/supervisor:app] [0mtime="2023-05-12T06:40:18Z" level=info msg="closing terminal" alias=d364b1b0-b18b-4fb2-b2ca-820113984360
[90m[components/supervisor:app] [0mtime="2023-05-12T06:40:18Z" level=warning msg="Error while closing pseudo-terminal" alias=d364b1b0-b18b-4fb2-b2ca-820113984360 error="Process: cannot terminate process: wait: no child processes"
[90m[components/supervisor:app] [0mtime="2023-05-12T06:40:18Z" level=info msg="started new terminal" alias=01239bbd-1d65-4661-a017-da96296fb6e2 cmd=/bin/bash
[90m[components/supervisor:app] [0mtime="2023-05-12T06:40:18Z" level=info msg="closing terminal" alias=01239bbd-1d65-4661-a017-da96296fb6e2
[90m[components/supervisor:app] [0mtime="2023-05-12T06:40:18Z" level=warning msg="Error while closing pseudo-terminal" alias=01239bbd-1d65-4661-a017-da96296fb6e2 error="Process: cannot terminate process: waitid: no child processes"
[90m[components/supervisor:app] [0mtime="2023-05-12T06:40:18Z" level=info msg="started new terminal" alias=7c0ce8c5-3ea2-44b3-b2f6-e10c494a74e8 cmd=/bin/bash
[90m[components/supervisor:app] [0mtime="2023-05-12T06:40:18Z" level=info msg="closing terminal" alias=7c0ce8c5-3ea2-44b3-b2f6-e10c494a74e8
[90m[components/supervisor:app] [0mtime="2023-05-12T06:40:18Z" level=info msg="started new terminal" alias=4f672060-ea13-4377-8648-5d0111117d93 cmd=/bin/bash
[90m[components/supervisor:app] [0mtime="2023-05-12T06:40:18Z" level=info msg="closing terminal" alias=4f672060-ea13-4377-8648-5d0111117d93
[90m[components/supervisor:app] [0m--- PASS: TestWorkDirProvider (0.04s)
[90m[components/supervisor:app] [0mPASS
[90m[components/supervisor:app] [0mok  	github.com/gitpod-io/gitpod/supervisor/pkg/terminal	(cached)
[90m[components/supervisor:app] [0mFAIL
[90m[components/supervisor:app] [0m[0;31mpackage build failed[0m
[90m[components/supervisor:app] [0m[1;37mReason:[0m exit status 1
[0;31mbuild failed[0m
[1;37mReason:[0m build failed
time="2023-05-12T10:11:16Z" level=fatal msg="build failed"
leeway build components/usage:docker -Dversion=20230512
[32mðŸ“¦  cached locally[0m  components/common-go:lib               [90m(version d2afc756bfcf06513bbc04430c1cffbe52f340fe)[0m
[32mðŸ“¦  cached locally[0m  components/content-service-api/go:lib  [90m(version 96c22b2ddc7509c580fb952baff56c3a8bfd632d)[0m
[32mðŸ“¦  cached locally[0m  components/gitpod-db/go:lib            [90m(version 12c9bb03a795a281f7df6d07fee587c086a98768)[0m
[32mðŸ“¦  cached locally[0m  components/public-api/go:lib           [90m(version b712341e954abd3f84889ea36df9a2db0692df85)[0m
[32mðŸ“¦  cached locally[0m  components/usage-api/go:lib            [90m(version 61aa561824acf253afc000ea3a045358408481cf)[0m
[33mðŸ”§  build[0m           components/usage:app                   [90m(version e1f3099e39cd20ccc62fbf049f68dad56a7b4699)[0m
[33mðŸ”§  build[0m           components/usage:docker                [90m(version d8a55ae16c6175282b57c9daef7831c4363b0e73)[0m

[90m[components/usage:app] [0m[33mbuild started[0m [0;90m(version e1f3099e39cd20ccc62fbf049f68dad56a7b4699)[0m
[90m[components/usage:app] [0mlevel=error msg="[linters_context] typechecking error: pattern ./...: directory prefix . does not contain main module or its selected dependencies"
[90m[components/usage:app] [0m[0;31mpackage build failed[0m
[90m[components/usage:app] [0m[1;37mReason:[0m exit status 7
[0;31mbuild failed[0m
[1;37mReason:[0m build failed
time="2023-05-12T10:11:20Z" level=fatal msg="build failed"
leeway build components/workspace-rollout-job:docker -Dversion=20230512
[32mðŸ“¦  cached locally[0m  components/common-go:lib                  [90m(version d2afc756bfcf06513bbc04430c1cffbe52f340fe)[0m
[32mðŸ“¦  cached locally[0m  components/content-service-api/go:lib     [90m(version 96c22b2ddc7509c580fb952baff56c3a8bfd632d)[0m
[32mðŸ“¦  cached locally[0m  components/gitpod-protocol/go:lib         [90m(version 1fa3b26ccbc90832d264edf62bd3340753bb23f7)[0m
[32mðŸ“¦  cached locally[0m  components/gitpod-protocol:gitpod-schema  [90m(version 3832e8872d751eca5bd2028c5a907c6b266c75c3)[0m
[32mðŸ“¦  cached locally[0m  components/image-builder-api/go:lib       [90m(version f569f4c7ed2550ed9c4c7109c92f4e1ee0768739)[0m
[32mðŸ“¦  cached locally[0m  components/public-api/go:lib              [90m(version b712341e954abd3f84889ea36df9a2db0692df85)[0m
[32mðŸ“¦  cached locally[0m  components/registry-facade-api/go:lib     [90m(version 11d9730b48b27fad322e28b6a16b495e98e43527)[0m
[32mðŸ“¦  cached locally[0m  components/workspace-rollout-job:app      [90m(version 7b7001a2c507530b4136a9a3172e3880421d067d)[0m
[32mðŸ“¦  cached locally[0m  components/workspace-rollout-job:docker   [90m(version 127ba6fd60e03cd084c693e1fbfab4264bb4b417)[0m
[32mðŸ“¦  cached locally[0m  components/ws-daemon-api/go:lib           [90m(version 50668ec3ec5e31f546c2466c6eb5bd5cf37f52c6)[0m
[32mðŸ“¦  cached locally[0m  components/ws-manager-api/go:lib          [90m(version d89281deca1e97571505c1d2d858062eab5c5d01)[0m
[32mðŸ“¦  cached locally[0m  components/ws-manager-bridge-api/go:lib   [90m(version 3a91881febebb4e177f87cc2a0beb05da7fa3784)[0m
[32mðŸ“¦  cached locally[0m  dev/addlicense:app                        [90m(version c322ba901584f00744aef2db3f81d8d0e5c0512b)[0m
[32mðŸ“¦  cached locally[0m  dev/gpctl:lib                             [90m(version 079e92baeab1a971e3b5b0ac30a6ceb70160e2f5)[0m


[0;32mbuild succeded[0m
leeway build components/workspacekit:docker -Dversion=20230512
[32mðŸ“¦  cached locally[0m  components/common-go:lib                [90m(version d2afc756bfcf06513bbc04430c1cffbe52f340fe)[0m
[32mðŸ“¦  cached locally[0m  components/content-service-api/go:lib   [90m(version 96c22b2ddc7509c580fb952baff56c3a8bfd632d)[0m
[32mðŸ“¦  cached locally[0m  components/workspacekit:app             [90m(version e129e785075d67b3ea6d0ff333c1996ebe17cbe3)[0m
[32mðŸ“¦  cached locally[0m  components/workspacekit:docker          [90m(version d34db9a6ba62a4cb4b8c2cb919dff480fe291333)[0m
[32mðŸ“¦  cached locally[0m  components/workspacekit:fuse-overlayfs  [90m(version 0e3a70acf6c077c42a8c9ddfb56310fea4fce7f6)[0m
[32mðŸ“¦  cached locally[0m  components/ws-daemon-api/go:lib         [90m(version 50668ec3ec5e31f546c2466c6eb5bd5cf37f52c6)[0m


[0;32mbuild succeded[0m
leeway build components/ws-daemon/seccomp-profile-installer:docker -Dversion=20230512
[32mðŸ“¦  cached locally[0m  components/ws-daemon/seccomp-profile-installer:app      [90m(version a43fb18e4fd284a225c3ca27c40c606a87e56b5d)[0m
[32mðŸ“¦  cached locally[0m  components/ws-daemon/seccomp-profile-installer:docker   [90m(version d315149795701d6b09aed65a760c2717616c9c62)[0m
[32mðŸ“¦  cached locally[0m  components/ws-daemon/seccomp-profile-installer:profile  [90m(version 9cab06d4d957c4a7d16a80e0edf95cb7d5fa19e9)[0m
[32mðŸ“¦  cached locally[0m  components/ws-manager:userns-test-fixtures              [90m(version 337c24db94051d44e9040782c9f60c379e6f349e)[0m


[0;32mbuild succeded[0m
leeway build components/ws-daemon:docker -Dversion=20230512
[32mðŸ“¦  cached locally[0m  components/common-go:lib                  [90m(version d2afc756bfcf06513bbc04430c1cffbe52f340fe)[0m
[32mðŸ“¦  cached locally[0m  components/content-service-api/go:lib     [90m(version 96c22b2ddc7509c580fb952baff56c3a8bfd632d)[0m
[32mðŸ“¦  cached locally[0m  components/content-service:lib            [90m(version b0cd0898613468d7c336a07949eab1a254208889)[0m
[32mðŸ“¦  cached locally[0m  components/ws-daemon-api/go:lib           [90m(version 50668ec3ec5e31f546c2466c6eb5bd5cf37f52c6)[0m
[32mðŸ“¦  cached locally[0m  components/ws-daemon/nsinsider:app        [90m(version d12268fa1f748b5cbc2389c20384fddfc8311db1)[0m
[32mðŸ“¦  cached locally[0m  components/ws-daemon:app                  [90m(version 12a1474cd62990545c235c3808be17329d6230f1)[0m
[32mðŸ“¦  cached locally[0m  components/ws-daemon:content-initializer  [90m(version c806f7cb10365aebe6a71178c51ef5a431a8ce26)[0m
[32mðŸ“¦  cached locally[0m  components/ws-daemon:docker               [90m(version 17c422dc67630f3a475daa21b4d3c73f67b8ca76)[0m
[32mðŸ“¦  cached locally[0m  components/ws-manager-api/go:lib          [90m(version d89281deca1e97571505c1d2d858062eab5c5d01)[0m


[0;32mbuild succeded[0m
leeway build components/ws-manager-bridge:docker -Dversion=20230512
[32mðŸ“¦  cached locally[0m  components/content-service-api/typescript:lib    [90m(version c71a29d0b6ae107f0aab9d73f018d87f6b7b8582)[0m
[32mðŸ“¦  cached locally[0m  components/gitpod-db:lib                         [90m(version 38d74d9aef02665fba03036289a3b12c241d21dd)[0m
[32mðŸ“¦  cached locally[0m  components/gitpod-messagebus:lib                 [90m(version c7668ac9d5b02ee05bd39f17054bba4dcbfdb780)[0m
[32mðŸ“¦  cached locally[0m  components/gitpod-protocol:lib                   [90m(version 6f50f84f6d574c1dae5f44fabf7fd3a6af9537d1)[0m
[32mðŸ“¦  cached locally[0m  components/ws-daemon-api/typescript:lib          [90m(version 45773cbd3b66077d489736c0b7ad4ba41905f3d9)[0m
[32mðŸ“¦  cached locally[0m  components/ws-manager-api/typescript:lib         [90m(version 3c407f78de6991d3fccfb6af70eb6bfda0bef644)[0m
[32mðŸ“¦  cached locally[0m  components/ws-manager-bridge-api/typescript:lib  [90m(version 9ec71ad36e08048edfa0b703cae362816d1dc962)[0m
[32mðŸ“¦  cached locally[0m  components/ws-manager-bridge:app                 [90m(version a6241738c536d6e300ed6202db55ca130203795d)[0m
[32mðŸ“¦  cached locally[0m  components/ws-manager-bridge:docker              [90m(version 3aa203c48c68fac2b5c8c0689fc34422b5548500)[0m


[0;32mbuild succeded[0m
leeway build components/ws-manager-mk2:docker -Dversion=20230512
[32mðŸ“¦  cached locally[0m  components/common-go:lib               [90m(version d2afc756bfcf06513bbc04430c1cffbe52f340fe)[0m
[32mðŸ“¦  cached locally[0m  components/content-service-api/go:lib  [90m(version 96c22b2ddc7509c580fb952baff56c3a8bfd632d)[0m
[32mðŸ“¦  cached locally[0m  components/content-service:lib         [90m(version b0cd0898613468d7c336a07949eab1a254208889)[0m
[32mðŸ“¦  cached locally[0m  components/image-builder-api/go:lib    [90m(version f569f4c7ed2550ed9c4c7109c92f4e1ee0768739)[0m
[32mðŸ“¦  cached locally[0m  components/registry-facade-api/go:lib  [90m(version 11d9730b48b27fad322e28b6a16b495e98e43527)[0m
[32mðŸ“¦  cached locally[0m  components/ws-manager-api/go:lib       [90m(version d89281deca1e97571505c1d2d858062eab5c5d01)[0m
[32mðŸ“¦  cached locally[0m  components/ws-manager-mk2:app          [90m(version c9b7870a8bd7b350b420da379badda94a841862a)[0m
[32mðŸ“¦  cached locally[0m  components/ws-manager-mk2:docker       [90m(version ea204b572b09d9983f233e6bbfa9acef7efb56ac)[0m


[0;32mbuild succeded[0m
leeway build components/ws-manager:docker -Dversion=20230512
[32mðŸ“¦  cached locally[0m  components/common-go:lib               [90m(version d2afc756bfcf06513bbc04430c1cffbe52f340fe)[0m
[32mðŸ“¦  cached locally[0m  components/content-service-api/go:lib  [90m(version 96c22b2ddc7509c580fb952baff56c3a8bfd632d)[0m
[32mðŸ“¦  cached locally[0m  components/content-service:lib         [90m(version b0cd0898613468d7c336a07949eab1a254208889)[0m
[32mðŸ“¦  cached locally[0m  components/image-builder-api/go:lib    [90m(version f569f4c7ed2550ed9c4c7109c92f4e1ee0768739)[0m
[32mðŸ“¦  cached locally[0m  components/registry-facade-api/go:lib  [90m(version 11d9730b48b27fad322e28b6a16b495e98e43527)[0m
[32mðŸ“¦  cached locally[0m  components/ws-daemon-api/go:lib        [90m(version 50668ec3ec5e31f546c2466c6eb5bd5cf37f52c6)[0m
[32mðŸ“¦  cached locally[0m  components/ws-manager-api/go:lib       [90m(version d89281deca1e97571505c1d2d858062eab5c5d01)[0m
[32mðŸ“¦  cached locally[0m  components/ws-manager:app              [90m(version 83418f4921a84792a474cfa3c1f75f73e2513bc6)[0m
[32mðŸ“¦  cached locally[0m  components/ws-manager:docker           [90m(version 48c678786153c9829a606e692827f0a905c8feb3)[0m


[0;32mbuild succeded[0m
leeway build components/ws-proxy:docker -Dversion=20230512
[32mðŸ“¦  cached locally[0m  components/common-go:lib               [90m(version d2afc756bfcf06513bbc04430c1cffbe52f340fe)[0m
[32mðŸ“¦  cached locally[0m  components/content-service-api/go:lib  [90m(version 96c22b2ddc7509c580fb952baff56c3a8bfd632d)[0m
[32mðŸ“¦  cached locally[0m  components/content-service:lib         [90m(version b0cd0898613468d7c336a07949eab1a254208889)[0m
[32mðŸ“¦  cached locally[0m  components/registry-facade-api/go:lib  [90m(version 11d9730b48b27fad322e28b6a16b495e98e43527)[0m
[32mðŸ“¦  cached locally[0m  components/supervisor-api/go:lib       [90m(version 6505b1a01e6e7b434713f4944dcab84b18d89b56)[0m
[32mðŸ“¦  cached locally[0m  components/ws-manager-api/go:lib       [90m(version d89281deca1e97571505c1d2d858062eab5c5d01)[0m
[32mðŸ“¦  cached locally[0m  components/ws-proxy:app                [90m(version c8f4bc5cbbab18d1e584cf5d292c8416f415e811)[0m
[32mðŸ“¦  cached locally[0m  components/ws-proxy:docker             [90m(version 6ec35aef52c54230b12e5655cd9d4427f3bf518b)[0m


[0;32mbuild succeded[0m
